[2023-10-18T14:54:02.091+0000] {processor.py:157} INFO - Started process (PID=54) to work on /home/airflow/.local/lib/python3.8/site-packages/airflow/example_dags/example_nested_branch_dag.py
[2023-10-18T14:54:02.103+0000] {processor.py:829} INFO - Processing file /home/airflow/.local/lib/python3.8/site-packages/airflow/example_dags/example_nested_branch_dag.py for tasks to queue
[2023-10-18T14:54:02.128+0000] {logging_mixin.py:151} INFO - [2023-10-18T14:54:02.128+0000] {dagbag.py:536} INFO - Filling up the DagBag from /home/airflow/.local/lib/python3.8/site-packages/airflow/example_dags/example_nested_branch_dag.py
[2023-10-18T14:54:02.149+0000] {processor.py:839} INFO - DAG(s) dict_keys(['example_nested_branch_dag']) retrieved from /home/airflow/.local/lib/python3.8/site-packages/airflow/example_dags/example_nested_branch_dag.py
[2023-10-18T14:54:02.195+0000] {logging_mixin.py:151} INFO - [2023-10-18T14:54:02.194+0000] {dag.py:2941} INFO - Sync 1 DAGs
[2023-10-18T14:54:02.242+0000] {logging_mixin.py:151} INFO - [2023-10-18T14:54:02.242+0000] {dag.py:3722} INFO - Setting next_dagrun for example_nested_branch_dag to 2023-10-17T00:00:00+00:00, run_after=2023-10-18T00:00:00+00:00
[2023-10-18T14:54:02.275+0000] {processor.py:179} INFO - Processing /home/airflow/.local/lib/python3.8/site-packages/airflow/example_dags/example_nested_branch_dag.py took 0.189 seconds
[2023-10-18T14:54:32.319+0000] {processor.py:157} INFO - Started process (PID=108) to work on /home/airflow/.local/lib/python3.8/site-packages/airflow/example_dags/example_nested_branch_dag.py
[2023-10-18T14:54:32.321+0000] {processor.py:829} INFO - Processing file /home/airflow/.local/lib/python3.8/site-packages/airflow/example_dags/example_nested_branch_dag.py for tasks to queue
[2023-10-18T14:54:32.324+0000] {logging_mixin.py:151} INFO - [2023-10-18T14:54:32.324+0000] {dagbag.py:536} INFO - Filling up the DagBag from /home/airflow/.local/lib/python3.8/site-packages/airflow/example_dags/example_nested_branch_dag.py
[2023-10-18T14:54:32.332+0000] {processor.py:839} INFO - DAG(s) dict_keys(['example_nested_branch_dag']) retrieved from /home/airflow/.local/lib/python3.8/site-packages/airflow/example_dags/example_nested_branch_dag.py
[2023-10-18T14:54:32.354+0000] {logging_mixin.py:151} INFO - [2023-10-18T14:54:32.354+0000] {dag.py:2941} INFO - Sync 1 DAGs
[2023-10-18T14:54:32.369+0000] {logging_mixin.py:151} INFO - [2023-10-18T14:54:32.369+0000] {dag.py:3722} INFO - Setting next_dagrun for example_nested_branch_dag to 2023-10-17T00:00:00+00:00, run_after=2023-10-18T00:00:00+00:00
[2023-10-18T14:54:32.383+0000] {processor.py:179} INFO - Processing /home/airflow/.local/lib/python3.8/site-packages/airflow/example_dags/example_nested_branch_dag.py took 0.068 seconds
[2023-10-18T14:55:02.897+0000] {processor.py:157} INFO - Started process (PID=162) to work on /home/airflow/.local/lib/python3.8/site-packages/airflow/example_dags/example_nested_branch_dag.py
[2023-10-18T14:55:02.899+0000] {processor.py:829} INFO - Processing file /home/airflow/.local/lib/python3.8/site-packages/airflow/example_dags/example_nested_branch_dag.py for tasks to queue
[2023-10-18T14:55:02.904+0000] {logging_mixin.py:151} INFO - [2023-10-18T14:55:02.903+0000] {dagbag.py:536} INFO - Filling up the DagBag from /home/airflow/.local/lib/python3.8/site-packages/airflow/example_dags/example_nested_branch_dag.py
[2023-10-18T14:55:02.913+0000] {processor.py:839} INFO - DAG(s) dict_keys(['example_nested_branch_dag']) retrieved from /home/airflow/.local/lib/python3.8/site-packages/airflow/example_dags/example_nested_branch_dag.py
[2023-10-18T14:55:02.937+0000] {logging_mixin.py:151} INFO - [2023-10-18T14:55:02.936+0000] {dag.py:2941} INFO - Sync 1 DAGs
[2023-10-18T14:55:02.952+0000] {logging_mixin.py:151} INFO - [2023-10-18T14:55:02.952+0000] {dag.py:3722} INFO - Setting next_dagrun for example_nested_branch_dag to 2023-10-17T00:00:00+00:00, run_after=2023-10-18T00:00:00+00:00
[2023-10-18T14:55:02.966+0000] {processor.py:179} INFO - Processing /home/airflow/.local/lib/python3.8/site-packages/airflow/example_dags/example_nested_branch_dag.py took 0.074 seconds
[2023-10-18T14:55:33.368+0000] {processor.py:157} INFO - Started process (PID=216) to work on /home/airflow/.local/lib/python3.8/site-packages/airflow/example_dags/example_nested_branch_dag.py
[2023-10-18T14:55:33.370+0000] {processor.py:829} INFO - Processing file /home/airflow/.local/lib/python3.8/site-packages/airflow/example_dags/example_nested_branch_dag.py for tasks to queue
[2023-10-18T14:55:33.373+0000] {logging_mixin.py:151} INFO - [2023-10-18T14:55:33.372+0000] {dagbag.py:536} INFO - Filling up the DagBag from /home/airflow/.local/lib/python3.8/site-packages/airflow/example_dags/example_nested_branch_dag.py
[2023-10-18T14:55:33.382+0000] {processor.py:839} INFO - DAG(s) dict_keys(['example_nested_branch_dag']) retrieved from /home/airflow/.local/lib/python3.8/site-packages/airflow/example_dags/example_nested_branch_dag.py
[2023-10-18T14:55:33.403+0000] {logging_mixin.py:151} INFO - [2023-10-18T14:55:33.403+0000] {dag.py:2941} INFO - Sync 1 DAGs
[2023-10-18T14:55:33.420+0000] {logging_mixin.py:151} INFO - [2023-10-18T14:55:33.420+0000] {dag.py:3722} INFO - Setting next_dagrun for example_nested_branch_dag to 2023-10-17T00:00:00+00:00, run_after=2023-10-18T00:00:00+00:00
[2023-10-18T14:55:33.436+0000] {processor.py:179} INFO - Processing /home/airflow/.local/lib/python3.8/site-packages/airflow/example_dags/example_nested_branch_dag.py took 0.071 seconds
[2023-10-18T14:56:04.150+0000] {processor.py:157} INFO - Started process (PID=270) to work on /home/airflow/.local/lib/python3.8/site-packages/airflow/example_dags/example_nested_branch_dag.py
[2023-10-18T14:56:04.152+0000] {processor.py:829} INFO - Processing file /home/airflow/.local/lib/python3.8/site-packages/airflow/example_dags/example_nested_branch_dag.py for tasks to queue
[2023-10-18T14:56:04.156+0000] {logging_mixin.py:151} INFO - [2023-10-18T14:56:04.155+0000] {dagbag.py:536} INFO - Filling up the DagBag from /home/airflow/.local/lib/python3.8/site-packages/airflow/example_dags/example_nested_branch_dag.py
[2023-10-18T14:56:04.168+0000] {processor.py:839} INFO - DAG(s) dict_keys(['example_nested_branch_dag']) retrieved from /home/airflow/.local/lib/python3.8/site-packages/airflow/example_dags/example_nested_branch_dag.py
[2023-10-18T14:56:04.193+0000] {logging_mixin.py:151} INFO - [2023-10-18T14:56:04.193+0000] {dag.py:2941} INFO - Sync 1 DAGs
[2023-10-18T14:56:04.208+0000] {logging_mixin.py:151} INFO - [2023-10-18T14:56:04.208+0000] {dag.py:3722} INFO - Setting next_dagrun for example_nested_branch_dag to 2023-10-17T00:00:00+00:00, run_after=2023-10-18T00:00:00+00:00
[2023-10-18T14:56:04.222+0000] {processor.py:179} INFO - Processing /home/airflow/.local/lib/python3.8/site-packages/airflow/example_dags/example_nested_branch_dag.py took 0.075 seconds
