[2023-10-18T14:54:00.761+0000] {processor.py:157} INFO - Started process (PID=47) to work on /home/airflow/.local/lib/python3.8/site-packages/airflow/example_dags/example_branch_operator_decorator.py
[2023-10-18T14:54:00.771+0000] {processor.py:829} INFO - Processing file /home/airflow/.local/lib/python3.8/site-packages/airflow/example_dags/example_branch_operator_decorator.py for tasks to queue
[2023-10-18T14:54:00.788+0000] {logging_mixin.py:151} INFO - [2023-10-18T14:54:00.788+0000] {dagbag.py:536} INFO - Filling up the DagBag from /home/airflow/.local/lib/python3.8/site-packages/airflow/example_dags/example_branch_operator_decorator.py
[2023-10-18T14:54:00.828+0000] {processor.py:839} INFO - DAG(s) dict_keys(['example_branch_python_operator_decorator']) retrieved from /home/airflow/.local/lib/python3.8/site-packages/airflow/example_dags/example_branch_operator_decorator.py
[2023-10-18T14:54:00.934+0000] {logging_mixin.py:151} INFO - [2023-10-18T14:54:00.934+0000] {dag.py:2941} INFO - Sync 1 DAGs
[2023-10-18T14:54:01.067+0000] {logging_mixin.py:151} INFO - [2023-10-18T14:54:01.067+0000] {dag.py:3722} INFO - Setting next_dagrun for example_branch_python_operator_decorator to 2023-10-17T00:00:00+00:00, run_after=2023-10-18T00:00:00+00:00
[2023-10-18T14:54:01.144+0000] {processor.py:179} INFO - Processing /home/airflow/.local/lib/python3.8/site-packages/airflow/example_dags/example_branch_operator_decorator.py took 0.406 seconds
[2023-10-18T14:54:31.681+0000] {processor.py:157} INFO - Started process (PID=101) to work on /home/airflow/.local/lib/python3.8/site-packages/airflow/example_dags/example_branch_operator_decorator.py
[2023-10-18T14:54:31.685+0000] {processor.py:829} INFO - Processing file /home/airflow/.local/lib/python3.8/site-packages/airflow/example_dags/example_branch_operator_decorator.py for tasks to queue
[2023-10-18T14:54:31.688+0000] {logging_mixin.py:151} INFO - [2023-10-18T14:54:31.687+0000] {dagbag.py:536} INFO - Filling up the DagBag from /home/airflow/.local/lib/python3.8/site-packages/airflow/example_dags/example_branch_operator_decorator.py
[2023-10-18T14:54:31.696+0000] {processor.py:839} INFO - DAG(s) dict_keys(['example_branch_python_operator_decorator']) retrieved from /home/airflow/.local/lib/python3.8/site-packages/airflow/example_dags/example_branch_operator_decorator.py
[2023-10-18T14:54:31.717+0000] {logging_mixin.py:151} INFO - [2023-10-18T14:54:31.717+0000] {dag.py:2941} INFO - Sync 1 DAGs
[2023-10-18T14:54:31.734+0000] {logging_mixin.py:151} INFO - [2023-10-18T14:54:31.733+0000] {dag.py:3722} INFO - Setting next_dagrun for example_branch_python_operator_decorator to 2023-10-17T00:00:00+00:00, run_after=2023-10-18T00:00:00+00:00
[2023-10-18T14:54:31.746+0000] {processor.py:179} INFO - Processing /home/airflow/.local/lib/python3.8/site-packages/airflow/example_dags/example_branch_operator_decorator.py took 0.068 seconds
[2023-10-18T14:55:02.482+0000] {processor.py:157} INFO - Started process (PID=155) to work on /home/airflow/.local/lib/python3.8/site-packages/airflow/example_dags/example_branch_operator_decorator.py
[2023-10-18T14:55:02.484+0000] {processor.py:829} INFO - Processing file /home/airflow/.local/lib/python3.8/site-packages/airflow/example_dags/example_branch_operator_decorator.py for tasks to queue
[2023-10-18T14:55:02.488+0000] {logging_mixin.py:151} INFO - [2023-10-18T14:55:02.487+0000] {dagbag.py:536} INFO - Filling up the DagBag from /home/airflow/.local/lib/python3.8/site-packages/airflow/example_dags/example_branch_operator_decorator.py
[2023-10-18T14:55:02.501+0000] {processor.py:839} INFO - DAG(s) dict_keys(['example_branch_python_operator_decorator']) retrieved from /home/airflow/.local/lib/python3.8/site-packages/airflow/example_dags/example_branch_operator_decorator.py
[2023-10-18T14:55:02.523+0000] {logging_mixin.py:151} INFO - [2023-10-18T14:55:02.523+0000] {dag.py:2941} INFO - Sync 1 DAGs
[2023-10-18T14:55:02.538+0000] {logging_mixin.py:151} INFO - [2023-10-18T14:55:02.538+0000] {dag.py:3722} INFO - Setting next_dagrun for example_branch_python_operator_decorator to 2023-10-17T00:00:00+00:00, run_after=2023-10-18T00:00:00+00:00
[2023-10-18T14:55:02.552+0000] {processor.py:179} INFO - Processing /home/airflow/.local/lib/python3.8/site-packages/airflow/example_dags/example_branch_operator_decorator.py took 0.073 seconds
[2023-10-18T14:55:32.947+0000] {processor.py:157} INFO - Started process (PID=209) to work on /home/airflow/.local/lib/python3.8/site-packages/airflow/example_dags/example_branch_operator_decorator.py
[2023-10-18T14:55:32.949+0000] {processor.py:829} INFO - Processing file /home/airflow/.local/lib/python3.8/site-packages/airflow/example_dags/example_branch_operator_decorator.py for tasks to queue
[2023-10-18T14:55:32.953+0000] {logging_mixin.py:151} INFO - [2023-10-18T14:55:32.952+0000] {dagbag.py:536} INFO - Filling up the DagBag from /home/airflow/.local/lib/python3.8/site-packages/airflow/example_dags/example_branch_operator_decorator.py
[2023-10-18T14:55:32.961+0000] {processor.py:839} INFO - DAG(s) dict_keys(['example_branch_python_operator_decorator']) retrieved from /home/airflow/.local/lib/python3.8/site-packages/airflow/example_dags/example_branch_operator_decorator.py
[2023-10-18T14:55:32.984+0000] {logging_mixin.py:151} INFO - [2023-10-18T14:55:32.984+0000] {dag.py:2941} INFO - Sync 1 DAGs
[2023-10-18T14:55:33.000+0000] {logging_mixin.py:151} INFO - [2023-10-18T14:55:33.000+0000] {dag.py:3722} INFO - Setting next_dagrun for example_branch_python_operator_decorator to 2023-10-17T00:00:00+00:00, run_after=2023-10-18T00:00:00+00:00
[2023-10-18T14:55:33.012+0000] {processor.py:179} INFO - Processing /home/airflow/.local/lib/python3.8/site-packages/airflow/example_dags/example_branch_operator_decorator.py took 0.068 seconds
[2023-10-18T14:56:03.637+0000] {processor.py:157} INFO - Started process (PID=263) to work on /home/airflow/.local/lib/python3.8/site-packages/airflow/example_dags/example_branch_operator_decorator.py
[2023-10-18T14:56:03.642+0000] {processor.py:829} INFO - Processing file /home/airflow/.local/lib/python3.8/site-packages/airflow/example_dags/example_branch_operator_decorator.py for tasks to queue
[2023-10-18T14:56:03.645+0000] {logging_mixin.py:151} INFO - [2023-10-18T14:56:03.645+0000] {dagbag.py:536} INFO - Filling up the DagBag from /home/airflow/.local/lib/python3.8/site-packages/airflow/example_dags/example_branch_operator_decorator.py
[2023-10-18T14:56:03.655+0000] {processor.py:839} INFO - DAG(s) dict_keys(['example_branch_python_operator_decorator']) retrieved from /home/airflow/.local/lib/python3.8/site-packages/airflow/example_dags/example_branch_operator_decorator.py
[2023-10-18T14:56:03.681+0000] {logging_mixin.py:151} INFO - [2023-10-18T14:56:03.681+0000] {dag.py:2941} INFO - Sync 1 DAGs
[2023-10-18T14:56:03.702+0000] {logging_mixin.py:151} INFO - [2023-10-18T14:56:03.702+0000] {dag.py:3722} INFO - Setting next_dagrun for example_branch_python_operator_decorator to 2023-10-17T00:00:00+00:00, run_after=2023-10-18T00:00:00+00:00
[2023-10-18T14:56:03.747+0000] {processor.py:179} INFO - Processing /home/airflow/.local/lib/python3.8/site-packages/airflow/example_dags/example_branch_operator_decorator.py took 0.113 seconds
