[2023-10-18T14:54:01.666+0000] {processor.py:157} INFO - Started process (PID=51) to work on /home/airflow/.local/lib/python3.8/site-packages/airflow/example_dags/example_setup_teardown_taskflow.py
[2023-10-18T14:54:01.673+0000] {processor.py:829} INFO - Processing file /home/airflow/.local/lib/python3.8/site-packages/airflow/example_dags/example_setup_teardown_taskflow.py for tasks to queue
[2023-10-18T14:54:01.687+0000] {logging_mixin.py:151} INFO - [2023-10-18T14:54:01.686+0000] {dagbag.py:536} INFO - Filling up the DagBag from /home/airflow/.local/lib/python3.8/site-packages/airflow/example_dags/example_setup_teardown_taskflow.py
[2023-10-18T14:54:01.715+0000] {processor.py:839} INFO - DAG(s) dict_keys(['example_setup_teardown_taskflow']) retrieved from /home/airflow/.local/lib/python3.8/site-packages/airflow/example_dags/example_setup_teardown_taskflow.py
[2023-10-18T14:54:01.741+0000] {logging_mixin.py:151} INFO - [2023-10-18T14:54:01.740+0000] {dag.py:2941} INFO - Sync 1 DAGs
[2023-10-18T14:54:01.795+0000] {logging_mixin.py:151} INFO - [2023-10-18T14:54:01.795+0000] {dag.py:3722} INFO - Setting next_dagrun for example_setup_teardown_taskflow to 2023-10-17T14:54:01.794843+00:00, run_after=2023-10-18T14:54:01.794843+00:00
[2023-10-18T14:54:01.885+0000] {processor.py:179} INFO - Processing /home/airflow/.local/lib/python3.8/site-packages/airflow/example_dags/example_setup_teardown_taskflow.py took 0.245 seconds
[2023-10-18T14:54:32.004+0000] {processor.py:157} INFO - Started process (PID=105) to work on /home/airflow/.local/lib/python3.8/site-packages/airflow/example_dags/example_setup_teardown_taskflow.py
[2023-10-18T14:54:32.007+0000] {processor.py:829} INFO - Processing file /home/airflow/.local/lib/python3.8/site-packages/airflow/example_dags/example_setup_teardown_taskflow.py for tasks to queue
[2023-10-18T14:54:32.010+0000] {logging_mixin.py:151} INFO - [2023-10-18T14:54:32.010+0000] {dagbag.py:536} INFO - Filling up the DagBag from /home/airflow/.local/lib/python3.8/site-packages/airflow/example_dags/example_setup_teardown_taskflow.py
[2023-10-18T14:54:32.018+0000] {processor.py:839} INFO - DAG(s) dict_keys(['example_setup_teardown_taskflow']) retrieved from /home/airflow/.local/lib/python3.8/site-packages/airflow/example_dags/example_setup_teardown_taskflow.py
[2023-10-18T14:54:32.044+0000] {logging_mixin.py:151} INFO - [2023-10-18T14:54:32.043+0000] {dag.py:2941} INFO - Sync 1 DAGs
[2023-10-18T14:54:32.062+0000] {logging_mixin.py:151} INFO - [2023-10-18T14:54:32.061+0000] {dag.py:3722} INFO - Setting next_dagrun for example_setup_teardown_taskflow to 2023-10-17T14:54:32.061755+00:00, run_after=2023-10-18T14:54:32.061755+00:00
[2023-10-18T14:54:32.076+0000] {processor.py:179} INFO - Processing /home/airflow/.local/lib/python3.8/site-packages/airflow/example_dags/example_setup_teardown_taskflow.py took 0.075 seconds
[2023-10-18T14:55:02.705+0000] {processor.py:157} INFO - Started process (PID=159) to work on /home/airflow/.local/lib/python3.8/site-packages/airflow/example_dags/example_setup_teardown_taskflow.py
[2023-10-18T14:55:02.708+0000] {processor.py:829} INFO - Processing file /home/airflow/.local/lib/python3.8/site-packages/airflow/example_dags/example_setup_teardown_taskflow.py for tasks to queue
[2023-10-18T14:55:02.710+0000] {logging_mixin.py:151} INFO - [2023-10-18T14:55:02.710+0000] {dagbag.py:536} INFO - Filling up the DagBag from /home/airflow/.local/lib/python3.8/site-packages/airflow/example_dags/example_setup_teardown_taskflow.py
[2023-10-18T14:55:02.718+0000] {processor.py:839} INFO - DAG(s) dict_keys(['example_setup_teardown_taskflow']) retrieved from /home/airflow/.local/lib/python3.8/site-packages/airflow/example_dags/example_setup_teardown_taskflow.py
[2023-10-18T14:55:02.739+0000] {logging_mixin.py:151} INFO - [2023-10-18T14:55:02.739+0000] {dag.py:2941} INFO - Sync 1 DAGs
[2023-10-18T14:55:02.760+0000] {logging_mixin.py:151} INFO - [2023-10-18T14:55:02.760+0000] {dag.py:3722} INFO - Setting next_dagrun for example_setup_teardown_taskflow to 2023-10-17T14:55:02.760305+00:00, run_after=2023-10-18T14:55:02.760305+00:00
[2023-10-18T14:55:02.779+0000] {processor.py:179} INFO - Processing /home/airflow/.local/lib/python3.8/site-packages/airflow/example_dags/example_setup_teardown_taskflow.py took 0.077 seconds
[2023-10-18T14:55:33.175+0000] {processor.py:157} INFO - Started process (PID=213) to work on /home/airflow/.local/lib/python3.8/site-packages/airflow/example_dags/example_setup_teardown_taskflow.py
[2023-10-18T14:55:33.176+0000] {processor.py:829} INFO - Processing file /home/airflow/.local/lib/python3.8/site-packages/airflow/example_dags/example_setup_teardown_taskflow.py for tasks to queue
[2023-10-18T14:55:33.180+0000] {logging_mixin.py:151} INFO - [2023-10-18T14:55:33.180+0000] {dagbag.py:536} INFO - Filling up the DagBag from /home/airflow/.local/lib/python3.8/site-packages/airflow/example_dags/example_setup_teardown_taskflow.py
[2023-10-18T14:55:33.188+0000] {processor.py:839} INFO - DAG(s) dict_keys(['example_setup_teardown_taskflow']) retrieved from /home/airflow/.local/lib/python3.8/site-packages/airflow/example_dags/example_setup_teardown_taskflow.py
[2023-10-18T14:55:33.211+0000] {logging_mixin.py:151} INFO - [2023-10-18T14:55:33.211+0000] {dag.py:2941} INFO - Sync 1 DAGs
[2023-10-18T14:55:33.228+0000] {logging_mixin.py:151} INFO - [2023-10-18T14:55:33.228+0000] {dag.py:3722} INFO - Setting next_dagrun for example_setup_teardown_taskflow to 2023-10-17T14:55:33.228495+00:00, run_after=2023-10-18T14:55:33.228495+00:00
[2023-10-18T14:55:33.245+0000] {processor.py:179} INFO - Processing /home/airflow/.local/lib/python3.8/site-packages/airflow/example_dags/example_setup_teardown_taskflow.py took 0.074 seconds
[2023-10-18T14:56:03.929+0000] {processor.py:157} INFO - Started process (PID=267) to work on /home/airflow/.local/lib/python3.8/site-packages/airflow/example_dags/example_setup_teardown_taskflow.py
[2023-10-18T14:56:03.933+0000] {processor.py:829} INFO - Processing file /home/airflow/.local/lib/python3.8/site-packages/airflow/example_dags/example_setup_teardown_taskflow.py for tasks to queue
[2023-10-18T14:56:03.937+0000] {logging_mixin.py:151} INFO - [2023-10-18T14:56:03.937+0000] {dagbag.py:536} INFO - Filling up the DagBag from /home/airflow/.local/lib/python3.8/site-packages/airflow/example_dags/example_setup_teardown_taskflow.py
[2023-10-18T14:56:03.946+0000] {processor.py:839} INFO - DAG(s) dict_keys(['example_setup_teardown_taskflow']) retrieved from /home/airflow/.local/lib/python3.8/site-packages/airflow/example_dags/example_setup_teardown_taskflow.py
[2023-10-18T14:56:03.968+0000] {logging_mixin.py:151} INFO - [2023-10-18T14:56:03.968+0000] {dag.py:2941} INFO - Sync 1 DAGs
[2023-10-18T14:56:03.984+0000] {logging_mixin.py:151} INFO - [2023-10-18T14:56:03.984+0000] {dag.py:3722} INFO - Setting next_dagrun for example_setup_teardown_taskflow to 2023-10-17T14:56:03.984370+00:00, run_after=2023-10-18T14:56:03.984370+00:00
[2023-10-18T14:56:03.997+0000] {processor.py:179} INFO - Processing /home/airflow/.local/lib/python3.8/site-packages/airflow/example_dags/example_setup_teardown_taskflow.py took 0.071 seconds
