[2023-10-18T14:54:03.319+0000] {processor.py:157} INFO - Started process (PID=64) to work on /home/airflow/.local/lib/python3.8/site-packages/airflow/example_dags/example_sla_dag.py
[2023-10-18T14:54:03.325+0000] {processor.py:829} INFO - Processing file /home/airflow/.local/lib/python3.8/site-packages/airflow/example_dags/example_sla_dag.py for tasks to queue
[2023-10-18T14:54:03.333+0000] {logging_mixin.py:151} INFO - [2023-10-18T14:54:03.331+0000] {dagbag.py:536} INFO - Filling up the DagBag from /home/airflow/.local/lib/python3.8/site-packages/airflow/example_dags/example_sla_dag.py
[2023-10-18T14:54:03.358+0000] {processor.py:839} INFO - DAG(s) dict_keys(['example_sla_dag']) retrieved from /home/airflow/.local/lib/python3.8/site-packages/airflow/example_dags/example_sla_dag.py
[2023-10-18T14:54:03.387+0000] {logging_mixin.py:151} INFO - [2023-10-18T14:54:03.386+0000] {dag.py:2941} INFO - Sync 1 DAGs
[2023-10-18T14:54:03.424+0000] {logging_mixin.py:151} INFO - [2023-10-18T14:54:03.424+0000] {dag.py:3722} INFO - Setting next_dagrun for example_sla_dag to 2023-10-18T14:52:00+00:00, run_after=2023-10-18T14:54:00+00:00
[2023-10-18T14:54:03.442+0000] {processor.py:179} INFO - Processing /home/airflow/.local/lib/python3.8/site-packages/airflow/example_dags/example_sla_dag.py took 0.138 seconds
[2023-10-18T14:54:34.059+0000] {processor.py:157} INFO - Started process (PID=118) to work on /home/airflow/.local/lib/python3.8/site-packages/airflow/example_dags/example_sla_dag.py
[2023-10-18T14:54:34.064+0000] {processor.py:829} INFO - Processing file /home/airflow/.local/lib/python3.8/site-packages/airflow/example_dags/example_sla_dag.py for tasks to queue
[2023-10-18T14:54:34.070+0000] {logging_mixin.py:151} INFO - [2023-10-18T14:54:34.069+0000] {dagbag.py:536} INFO - Filling up the DagBag from /home/airflow/.local/lib/python3.8/site-packages/airflow/example_dags/example_sla_dag.py
[2023-10-18T14:54:34.085+0000] {processor.py:839} INFO - DAG(s) dict_keys(['example_sla_dag']) retrieved from /home/airflow/.local/lib/python3.8/site-packages/airflow/example_dags/example_sla_dag.py
[2023-10-18T14:54:34.118+0000] {logging_mixin.py:151} INFO - [2023-10-18T14:54:34.118+0000] {dag.py:2941} INFO - Sync 1 DAGs
[2023-10-18T14:54:34.140+0000] {logging_mixin.py:151} INFO - [2023-10-18T14:54:34.140+0000] {dag.py:3722} INFO - Setting next_dagrun for example_sla_dag to 2023-10-18T14:52:00+00:00, run_after=2023-10-18T14:54:00+00:00
[2023-10-18T14:54:34.156+0000] {processor.py:179} INFO - Processing /home/airflow/.local/lib/python3.8/site-packages/airflow/example_dags/example_sla_dag.py took 0.107 seconds
[2023-10-18T14:55:04.510+0000] {processor.py:157} INFO - Started process (PID=172) to work on /home/airflow/.local/lib/python3.8/site-packages/airflow/example_dags/example_sla_dag.py
[2023-10-18T14:55:04.513+0000] {processor.py:829} INFO - Processing file /home/airflow/.local/lib/python3.8/site-packages/airflow/example_dags/example_sla_dag.py for tasks to queue
[2023-10-18T14:55:04.516+0000] {logging_mixin.py:151} INFO - [2023-10-18T14:55:04.516+0000] {dagbag.py:536} INFO - Filling up the DagBag from /home/airflow/.local/lib/python3.8/site-packages/airflow/example_dags/example_sla_dag.py
[2023-10-18T14:55:04.524+0000] {processor.py:839} INFO - DAG(s) dict_keys(['example_sla_dag']) retrieved from /home/airflow/.local/lib/python3.8/site-packages/airflow/example_dags/example_sla_dag.py
[2023-10-18T14:55:04.546+0000] {logging_mixin.py:151} INFO - [2023-10-18T14:55:04.546+0000] {dag.py:2941} INFO - Sync 1 DAGs
[2023-10-18T14:55:04.564+0000] {logging_mixin.py:151} INFO - [2023-10-18T14:55:04.564+0000] {dag.py:3722} INFO - Setting next_dagrun for example_sla_dag to 2023-10-18T14:52:00+00:00, run_after=2023-10-18T14:54:00+00:00
[2023-10-18T14:55:04.578+0000] {processor.py:179} INFO - Processing /home/airflow/.local/lib/python3.8/site-packages/airflow/example_dags/example_sla_dag.py took 0.071 seconds
[2023-10-18T14:55:35.268+0000] {processor.py:157} INFO - Started process (PID=226) to work on /home/airflow/.local/lib/python3.8/site-packages/airflow/example_dags/example_sla_dag.py
[2023-10-18T14:55:35.272+0000] {processor.py:829} INFO - Processing file /home/airflow/.local/lib/python3.8/site-packages/airflow/example_dags/example_sla_dag.py for tasks to queue
[2023-10-18T14:55:35.276+0000] {logging_mixin.py:151} INFO - [2023-10-18T14:55:35.275+0000] {dagbag.py:536} INFO - Filling up the DagBag from /home/airflow/.local/lib/python3.8/site-packages/airflow/example_dags/example_sla_dag.py
[2023-10-18T14:55:35.287+0000] {processor.py:839} INFO - DAG(s) dict_keys(['example_sla_dag']) retrieved from /home/airflow/.local/lib/python3.8/site-packages/airflow/example_dags/example_sla_dag.py
[2023-10-18T14:55:35.311+0000] {logging_mixin.py:151} INFO - [2023-10-18T14:55:35.311+0000] {dag.py:2941} INFO - Sync 1 DAGs
[2023-10-18T14:55:35.328+0000] {logging_mixin.py:151} INFO - [2023-10-18T14:55:35.328+0000] {dag.py:3722} INFO - Setting next_dagrun for example_sla_dag to 2023-10-18T14:52:00+00:00, run_after=2023-10-18T14:54:00+00:00
[2023-10-18T14:55:35.343+0000] {processor.py:179} INFO - Processing /home/airflow/.local/lib/python3.8/site-packages/airflow/example_dags/example_sla_dag.py took 0.078 seconds
[2023-10-18T14:56:05.949+0000] {processor.py:157} INFO - Started process (PID=280) to work on /home/airflow/.local/lib/python3.8/site-packages/airflow/example_dags/example_sla_dag.py
[2023-10-18T14:56:05.953+0000] {processor.py:829} INFO - Processing file /home/airflow/.local/lib/python3.8/site-packages/airflow/example_dags/example_sla_dag.py for tasks to queue
[2023-10-18T14:56:05.957+0000] {logging_mixin.py:151} INFO - [2023-10-18T14:56:05.956+0000] {dagbag.py:536} INFO - Filling up the DagBag from /home/airflow/.local/lib/python3.8/site-packages/airflow/example_dags/example_sla_dag.py
[2023-10-18T14:56:05.969+0000] {processor.py:839} INFO - DAG(s) dict_keys(['example_sla_dag']) retrieved from /home/airflow/.local/lib/python3.8/site-packages/airflow/example_dags/example_sla_dag.py
[2023-10-18T14:56:05.999+0000] {logging_mixin.py:151} INFO - [2023-10-18T14:56:05.999+0000] {dag.py:2941} INFO - Sync 1 DAGs
[2023-10-18T14:56:06.028+0000] {logging_mixin.py:151} INFO - [2023-10-18T14:56:06.027+0000] {dag.py:3722} INFO - Setting next_dagrun for example_sla_dag to 2023-10-18T14:54:00+00:00, run_after=2023-10-18T14:56:00+00:00
[2023-10-18T14:56:06.047+0000] {processor.py:179} INFO - Processing /home/airflow/.local/lib/python3.8/site-packages/airflow/example_dags/example_sla_dag.py took 0.102 seconds
