[2023-10-18T14:53:59.505+0000] {processor.py:157} INFO - Started process (PID=40) to work on /home/airflow/.local/lib/python3.8/site-packages/airflow/example_dags/example_task_group_decorator.py
[2023-10-18T14:53:59.508+0000] {processor.py:829} INFO - Processing file /home/airflow/.local/lib/python3.8/site-packages/airflow/example_dags/example_task_group_decorator.py for tasks to queue
[2023-10-18T14:53:59.513+0000] {logging_mixin.py:151} INFO - [2023-10-18T14:53:59.512+0000] {dagbag.py:536} INFO - Filling up the DagBag from /home/airflow/.local/lib/python3.8/site-packages/airflow/example_dags/example_task_group_decorator.py
[2023-10-18T14:53:59.531+0000] {processor.py:839} INFO - DAG(s) dict_keys(['example_task_group_decorator']) retrieved from /home/airflow/.local/lib/python3.8/site-packages/airflow/example_dags/example_task_group_decorator.py
[2023-10-18T14:53:59.553+0000] {logging_mixin.py:151} INFO - [2023-10-18T14:53:59.553+0000] {dag.py:2941} INFO - Sync 1 DAGs
[2023-10-18T14:53:59.647+0000] {logging_mixin.py:151} INFO - [2023-10-18T14:53:59.647+0000] {dag.py:3722} INFO - Setting next_dagrun for example_task_group_decorator to 2023-10-17T14:53:59.646969+00:00, run_after=2023-10-18T14:53:59.646969+00:00
[2023-10-18T14:53:59.687+0000] {processor.py:179} INFO - Processing /home/airflow/.local/lib/python3.8/site-packages/airflow/example_dags/example_task_group_decorator.py took 0.186 seconds
[2023-10-18T14:54:29.997+0000] {processor.py:157} INFO - Started process (PID=94) to work on /home/airflow/.local/lib/python3.8/site-packages/airflow/example_dags/example_task_group_decorator.py
[2023-10-18T14:54:30.000+0000] {processor.py:829} INFO - Processing file /home/airflow/.local/lib/python3.8/site-packages/airflow/example_dags/example_task_group_decorator.py for tasks to queue
[2023-10-18T14:54:30.002+0000] {logging_mixin.py:151} INFO - [2023-10-18T14:54:30.002+0000] {dagbag.py:536} INFO - Filling up the DagBag from /home/airflow/.local/lib/python3.8/site-packages/airflow/example_dags/example_task_group_decorator.py
[2023-10-18T14:54:30.014+0000] {processor.py:839} INFO - DAG(s) dict_keys(['example_task_group_decorator']) retrieved from /home/airflow/.local/lib/python3.8/site-packages/airflow/example_dags/example_task_group_decorator.py
[2023-10-18T14:54:30.037+0000] {logging_mixin.py:151} INFO - [2023-10-18T14:54:30.037+0000] {dag.py:2941} INFO - Sync 1 DAGs
[2023-10-18T14:54:30.062+0000] {logging_mixin.py:151} INFO - [2023-10-18T14:54:30.062+0000] {dag.py:3722} INFO - Setting next_dagrun for example_task_group_decorator to 2023-10-17T14:54:30.062204+00:00, run_after=2023-10-18T14:54:30.062204+00:00
[2023-10-18T14:54:30.082+0000] {processor.py:179} INFO - Processing /home/airflow/.local/lib/python3.8/site-packages/airflow/example_dags/example_task_group_decorator.py took 0.089 seconds
[2023-10-18T14:55:01.025+0000] {processor.py:157} INFO - Started process (PID=148) to work on /home/airflow/.local/lib/python3.8/site-packages/airflow/example_dags/example_task_group_decorator.py
[2023-10-18T14:55:01.028+0000] {processor.py:829} INFO - Processing file /home/airflow/.local/lib/python3.8/site-packages/airflow/example_dags/example_task_group_decorator.py for tasks to queue
[2023-10-18T14:55:01.033+0000] {logging_mixin.py:151} INFO - [2023-10-18T14:55:01.032+0000] {dagbag.py:536} INFO - Filling up the DagBag from /home/airflow/.local/lib/python3.8/site-packages/airflow/example_dags/example_task_group_decorator.py
[2023-10-18T14:55:01.045+0000] {processor.py:839} INFO - DAG(s) dict_keys(['example_task_group_decorator']) retrieved from /home/airflow/.local/lib/python3.8/site-packages/airflow/example_dags/example_task_group_decorator.py
[2023-10-18T14:55:01.072+0000] {logging_mixin.py:151} INFO - [2023-10-18T14:55:01.071+0000] {dag.py:2941} INFO - Sync 1 DAGs
[2023-10-18T14:55:01.092+0000] {logging_mixin.py:151} INFO - [2023-10-18T14:55:01.092+0000] {dag.py:3722} INFO - Setting next_dagrun for example_task_group_decorator to 2023-10-17T14:55:01.092326+00:00, run_after=2023-10-18T14:55:01.092326+00:00
[2023-10-18T14:55:01.107+0000] {processor.py:179} INFO - Processing /home/airflow/.local/lib/python3.8/site-packages/airflow/example_dags/example_task_group_decorator.py took 0.087 seconds
[2023-10-18T14:55:31.487+0000] {processor.py:157} INFO - Started process (PID=202) to work on /home/airflow/.local/lib/python3.8/site-packages/airflow/example_dags/example_task_group_decorator.py
[2023-10-18T14:55:31.489+0000] {processor.py:829} INFO - Processing file /home/airflow/.local/lib/python3.8/site-packages/airflow/example_dags/example_task_group_decorator.py for tasks to queue
[2023-10-18T14:55:31.493+0000] {logging_mixin.py:151} INFO - [2023-10-18T14:55:31.492+0000] {dagbag.py:536} INFO - Filling up the DagBag from /home/airflow/.local/lib/python3.8/site-packages/airflow/example_dags/example_task_group_decorator.py
[2023-10-18T14:55:31.503+0000] {processor.py:839} INFO - DAG(s) dict_keys(['example_task_group_decorator']) retrieved from /home/airflow/.local/lib/python3.8/site-packages/airflow/example_dags/example_task_group_decorator.py
[2023-10-18T14:55:31.528+0000] {logging_mixin.py:151} INFO - [2023-10-18T14:55:31.527+0000] {dag.py:2941} INFO - Sync 1 DAGs
[2023-10-18T14:55:31.547+0000] {logging_mixin.py:151} INFO - [2023-10-18T14:55:31.547+0000] {dag.py:3722} INFO - Setting next_dagrun for example_task_group_decorator to 2023-10-17T14:55:31.546688+00:00, run_after=2023-10-18T14:55:31.546688+00:00
[2023-10-18T14:55:31.563+0000] {processor.py:179} INFO - Processing /home/airflow/.local/lib/python3.8/site-packages/airflow/example_dags/example_task_group_decorator.py took 0.080 seconds
[2023-10-18T14:56:02.256+0000] {processor.py:157} INFO - Started process (PID=256) to work on /home/airflow/.local/lib/python3.8/site-packages/airflow/example_dags/example_task_group_decorator.py
[2023-10-18T14:56:02.265+0000] {processor.py:829} INFO - Processing file /home/airflow/.local/lib/python3.8/site-packages/airflow/example_dags/example_task_group_decorator.py for tasks to queue
[2023-10-18T14:56:02.296+0000] {logging_mixin.py:151} INFO - [2023-10-18T14:56:02.295+0000] {dagbag.py:536} INFO - Filling up the DagBag from /home/airflow/.local/lib/python3.8/site-packages/airflow/example_dags/example_task_group_decorator.py
[2023-10-18T14:56:02.431+0000] {processor.py:839} INFO - DAG(s) dict_keys(['example_task_group_decorator']) retrieved from /home/airflow/.local/lib/python3.8/site-packages/airflow/example_dags/example_task_group_decorator.py
[2023-10-18T14:56:02.488+0000] {logging_mixin.py:151} INFO - [2023-10-18T14:56:02.488+0000] {dag.py:2941} INFO - Sync 1 DAGs
[2023-10-18T14:56:02.533+0000] {logging_mixin.py:151} INFO - [2023-10-18T14:56:02.533+0000] {dag.py:3722} INFO - Setting next_dagrun for example_task_group_decorator to 2023-10-17T14:56:02.533135+00:00, run_after=2023-10-18T14:56:02.533135+00:00
[2023-10-18T14:56:02.597+0000] {processor.py:179} INFO - Processing /home/airflow/.local/lib/python3.8/site-packages/airflow/example_dags/example_task_group_decorator.py took 0.351 seconds
