[2023-10-18T14:53:58.726+0000] {processor.py:157} INFO - Started process (PID=33) to work on /home/airflow/.local/lib/python3.8/site-packages/airflow/example_dags/example_datasets.py
[2023-10-18T14:53:58.731+0000] {processor.py:829} INFO - Processing file /home/airflow/.local/lib/python3.8/site-packages/airflow/example_dags/example_datasets.py for tasks to queue
[2023-10-18T14:53:58.736+0000] {logging_mixin.py:151} INFO - [2023-10-18T14:53:58.735+0000] {dagbag.py:536} INFO - Filling up the DagBag from /home/airflow/.local/lib/python3.8/site-packages/airflow/example_dags/example_datasets.py
[2023-10-18T14:53:58.756+0000] {processor.py:839} INFO - DAG(s) dict_keys(['dataset_produces_1', 'dataset_consumes_1_never_scheduled', 'dataset_produces_2', 'dataset_consumes_1_and_2', 'dataset_consumes_unknown_never_scheduled', 'dataset_consumes_1']) retrieved from /home/airflow/.local/lib/python3.8/site-packages/airflow/example_dags/example_datasets.py
[2023-10-18T14:53:58.791+0000] {logging_mixin.py:151} INFO - [2023-10-18T14:53:58.791+0000] {dag.py:2941} INFO - Sync 6 DAGs
[2023-10-18T14:53:58.816+0000] {logging_mixin.py:151} INFO - [2023-10-18T14:53:58.816+0000] {dag.py:3722} INFO - Setting next_dagrun for dataset_consumes_1 to None, run_after=None
[2023-10-18T14:53:58.823+0000] {logging_mixin.py:151} INFO - [2023-10-18T14:53:58.823+0000] {dag.py:3722} INFO - Setting next_dagrun for dataset_consumes_1_and_2 to None, run_after=None
[2023-10-18T14:53:58.828+0000] {logging_mixin.py:151} INFO - [2023-10-18T14:53:58.828+0000] {dag.py:3722} INFO - Setting next_dagrun for dataset_consumes_1_never_scheduled to None, run_after=None
[2023-10-18T14:53:58.830+0000] {logging_mixin.py:151} INFO - [2023-10-18T14:53:58.830+0000] {dag.py:3722} INFO - Setting next_dagrun for dataset_consumes_unknown_never_scheduled to None, run_after=None
[2023-10-18T14:53:58.838+0000] {logging_mixin.py:151} INFO - [2023-10-18T14:53:58.838+0000] {dag.py:3722} INFO - Setting next_dagrun for dataset_produces_1 to 2023-10-17T00:00:00+00:00, run_after=2023-10-18T00:00:00+00:00
[2023-10-18T14:53:58.841+0000] {logging_mixin.py:151} INFO - [2023-10-18T14:53:58.841+0000] {dag.py:3722} INFO - Setting next_dagrun for dataset_produces_2 to None, run_after=None
[2023-10-18T14:53:58.874+0000] {processor.py:179} INFO - Processing /home/airflow/.local/lib/python3.8/site-packages/airflow/example_dags/example_datasets.py took 0.154 seconds
[2023-10-18T14:54:29.378+0000] {processor.py:157} INFO - Started process (PID=87) to work on /home/airflow/.local/lib/python3.8/site-packages/airflow/example_dags/example_datasets.py
[2023-10-18T14:54:29.381+0000] {processor.py:829} INFO - Processing file /home/airflow/.local/lib/python3.8/site-packages/airflow/example_dags/example_datasets.py for tasks to queue
[2023-10-18T14:54:29.398+0000] {logging_mixin.py:151} INFO - [2023-10-18T14:54:29.397+0000] {dagbag.py:536} INFO - Filling up the DagBag from /home/airflow/.local/lib/python3.8/site-packages/airflow/example_dags/example_datasets.py
[2023-10-18T14:54:29.413+0000] {processor.py:839} INFO - DAG(s) dict_keys(['dataset_consumes_1_never_scheduled', 'dataset_produces_1', 'dataset_produces_2', 'dataset_consumes_1', 'dataset_consumes_1_and_2', 'dataset_consumes_unknown_never_scheduled']) retrieved from /home/airflow/.local/lib/python3.8/site-packages/airflow/example_dags/example_datasets.py
[2023-10-18T14:54:29.457+0000] {logging_mixin.py:151} INFO - [2023-10-18T14:54:29.457+0000] {dag.py:2941} INFO - Sync 6 DAGs
[2023-10-18T14:54:29.475+0000] {logging_mixin.py:151} INFO - [2023-10-18T14:54:29.475+0000] {dag.py:3722} INFO - Setting next_dagrun for dataset_consumes_1 to None, run_after=None
[2023-10-18T14:54:29.479+0000] {logging_mixin.py:151} INFO - [2023-10-18T14:54:29.479+0000] {dag.py:3722} INFO - Setting next_dagrun for dataset_consumes_1_and_2 to None, run_after=None
[2023-10-18T14:54:29.482+0000] {logging_mixin.py:151} INFO - [2023-10-18T14:54:29.482+0000] {dag.py:3722} INFO - Setting next_dagrun for dataset_consumes_1_never_scheduled to None, run_after=None
[2023-10-18T14:54:29.485+0000] {logging_mixin.py:151} INFO - [2023-10-18T14:54:29.485+0000] {dag.py:3722} INFO - Setting next_dagrun for dataset_consumes_unknown_never_scheduled to None, run_after=None
[2023-10-18T14:54:29.490+0000] {logging_mixin.py:151} INFO - [2023-10-18T14:54:29.490+0000] {dag.py:3722} INFO - Setting next_dagrun for dataset_produces_1 to 2023-10-17T00:00:00+00:00, run_after=2023-10-18T00:00:00+00:00
[2023-10-18T14:54:29.492+0000] {logging_mixin.py:151} INFO - [2023-10-18T14:54:29.492+0000] {dag.py:3722} INFO - Setting next_dagrun for dataset_produces_2 to None, run_after=None
[2023-10-18T14:54:29.526+0000] {processor.py:179} INFO - Processing /home/airflow/.local/lib/python3.8/site-packages/airflow/example_dags/example_datasets.py took 0.152 seconds
[2023-10-18T14:54:59.639+0000] {processor.py:157} INFO - Started process (PID=141) to work on /home/airflow/.local/lib/python3.8/site-packages/airflow/example_dags/example_datasets.py
[2023-10-18T14:54:59.643+0000] {processor.py:829} INFO - Processing file /home/airflow/.local/lib/python3.8/site-packages/airflow/example_dags/example_datasets.py for tasks to queue
[2023-10-18T14:54:59.646+0000] {logging_mixin.py:151} INFO - [2023-10-18T14:54:59.646+0000] {dagbag.py:536} INFO - Filling up the DagBag from /home/airflow/.local/lib/python3.8/site-packages/airflow/example_dags/example_datasets.py
[2023-10-18T14:54:59.655+0000] {processor.py:839} INFO - DAG(s) dict_keys(['dataset_consumes_1', 'dataset_consumes_1_and_2', 'dataset_produces_1', 'dataset_consumes_unknown_never_scheduled', 'dataset_consumes_1_never_scheduled', 'dataset_produces_2']) retrieved from /home/airflow/.local/lib/python3.8/site-packages/airflow/example_dags/example_datasets.py
[2023-10-18T14:54:59.684+0000] {logging_mixin.py:151} INFO - [2023-10-18T14:54:59.684+0000] {dag.py:2941} INFO - Sync 6 DAGs
[2023-10-18T14:54:59.700+0000] {logging_mixin.py:151} INFO - [2023-10-18T14:54:59.700+0000] {dag.py:3722} INFO - Setting next_dagrun for dataset_consumes_1 to None, run_after=None
[2023-10-18T14:54:59.703+0000] {logging_mixin.py:151} INFO - [2023-10-18T14:54:59.703+0000] {dag.py:3722} INFO - Setting next_dagrun for dataset_consumes_1_and_2 to None, run_after=None
[2023-10-18T14:54:59.705+0000] {logging_mixin.py:151} INFO - [2023-10-18T14:54:59.705+0000] {dag.py:3722} INFO - Setting next_dagrun for dataset_consumes_1_never_scheduled to None, run_after=None
[2023-10-18T14:54:59.709+0000] {logging_mixin.py:151} INFO - [2023-10-18T14:54:59.709+0000] {dag.py:3722} INFO - Setting next_dagrun for dataset_consumes_unknown_never_scheduled to None, run_after=None
[2023-10-18T14:54:59.713+0000] {logging_mixin.py:151} INFO - [2023-10-18T14:54:59.713+0000] {dag.py:3722} INFO - Setting next_dagrun for dataset_produces_1 to 2023-10-17T00:00:00+00:00, run_after=2023-10-18T00:00:00+00:00
[2023-10-18T14:54:59.716+0000] {logging_mixin.py:151} INFO - [2023-10-18T14:54:59.716+0000] {dag.py:3722} INFO - Setting next_dagrun for dataset_produces_2 to None, run_after=None
[2023-10-18T14:54:59.742+0000] {processor.py:179} INFO - Processing /home/airflow/.local/lib/python3.8/site-packages/airflow/example_dags/example_datasets.py took 0.106 seconds
[2023-10-18T14:55:30.061+0000] {processor.py:157} INFO - Started process (PID=195) to work on /home/airflow/.local/lib/python3.8/site-packages/airflow/example_dags/example_datasets.py
[2023-10-18T14:55:30.066+0000] {processor.py:829} INFO - Processing file /home/airflow/.local/lib/python3.8/site-packages/airflow/example_dags/example_datasets.py for tasks to queue
[2023-10-18T14:55:30.076+0000] {logging_mixin.py:151} INFO - [2023-10-18T14:55:30.076+0000] {dagbag.py:536} INFO - Filling up the DagBag from /home/airflow/.local/lib/python3.8/site-packages/airflow/example_dags/example_datasets.py
[2023-10-18T14:55:30.087+0000] {processor.py:839} INFO - DAG(s) dict_keys(['dataset_consumes_unknown_never_scheduled', 'dataset_consumes_1', 'dataset_consumes_1_never_scheduled', 'dataset_produces_2', 'dataset_consumes_1_and_2', 'dataset_produces_1']) retrieved from /home/airflow/.local/lib/python3.8/site-packages/airflow/example_dags/example_datasets.py
[2023-10-18T14:55:30.123+0000] {logging_mixin.py:151} INFO - [2023-10-18T14:55:30.123+0000] {dag.py:2941} INFO - Sync 6 DAGs
[2023-10-18T14:55:30.139+0000] {logging_mixin.py:151} INFO - [2023-10-18T14:55:30.138+0000] {dag.py:3722} INFO - Setting next_dagrun for dataset_consumes_1 to None, run_after=None
[2023-10-18T14:55:30.142+0000] {logging_mixin.py:151} INFO - [2023-10-18T14:55:30.142+0000] {dag.py:3722} INFO - Setting next_dagrun for dataset_consumes_1_and_2 to None, run_after=None
[2023-10-18T14:55:30.144+0000] {logging_mixin.py:151} INFO - [2023-10-18T14:55:30.144+0000] {dag.py:3722} INFO - Setting next_dagrun for dataset_consumes_1_never_scheduled to None, run_after=None
[2023-10-18T14:55:30.146+0000] {logging_mixin.py:151} INFO - [2023-10-18T14:55:30.146+0000] {dag.py:3722} INFO - Setting next_dagrun for dataset_consumes_unknown_never_scheduled to None, run_after=None
[2023-10-18T14:55:30.149+0000] {logging_mixin.py:151} INFO - [2023-10-18T14:55:30.149+0000] {dag.py:3722} INFO - Setting next_dagrun for dataset_produces_1 to 2023-10-17T00:00:00+00:00, run_after=2023-10-18T00:00:00+00:00
[2023-10-18T14:55:30.151+0000] {logging_mixin.py:151} INFO - [2023-10-18T14:55:30.151+0000] {dag.py:3722} INFO - Setting next_dagrun for dataset_produces_2 to None, run_after=None
[2023-10-18T14:55:30.179+0000] {processor.py:179} INFO - Processing /home/airflow/.local/lib/python3.8/site-packages/airflow/example_dags/example_datasets.py took 0.123 seconds
[2023-10-18T14:56:00.796+0000] {processor.py:157} INFO - Started process (PID=249) to work on /home/airflow/.local/lib/python3.8/site-packages/airflow/example_dags/example_datasets.py
[2023-10-18T14:56:00.799+0000] {processor.py:829} INFO - Processing file /home/airflow/.local/lib/python3.8/site-packages/airflow/example_dags/example_datasets.py for tasks to queue
[2023-10-18T14:56:00.802+0000] {logging_mixin.py:151} INFO - [2023-10-18T14:56:00.802+0000] {dagbag.py:536} INFO - Filling up the DagBag from /home/airflow/.local/lib/python3.8/site-packages/airflow/example_dags/example_datasets.py
[2023-10-18T14:56:00.812+0000] {processor.py:839} INFO - DAG(s) dict_keys(['dataset_produces_1', 'dataset_produces_2', 'dataset_consumes_1_and_2', 'dataset_consumes_1', 'dataset_consumes_unknown_never_scheduled', 'dataset_consumes_1_never_scheduled']) retrieved from /home/airflow/.local/lib/python3.8/site-packages/airflow/example_dags/example_datasets.py
[2023-10-18T14:56:00.850+0000] {logging_mixin.py:151} INFO - [2023-10-18T14:56:00.850+0000] {dag.py:2941} INFO - Sync 6 DAGs
[2023-10-18T14:56:00.870+0000] {logging_mixin.py:151} INFO - [2023-10-18T14:56:00.869+0000] {dag.py:3722} INFO - Setting next_dagrun for dataset_consumes_1 to None, run_after=None
[2023-10-18T14:56:00.874+0000] {logging_mixin.py:151} INFO - [2023-10-18T14:56:00.874+0000] {dag.py:3722} INFO - Setting next_dagrun for dataset_consumes_1_and_2 to None, run_after=None
[2023-10-18T14:56:00.877+0000] {logging_mixin.py:151} INFO - [2023-10-18T14:56:00.877+0000] {dag.py:3722} INFO - Setting next_dagrun for dataset_consumes_1_never_scheduled to None, run_after=None
[2023-10-18T14:56:00.879+0000] {logging_mixin.py:151} INFO - [2023-10-18T14:56:00.879+0000] {dag.py:3722} INFO - Setting next_dagrun for dataset_consumes_unknown_never_scheduled to None, run_after=None
[2023-10-18T14:56:00.882+0000] {logging_mixin.py:151} INFO - [2023-10-18T14:56:00.882+0000] {dag.py:3722} INFO - Setting next_dagrun for dataset_produces_1 to 2023-10-17T00:00:00+00:00, run_after=2023-10-18T00:00:00+00:00
[2023-10-18T14:56:00.884+0000] {logging_mixin.py:151} INFO - [2023-10-18T14:56:00.884+0000] {dag.py:3722} INFO - Setting next_dagrun for dataset_produces_2 to None, run_after=None
[2023-10-18T14:56:00.906+0000] {processor.py:179} INFO - Processing /home/airflow/.local/lib/python3.8/site-packages/airflow/example_dags/example_datasets.py took 0.114 seconds
