[2023-10-18T14:54:02.698+0000] {processor.py:157} INFO - Started process (PID=59) to work on /home/airflow/.local/lib/python3.8/site-packages/airflow/example_dags/example_dynamic_task_mapping_with_no_taskflow_operators.py
[2023-10-18T14:54:02.704+0000] {processor.py:829} INFO - Processing file /home/airflow/.local/lib/python3.8/site-packages/airflow/example_dags/example_dynamic_task_mapping_with_no_taskflow_operators.py for tasks to queue
[2023-10-18T14:54:02.712+0000] {logging_mixin.py:151} INFO - [2023-10-18T14:54:02.710+0000] {dagbag.py:536} INFO - Filling up the DagBag from /home/airflow/.local/lib/python3.8/site-packages/airflow/example_dags/example_dynamic_task_mapping_with_no_taskflow_operators.py
[2023-10-18T14:54:02.738+0000] {processor.py:839} INFO - DAG(s) dict_keys(['example_dynamic_task_mapping_with_no_taskflow_operators']) retrieved from /home/airflow/.local/lib/python3.8/site-packages/airflow/example_dags/example_dynamic_task_mapping_with_no_taskflow_operators.py
[2023-10-18T14:54:02.759+0000] {logging_mixin.py:151} INFO - [2023-10-18T14:54:02.758+0000] {dag.py:2941} INFO - Sync 1 DAGs
[2023-10-18T14:54:02.818+0000] {logging_mixin.py:151} INFO - [2023-10-18T14:54:02.818+0000] {dag.py:3722} INFO - Setting next_dagrun for example_dynamic_task_mapping_with_no_taskflow_operators to 2023-10-17T14:54:02.817750+00:00, run_after=2023-10-18T14:54:02.817750+00:00
[2023-10-18T14:54:02.858+0000] {processor.py:179} INFO - Processing /home/airflow/.local/lib/python3.8/site-packages/airflow/example_dags/example_dynamic_task_mapping_with_no_taskflow_operators.py took 0.176 seconds
[2023-10-18T14:54:33.666+0000] {processor.py:157} INFO - Started process (PID=113) to work on /home/airflow/.local/lib/python3.8/site-packages/airflow/example_dags/example_dynamic_task_mapping_with_no_taskflow_operators.py
[2023-10-18T14:54:33.672+0000] {processor.py:829} INFO - Processing file /home/airflow/.local/lib/python3.8/site-packages/airflow/example_dags/example_dynamic_task_mapping_with_no_taskflow_operators.py for tasks to queue
[2023-10-18T14:54:33.677+0000] {logging_mixin.py:151} INFO - [2023-10-18T14:54:33.677+0000] {dagbag.py:536} INFO - Filling up the DagBag from /home/airflow/.local/lib/python3.8/site-packages/airflow/example_dags/example_dynamic_task_mapping_with_no_taskflow_operators.py
[2023-10-18T14:54:33.684+0000] {processor.py:839} INFO - DAG(s) dict_keys(['example_dynamic_task_mapping_with_no_taskflow_operators']) retrieved from /home/airflow/.local/lib/python3.8/site-packages/airflow/example_dags/example_dynamic_task_mapping_with_no_taskflow_operators.py
[2023-10-18T14:54:33.707+0000] {logging_mixin.py:151} INFO - [2023-10-18T14:54:33.707+0000] {dag.py:2941} INFO - Sync 1 DAGs
[2023-10-18T14:54:33.722+0000] {logging_mixin.py:151} INFO - [2023-10-18T14:54:33.722+0000] {dag.py:3722} INFO - Setting next_dagrun for example_dynamic_task_mapping_with_no_taskflow_operators to 2023-10-17T14:54:33.722567+00:00, run_after=2023-10-18T14:54:33.722567+00:00
[2023-10-18T14:54:33.738+0000] {processor.py:179} INFO - Processing /home/airflow/.local/lib/python3.8/site-packages/airflow/example_dags/example_dynamic_task_mapping_with_no_taskflow_operators.py took 0.075 seconds
[2023-10-18T14:55:04.199+0000] {processor.py:157} INFO - Started process (PID=167) to work on /home/airflow/.local/lib/python3.8/site-packages/airflow/example_dags/example_dynamic_task_mapping_with_no_taskflow_operators.py
[2023-10-18T14:55:04.203+0000] {processor.py:829} INFO - Processing file /home/airflow/.local/lib/python3.8/site-packages/airflow/example_dags/example_dynamic_task_mapping_with_no_taskflow_operators.py for tasks to queue
[2023-10-18T14:55:04.206+0000] {logging_mixin.py:151} INFO - [2023-10-18T14:55:04.206+0000] {dagbag.py:536} INFO - Filling up the DagBag from /home/airflow/.local/lib/python3.8/site-packages/airflow/example_dags/example_dynamic_task_mapping_with_no_taskflow_operators.py
[2023-10-18T14:55:04.213+0000] {processor.py:839} INFO - DAG(s) dict_keys(['example_dynamic_task_mapping_with_no_taskflow_operators']) retrieved from /home/airflow/.local/lib/python3.8/site-packages/airflow/example_dags/example_dynamic_task_mapping_with_no_taskflow_operators.py
[2023-10-18T14:55:04.237+0000] {logging_mixin.py:151} INFO - [2023-10-18T14:55:04.237+0000] {dag.py:2941} INFO - Sync 1 DAGs
[2023-10-18T14:55:04.254+0000] {logging_mixin.py:151} INFO - [2023-10-18T14:55:04.254+0000] {dag.py:3722} INFO - Setting next_dagrun for example_dynamic_task_mapping_with_no_taskflow_operators to 2023-10-17T14:55:04.254341+00:00, run_after=2023-10-18T14:55:04.254341+00:00
[2023-10-18T14:55:04.272+0000] {processor.py:179} INFO - Processing /home/airflow/.local/lib/python3.8/site-packages/airflow/example_dags/example_dynamic_task_mapping_with_no_taskflow_operators.py took 0.076 seconds
[2023-10-18T14:55:34.725+0000] {processor.py:157} INFO - Started process (PID=221) to work on /home/airflow/.local/lib/python3.8/site-packages/airflow/example_dags/example_dynamic_task_mapping_with_no_taskflow_operators.py
[2023-10-18T14:55:34.729+0000] {processor.py:829} INFO - Processing file /home/airflow/.local/lib/python3.8/site-packages/airflow/example_dags/example_dynamic_task_mapping_with_no_taskflow_operators.py for tasks to queue
[2023-10-18T14:55:34.733+0000] {logging_mixin.py:151} INFO - [2023-10-18T14:55:34.732+0000] {dagbag.py:536} INFO - Filling up the DagBag from /home/airflow/.local/lib/python3.8/site-packages/airflow/example_dags/example_dynamic_task_mapping_with_no_taskflow_operators.py
[2023-10-18T14:55:34.746+0000] {processor.py:839} INFO - DAG(s) dict_keys(['example_dynamic_task_mapping_with_no_taskflow_operators']) retrieved from /home/airflow/.local/lib/python3.8/site-packages/airflow/example_dags/example_dynamic_task_mapping_with_no_taskflow_operators.py
[2023-10-18T14:55:34.808+0000] {logging_mixin.py:151} INFO - [2023-10-18T14:55:34.808+0000] {dag.py:2941} INFO - Sync 1 DAGs
[2023-10-18T14:55:34.838+0000] {logging_mixin.py:151} INFO - [2023-10-18T14:55:34.837+0000] {dag.py:3722} INFO - Setting next_dagrun for example_dynamic_task_mapping_with_no_taskflow_operators to 2023-10-17T14:55:34.837582+00:00, run_after=2023-10-18T14:55:34.837582+00:00
[2023-10-18T14:55:34.910+0000] {processor.py:179} INFO - Processing /home/airflow/.local/lib/python3.8/site-packages/airflow/example_dags/example_dynamic_task_mapping_with_no_taskflow_operators.py took 0.189 seconds
[2023-10-18T14:56:05.588+0000] {processor.py:157} INFO - Started process (PID=275) to work on /home/airflow/.local/lib/python3.8/site-packages/airflow/example_dags/example_dynamic_task_mapping_with_no_taskflow_operators.py
[2023-10-18T14:56:05.590+0000] {processor.py:829} INFO - Processing file /home/airflow/.local/lib/python3.8/site-packages/airflow/example_dags/example_dynamic_task_mapping_with_no_taskflow_operators.py for tasks to queue
[2023-10-18T14:56:05.594+0000] {logging_mixin.py:151} INFO - [2023-10-18T14:56:05.593+0000] {dagbag.py:536} INFO - Filling up the DagBag from /home/airflow/.local/lib/python3.8/site-packages/airflow/example_dags/example_dynamic_task_mapping_with_no_taskflow_operators.py
[2023-10-18T14:56:05.602+0000] {processor.py:839} INFO - DAG(s) dict_keys(['example_dynamic_task_mapping_with_no_taskflow_operators']) retrieved from /home/airflow/.local/lib/python3.8/site-packages/airflow/example_dags/example_dynamic_task_mapping_with_no_taskflow_operators.py
[2023-10-18T14:56:05.631+0000] {logging_mixin.py:151} INFO - [2023-10-18T14:56:05.630+0000] {dag.py:2941} INFO - Sync 1 DAGs
[2023-10-18T14:56:05.657+0000] {logging_mixin.py:151} INFO - [2023-10-18T14:56:05.657+0000] {dag.py:3722} INFO - Setting next_dagrun for example_dynamic_task_mapping_with_no_taskflow_operators to 2023-10-17T14:56:05.656623+00:00, run_after=2023-10-18T14:56:05.656623+00:00
[2023-10-18T14:56:05.681+0000] {processor.py:179} INFO - Processing /home/airflow/.local/lib/python3.8/site-packages/airflow/example_dags/example_dynamic_task_mapping_with_no_taskflow_operators.py took 0.097 seconds
