[2023-10-18T14:54:02.346+0000] {processor.py:157} INFO - Started process (PID=56) to work on /home/airflow/.local/lib/python3.8/site-packages/airflow/example_dags/example_complex.py
[2023-10-18T14:54:02.352+0000] {processor.py:829} INFO - Processing file /home/airflow/.local/lib/python3.8/site-packages/airflow/example_dags/example_complex.py for tasks to queue
[2023-10-18T14:54:02.359+0000] {logging_mixin.py:151} INFO - [2023-10-18T14:54:02.358+0000] {dagbag.py:536} INFO - Filling up the DagBag from /home/airflow/.local/lib/python3.8/site-packages/airflow/example_dags/example_complex.py
[2023-10-18T14:54:02.382+0000] {processor.py:839} INFO - DAG(s) dict_keys(['example_complex']) retrieved from /home/airflow/.local/lib/python3.8/site-packages/airflow/example_dags/example_complex.py
[2023-10-18T14:54:02.427+0000] {logging_mixin.py:151} INFO - [2023-10-18T14:54:02.427+0000] {dag.py:2941} INFO - Sync 1 DAGs
[2023-10-18T14:54:02.450+0000] {logging_mixin.py:151} INFO - [2023-10-18T14:54:02.449+0000] {dag.py:3722} INFO - Setting next_dagrun for example_complex to None, run_after=None
[2023-10-18T14:54:02.487+0000] {processor.py:179} INFO - Processing /home/airflow/.local/lib/python3.8/site-packages/airflow/example_dags/example_complex.py took 0.152 seconds
[2023-10-18T14:54:33.492+0000] {processor.py:157} INFO - Started process (PID=110) to work on /home/airflow/.local/lib/python3.8/site-packages/airflow/example_dags/example_complex.py
[2023-10-18T14:54:33.501+0000] {processor.py:829} INFO - Processing file /home/airflow/.local/lib/python3.8/site-packages/airflow/example_dags/example_complex.py for tasks to queue
[2023-10-18T14:54:33.504+0000] {logging_mixin.py:151} INFO - [2023-10-18T14:54:33.504+0000] {dagbag.py:536} INFO - Filling up the DagBag from /home/airflow/.local/lib/python3.8/site-packages/airflow/example_dags/example_complex.py
[2023-10-18T14:54:33.514+0000] {processor.py:839} INFO - DAG(s) dict_keys(['example_complex']) retrieved from /home/airflow/.local/lib/python3.8/site-packages/airflow/example_dags/example_complex.py
[2023-10-18T14:54:33.557+0000] {logging_mixin.py:151} INFO - [2023-10-18T14:54:33.556+0000] {dag.py:2941} INFO - Sync 1 DAGs
[2023-10-18T14:54:33.568+0000] {logging_mixin.py:151} INFO - [2023-10-18T14:54:33.568+0000] {dag.py:3722} INFO - Setting next_dagrun for example_complex to None, run_after=None
[2023-10-18T14:54:33.582+0000] {processor.py:179} INFO - Processing /home/airflow/.local/lib/python3.8/site-packages/airflow/example_dags/example_complex.py took 0.095 seconds
[2023-10-18T14:55:04.059+0000] {processor.py:157} INFO - Started process (PID=164) to work on /home/airflow/.local/lib/python3.8/site-packages/airflow/example_dags/example_complex.py
[2023-10-18T14:55:04.062+0000] {processor.py:829} INFO - Processing file /home/airflow/.local/lib/python3.8/site-packages/airflow/example_dags/example_complex.py for tasks to queue
[2023-10-18T14:55:04.065+0000] {logging_mixin.py:151} INFO - [2023-10-18T14:55:04.065+0000] {dagbag.py:536} INFO - Filling up the DagBag from /home/airflow/.local/lib/python3.8/site-packages/airflow/example_dags/example_complex.py
[2023-10-18T14:55:04.074+0000] {processor.py:839} INFO - DAG(s) dict_keys(['example_complex']) retrieved from /home/airflow/.local/lib/python3.8/site-packages/airflow/example_dags/example_complex.py
[2023-10-18T14:55:04.102+0000] {logging_mixin.py:151} INFO - [2023-10-18T14:55:04.102+0000] {dag.py:2941} INFO - Sync 1 DAGs
[2023-10-18T14:55:04.112+0000] {logging_mixin.py:151} INFO - [2023-10-18T14:55:04.112+0000] {dag.py:3722} INFO - Setting next_dagrun for example_complex to None, run_after=None
[2023-10-18T14:55:04.126+0000] {processor.py:179} INFO - Processing /home/airflow/.local/lib/python3.8/site-packages/airflow/example_dags/example_complex.py took 0.072 seconds
[2023-10-18T14:55:34.514+0000] {processor.py:157} INFO - Started process (PID=218) to work on /home/airflow/.local/lib/python3.8/site-packages/airflow/example_dags/example_complex.py
[2023-10-18T14:55:34.518+0000] {processor.py:829} INFO - Processing file /home/airflow/.local/lib/python3.8/site-packages/airflow/example_dags/example_complex.py for tasks to queue
[2023-10-18T14:55:34.524+0000] {logging_mixin.py:151} INFO - [2023-10-18T14:55:34.524+0000] {dagbag.py:536} INFO - Filling up the DagBag from /home/airflow/.local/lib/python3.8/site-packages/airflow/example_dags/example_complex.py
[2023-10-18T14:55:34.540+0000] {processor.py:839} INFO - DAG(s) dict_keys(['example_complex']) retrieved from /home/airflow/.local/lib/python3.8/site-packages/airflow/example_dags/example_complex.py
[2023-10-18T14:55:34.568+0000] {logging_mixin.py:151} INFO - [2023-10-18T14:55:34.568+0000] {dag.py:2941} INFO - Sync 1 DAGs
[2023-10-18T14:55:34.580+0000] {logging_mixin.py:151} INFO - [2023-10-18T14:55:34.580+0000] {dag.py:3722} INFO - Setting next_dagrun for example_complex to None, run_after=None
[2023-10-18T14:55:34.595+0000] {processor.py:179} INFO - Processing /home/airflow/.local/lib/python3.8/site-packages/airflow/example_dags/example_complex.py took 0.087 seconds
[2023-10-18T14:56:05.311+0000] {processor.py:157} INFO - Started process (PID=272) to work on /home/airflow/.local/lib/python3.8/site-packages/airflow/example_dags/example_complex.py
[2023-10-18T14:56:05.315+0000] {processor.py:829} INFO - Processing file /home/airflow/.local/lib/python3.8/site-packages/airflow/example_dags/example_complex.py for tasks to queue
[2023-10-18T14:56:05.319+0000] {logging_mixin.py:151} INFO - [2023-10-18T14:56:05.319+0000] {dagbag.py:536} INFO - Filling up the DagBag from /home/airflow/.local/lib/python3.8/site-packages/airflow/example_dags/example_complex.py
[2023-10-18T14:56:05.332+0000] {processor.py:839} INFO - DAG(s) dict_keys(['example_complex']) retrieved from /home/airflow/.local/lib/python3.8/site-packages/airflow/example_dags/example_complex.py
[2023-10-18T14:56:05.382+0000] {logging_mixin.py:151} INFO - [2023-10-18T14:56:05.382+0000] {dag.py:2941} INFO - Sync 1 DAGs
[2023-10-18T14:56:05.431+0000] {logging_mixin.py:151} INFO - [2023-10-18T14:56:05.431+0000] {dag.py:3722} INFO - Setting next_dagrun for example_complex to None, run_after=None
[2023-10-18T14:56:05.466+0000] {processor.py:179} INFO - Processing /home/airflow/.local/lib/python3.8/site-packages/airflow/example_dags/example_complex.py took 0.160 seconds
