[2023-10-18T14:54:03.515+0000] {processor.py:157} INFO - Started process (PID=66) to work on /home/airflow/.local/lib/python3.8/site-packages/airflow/example_dags/example_branch_labels.py
[2023-10-18T14:54:03.525+0000] {processor.py:829} INFO - Processing file /home/airflow/.local/lib/python3.8/site-packages/airflow/example_dags/example_branch_labels.py for tasks to queue
[2023-10-18T14:54:03.535+0000] {logging_mixin.py:151} INFO - [2023-10-18T14:54:03.534+0000] {dagbag.py:536} INFO - Filling up the DagBag from /home/airflow/.local/lib/python3.8/site-packages/airflow/example_dags/example_branch_labels.py
[2023-10-18T14:54:03.558+0000] {processor.py:839} INFO - DAG(s) dict_keys(['example_branch_labels']) retrieved from /home/airflow/.local/lib/python3.8/site-packages/airflow/example_dags/example_branch_labels.py
[2023-10-18T14:54:03.585+0000] {logging_mixin.py:151} INFO - [2023-10-18T14:54:03.585+0000] {dag.py:2941} INFO - Sync 1 DAGs
[2023-10-18T14:54:03.617+0000] {logging_mixin.py:151} INFO - [2023-10-18T14:54:03.617+0000] {dag.py:3722} INFO - Setting next_dagrun for example_branch_labels to 2023-10-17T00:00:00+00:00, run_after=2023-10-18T00:00:00+00:00
[2023-10-18T14:54:03.636+0000] {processor.py:179} INFO - Processing /home/airflow/.local/lib/python3.8/site-packages/airflow/example_dags/example_branch_labels.py took 0.127 seconds
[2023-10-18T14:54:34.192+0000] {processor.py:157} INFO - Started process (PID=120) to work on /home/airflow/.local/lib/python3.8/site-packages/airflow/example_dags/example_branch_labels.py
[2023-10-18T14:54:34.194+0000] {processor.py:829} INFO - Processing file /home/airflow/.local/lib/python3.8/site-packages/airflow/example_dags/example_branch_labels.py for tasks to queue
[2023-10-18T14:54:34.196+0000] {logging_mixin.py:151} INFO - [2023-10-18T14:54:34.196+0000] {dagbag.py:536} INFO - Filling up the DagBag from /home/airflow/.local/lib/python3.8/site-packages/airflow/example_dags/example_branch_labels.py
[2023-10-18T14:54:34.204+0000] {processor.py:839} INFO - DAG(s) dict_keys(['example_branch_labels']) retrieved from /home/airflow/.local/lib/python3.8/site-packages/airflow/example_dags/example_branch_labels.py
[2023-10-18T14:54:34.227+0000] {logging_mixin.py:151} INFO - [2023-10-18T14:54:34.227+0000] {dag.py:2941} INFO - Sync 1 DAGs
[2023-10-18T14:54:34.245+0000] {logging_mixin.py:151} INFO - [2023-10-18T14:54:34.245+0000] {dag.py:3722} INFO - Setting next_dagrun for example_branch_labels to 2023-10-17T00:00:00+00:00, run_after=2023-10-18T00:00:00+00:00
[2023-10-18T14:54:34.260+0000] {processor.py:179} INFO - Processing /home/airflow/.local/lib/python3.8/site-packages/airflow/example_dags/example_branch_labels.py took 0.071 seconds
[2023-10-18T14:55:04.612+0000] {processor.py:157} INFO - Started process (PID=174) to work on /home/airflow/.local/lib/python3.8/site-packages/airflow/example_dags/example_branch_labels.py
[2023-10-18T14:55:04.614+0000] {processor.py:829} INFO - Processing file /home/airflow/.local/lib/python3.8/site-packages/airflow/example_dags/example_branch_labels.py for tasks to queue
[2023-10-18T14:55:04.617+0000] {logging_mixin.py:151} INFO - [2023-10-18T14:55:04.617+0000] {dagbag.py:536} INFO - Filling up the DagBag from /home/airflow/.local/lib/python3.8/site-packages/airflow/example_dags/example_branch_labels.py
[2023-10-18T14:55:04.626+0000] {processor.py:839} INFO - DAG(s) dict_keys(['example_branch_labels']) retrieved from /home/airflow/.local/lib/python3.8/site-packages/airflow/example_dags/example_branch_labels.py
[2023-10-18T14:55:04.649+0000] {logging_mixin.py:151} INFO - [2023-10-18T14:55:04.649+0000] {dag.py:2941} INFO - Sync 1 DAGs
[2023-10-18T14:55:04.666+0000] {logging_mixin.py:151} INFO - [2023-10-18T14:55:04.666+0000] {dag.py:3722} INFO - Setting next_dagrun for example_branch_labels to 2023-10-17T00:00:00+00:00, run_after=2023-10-18T00:00:00+00:00
[2023-10-18T14:55:04.679+0000] {processor.py:179} INFO - Processing /home/airflow/.local/lib/python3.8/site-packages/airflow/example_dags/example_branch_labels.py took 0.071 seconds
[2023-10-18T14:55:35.384+0000] {processor.py:157} INFO - Started process (PID=228) to work on /home/airflow/.local/lib/python3.8/site-packages/airflow/example_dags/example_branch_labels.py
[2023-10-18T14:55:35.388+0000] {processor.py:829} INFO - Processing file /home/airflow/.local/lib/python3.8/site-packages/airflow/example_dags/example_branch_labels.py for tasks to queue
[2023-10-18T14:55:35.392+0000] {logging_mixin.py:151} INFO - [2023-10-18T14:55:35.391+0000] {dagbag.py:536} INFO - Filling up the DagBag from /home/airflow/.local/lib/python3.8/site-packages/airflow/example_dags/example_branch_labels.py
[2023-10-18T14:55:35.405+0000] {processor.py:839} INFO - DAG(s) dict_keys(['example_branch_labels']) retrieved from /home/airflow/.local/lib/python3.8/site-packages/airflow/example_dags/example_branch_labels.py
[2023-10-18T14:55:35.430+0000] {logging_mixin.py:151} INFO - [2023-10-18T14:55:35.430+0000] {dag.py:2941} INFO - Sync 1 DAGs
[2023-10-18T14:55:35.450+0000] {logging_mixin.py:151} INFO - [2023-10-18T14:55:35.450+0000] {dag.py:3722} INFO - Setting next_dagrun for example_branch_labels to 2023-10-17T00:00:00+00:00, run_after=2023-10-18T00:00:00+00:00
[2023-10-18T14:55:35.463+0000] {processor.py:179} INFO - Processing /home/airflow/.local/lib/python3.8/site-packages/airflow/example_dags/example_branch_labels.py took 0.083 seconds
[2023-10-18T14:56:06.089+0000] {processor.py:157} INFO - Started process (PID=282) to work on /home/airflow/.local/lib/python3.8/site-packages/airflow/example_dags/example_branch_labels.py
[2023-10-18T14:56:06.092+0000] {processor.py:829} INFO - Processing file /home/airflow/.local/lib/python3.8/site-packages/airflow/example_dags/example_branch_labels.py for tasks to queue
[2023-10-18T14:56:06.095+0000] {logging_mixin.py:151} INFO - [2023-10-18T14:56:06.094+0000] {dagbag.py:536} INFO - Filling up the DagBag from /home/airflow/.local/lib/python3.8/site-packages/airflow/example_dags/example_branch_labels.py
[2023-10-18T14:56:06.102+0000] {processor.py:839} INFO - DAG(s) dict_keys(['example_branch_labels']) retrieved from /home/airflow/.local/lib/python3.8/site-packages/airflow/example_dags/example_branch_labels.py
[2023-10-18T14:56:06.128+0000] {logging_mixin.py:151} INFO - [2023-10-18T14:56:06.128+0000] {dag.py:2941} INFO - Sync 1 DAGs
[2023-10-18T14:56:06.146+0000] {logging_mixin.py:151} INFO - [2023-10-18T14:56:06.146+0000] {dag.py:3722} INFO - Setting next_dagrun for example_branch_labels to 2023-10-17T00:00:00+00:00, run_after=2023-10-18T00:00:00+00:00
[2023-10-18T14:56:06.162+0000] {processor.py:179} INFO - Processing /home/airflow/.local/lib/python3.8/site-packages/airflow/example_dags/example_branch_labels.py took 0.077 seconds
