[2023-10-18T14:54:03.426+0000] {processor.py:157} INFO - Started process (PID=65) to work on /home/airflow/.local/lib/python3.8/site-packages/airflow/example_dags/example_sensors.py
[2023-10-18T14:54:03.428+0000] {processor.py:829} INFO - Processing file /home/airflow/.local/lib/python3.8/site-packages/airflow/example_dags/example_sensors.py for tasks to queue
[2023-10-18T14:54:03.432+0000] {logging_mixin.py:151} INFO - [2023-10-18T14:54:03.431+0000] {dagbag.py:536} INFO - Filling up the DagBag from /home/airflow/.local/lib/python3.8/site-packages/airflow/example_dags/example_sensors.py
[2023-10-18T14:54:03.453+0000] {processor.py:839} INFO - DAG(s) dict_keys(['example_sensors']) retrieved from /home/airflow/.local/lib/python3.8/site-packages/airflow/example_dags/example_sensors.py
[2023-10-18T14:54:03.496+0000] {logging_mixin.py:151} INFO - [2023-10-18T14:54:03.496+0000] {dag.py:2941} INFO - Sync 1 DAGs
[2023-10-18T14:54:03.525+0000] {logging_mixin.py:151} INFO - [2023-10-18T14:54:03.524+0000] {dag.py:3722} INFO - Setting next_dagrun for example_sensors to None, run_after=None
[2023-10-18T14:54:03.561+0000] {processor.py:179} INFO - Processing /home/airflow/.local/lib/python3.8/site-packages/airflow/example_dags/example_sensors.py took 0.139 seconds
[2023-10-18T14:54:34.095+0000] {processor.py:157} INFO - Started process (PID=119) to work on /home/airflow/.local/lib/python3.8/site-packages/airflow/example_dags/example_sensors.py
[2023-10-18T14:54:34.098+0000] {processor.py:829} INFO - Processing file /home/airflow/.local/lib/python3.8/site-packages/airflow/example_dags/example_sensors.py for tasks to queue
[2023-10-18T14:54:34.103+0000] {logging_mixin.py:151} INFO - [2023-10-18T14:54:34.102+0000] {dagbag.py:536} INFO - Filling up the DagBag from /home/airflow/.local/lib/python3.8/site-packages/airflow/example_dags/example_sensors.py
[2023-10-18T14:54:34.114+0000] {processor.py:839} INFO - DAG(s) dict_keys(['example_sensors']) retrieved from /home/airflow/.local/lib/python3.8/site-packages/airflow/example_dags/example_sensors.py
[2023-10-18T14:54:34.142+0000] {logging_mixin.py:151} INFO - [2023-10-18T14:54:34.142+0000] {dag.py:2941} INFO - Sync 1 DAGs
[2023-10-18T14:54:34.153+0000] {logging_mixin.py:151} INFO - [2023-10-18T14:54:34.153+0000] {dag.py:3722} INFO - Setting next_dagrun for example_sensors to None, run_after=None
[2023-10-18T14:54:34.172+0000] {processor.py:179} INFO - Processing /home/airflow/.local/lib/python3.8/site-packages/airflow/example_dags/example_sensors.py took 0.084 seconds
[2023-10-18T14:55:04.542+0000] {processor.py:157} INFO - Started process (PID=173) to work on /home/airflow/.local/lib/python3.8/site-packages/airflow/example_dags/example_sensors.py
[2023-10-18T14:55:04.545+0000] {processor.py:829} INFO - Processing file /home/airflow/.local/lib/python3.8/site-packages/airflow/example_dags/example_sensors.py for tasks to queue
[2023-10-18T14:55:04.550+0000] {logging_mixin.py:151} INFO - [2023-10-18T14:55:04.549+0000] {dagbag.py:536} INFO - Filling up the DagBag from /home/airflow/.local/lib/python3.8/site-packages/airflow/example_dags/example_sensors.py
[2023-10-18T14:55:04.557+0000] {processor.py:839} INFO - DAG(s) dict_keys(['example_sensors']) retrieved from /home/airflow/.local/lib/python3.8/site-packages/airflow/example_dags/example_sensors.py
[2023-10-18T14:55:04.581+0000] {logging_mixin.py:151} INFO - [2023-10-18T14:55:04.581+0000] {dag.py:2941} INFO - Sync 1 DAGs
[2023-10-18T14:55:04.593+0000] {logging_mixin.py:151} INFO - [2023-10-18T14:55:04.592+0000] {dag.py:3722} INFO - Setting next_dagrun for example_sensors to None, run_after=None
[2023-10-18T14:55:04.609+0000] {processor.py:179} INFO - Processing /home/airflow/.local/lib/python3.8/site-packages/airflow/example_dags/example_sensors.py took 0.070 seconds
[2023-10-18T14:55:35.307+0000] {processor.py:157} INFO - Started process (PID=227) to work on /home/airflow/.local/lib/python3.8/site-packages/airflow/example_dags/example_sensors.py
[2023-10-18T14:55:35.310+0000] {processor.py:829} INFO - Processing file /home/airflow/.local/lib/python3.8/site-packages/airflow/example_dags/example_sensors.py for tasks to queue
[2023-10-18T14:55:35.320+0000] {logging_mixin.py:151} INFO - [2023-10-18T14:55:35.320+0000] {dagbag.py:536} INFO - Filling up the DagBag from /home/airflow/.local/lib/python3.8/site-packages/airflow/example_dags/example_sensors.py
[2023-10-18T14:55:35.328+0000] {processor.py:839} INFO - DAG(s) dict_keys(['example_sensors']) retrieved from /home/airflow/.local/lib/python3.8/site-packages/airflow/example_dags/example_sensors.py
[2023-10-18T14:55:35.354+0000] {logging_mixin.py:151} INFO - [2023-10-18T14:55:35.354+0000] {dag.py:2941} INFO - Sync 1 DAGs
[2023-10-18T14:55:35.367+0000] {logging_mixin.py:151} INFO - [2023-10-18T14:55:35.367+0000] {dag.py:3722} INFO - Setting next_dagrun for example_sensors to None, run_after=None
[2023-10-18T14:55:35.391+0000] {processor.py:179} INFO - Processing /home/airflow/.local/lib/python3.8/site-packages/airflow/example_dags/example_sensors.py took 0.086 seconds
[2023-10-18T14:56:05.990+0000] {processor.py:157} INFO - Started process (PID=281) to work on /home/airflow/.local/lib/python3.8/site-packages/airflow/example_dags/example_sensors.py
[2023-10-18T14:56:05.993+0000] {processor.py:829} INFO - Processing file /home/airflow/.local/lib/python3.8/site-packages/airflow/example_dags/example_sensors.py for tasks to queue
[2023-10-18T14:56:05.997+0000] {logging_mixin.py:151} INFO - [2023-10-18T14:56:05.996+0000] {dagbag.py:536} INFO - Filling up the DagBag from /home/airflow/.local/lib/python3.8/site-packages/airflow/example_dags/example_sensors.py
[2023-10-18T14:56:06.007+0000] {processor.py:839} INFO - DAG(s) dict_keys(['example_sensors']) retrieved from /home/airflow/.local/lib/python3.8/site-packages/airflow/example_dags/example_sensors.py
[2023-10-18T14:56:06.041+0000] {logging_mixin.py:151} INFO - [2023-10-18T14:56:06.041+0000] {dag.py:2941} INFO - Sync 1 DAGs
[2023-10-18T14:56:06.054+0000] {logging_mixin.py:151} INFO - [2023-10-18T14:56:06.054+0000] {dag.py:3722} INFO - Setting next_dagrun for example_sensors to None, run_after=None
[2023-10-18T14:56:06.074+0000] {processor.py:179} INFO - Processing /home/airflow/.local/lib/python3.8/site-packages/airflow/example_dags/example_sensors.py took 0.087 seconds
