[2023-10-18T14:53:59.014+0000] {processor.py:157} INFO - Started process (PID=36) to work on /home/airflow/.local/lib/python3.8/site-packages/airflow/example_dags/example_latest_only_with_trigger.py
[2023-10-18T14:53:59.017+0000] {processor.py:829} INFO - Processing file /home/airflow/.local/lib/python3.8/site-packages/airflow/example_dags/example_latest_only_with_trigger.py for tasks to queue
[2023-10-18T14:53:59.024+0000] {logging_mixin.py:151} INFO - [2023-10-18T14:53:59.024+0000] {dagbag.py:536} INFO - Filling up the DagBag from /home/airflow/.local/lib/python3.8/site-packages/airflow/example_dags/example_latest_only_with_trigger.py
[2023-10-18T14:53:59.035+0000] {processor.py:839} INFO - DAG(s) dict_keys(['latest_only_with_trigger']) retrieved from /home/airflow/.local/lib/python3.8/site-packages/airflow/example_dags/example_latest_only_with_trigger.py
[2023-10-18T14:53:59.057+0000] {logging_mixin.py:151} INFO - [2023-10-18T14:53:59.056+0000] {dag.py:2941} INFO - Sync 1 DAGs
[2023-10-18T14:53:59.114+0000] {logging_mixin.py:151} INFO - [2023-10-18T14:53:59.114+0000] {dag.py:3722} INFO - Setting next_dagrun for latest_only_with_trigger to 2023-10-18T10:53:59.114307+00:00, run_after=2023-10-18T14:53:59.114307+00:00
[2023-10-18T14:53:59.136+0000] {processor.py:179} INFO - Processing /home/airflow/.local/lib/python3.8/site-packages/airflow/example_dags/example_latest_only_with_trigger.py took 0.125 seconds
[2023-10-18T14:54:29.587+0000] {processor.py:157} INFO - Started process (PID=90) to work on /home/airflow/.local/lib/python3.8/site-packages/airflow/example_dags/example_latest_only_with_trigger.py
[2023-10-18T14:54:29.590+0000] {processor.py:829} INFO - Processing file /home/airflow/.local/lib/python3.8/site-packages/airflow/example_dags/example_latest_only_with_trigger.py for tasks to queue
[2023-10-18T14:54:29.594+0000] {logging_mixin.py:151} INFO - [2023-10-18T14:54:29.593+0000] {dagbag.py:536} INFO - Filling up the DagBag from /home/airflow/.local/lib/python3.8/site-packages/airflow/example_dags/example_latest_only_with_trigger.py
[2023-10-18T14:54:29.602+0000] {processor.py:839} INFO - DAG(s) dict_keys(['latest_only_with_trigger']) retrieved from /home/airflow/.local/lib/python3.8/site-packages/airflow/example_dags/example_latest_only_with_trigger.py
[2023-10-18T14:54:29.633+0000] {logging_mixin.py:151} INFO - [2023-10-18T14:54:29.633+0000] {dag.py:2941} INFO - Sync 1 DAGs
[2023-10-18T14:54:29.650+0000] {logging_mixin.py:151} INFO - [2023-10-18T14:54:29.649+0000] {dag.py:3722} INFO - Setting next_dagrun for latest_only_with_trigger to 2023-10-18T10:54:29.649722+00:00, run_after=2023-10-18T14:54:29.649722+00:00
[2023-10-18T14:54:29.667+0000] {processor.py:179} INFO - Processing /home/airflow/.local/lib/python3.8/site-packages/airflow/example_dags/example_latest_only_with_trigger.py took 0.083 seconds
[2023-10-18T14:54:59.783+0000] {processor.py:157} INFO - Started process (PID=144) to work on /home/airflow/.local/lib/python3.8/site-packages/airflow/example_dags/example_latest_only_with_trigger.py
[2023-10-18T14:54:59.785+0000] {processor.py:829} INFO - Processing file /home/airflow/.local/lib/python3.8/site-packages/airflow/example_dags/example_latest_only_with_trigger.py for tasks to queue
[2023-10-18T14:54:59.788+0000] {logging_mixin.py:151} INFO - [2023-10-18T14:54:59.788+0000] {dagbag.py:536} INFO - Filling up the DagBag from /home/airflow/.local/lib/python3.8/site-packages/airflow/example_dags/example_latest_only_with_trigger.py
[2023-10-18T14:54:59.797+0000] {processor.py:839} INFO - DAG(s) dict_keys(['latest_only_with_trigger']) retrieved from /home/airflow/.local/lib/python3.8/site-packages/airflow/example_dags/example_latest_only_with_trigger.py
[2023-10-18T14:54:59.822+0000] {logging_mixin.py:151} INFO - [2023-10-18T14:54:59.822+0000] {dag.py:2941} INFO - Sync 1 DAGs
[2023-10-18T14:54:59.837+0000] {logging_mixin.py:151} INFO - [2023-10-18T14:54:59.837+0000] {dag.py:3722} INFO - Setting next_dagrun for latest_only_with_trigger to 2023-10-18T10:54:59.837485+00:00, run_after=2023-10-18T14:54:59.837485+00:00
[2023-10-18T14:54:59.854+0000] {processor.py:179} INFO - Processing /home/airflow/.local/lib/python3.8/site-packages/airflow/example_dags/example_latest_only_with_trigger.py took 0.075 seconds
[2023-10-18T14:55:30.230+0000] {processor.py:157} INFO - Started process (PID=198) to work on /home/airflow/.local/lib/python3.8/site-packages/airflow/example_dags/example_latest_only_with_trigger.py
[2023-10-18T14:55:30.233+0000] {processor.py:829} INFO - Processing file /home/airflow/.local/lib/python3.8/site-packages/airflow/example_dags/example_latest_only_with_trigger.py for tasks to queue
[2023-10-18T14:55:30.236+0000] {logging_mixin.py:151} INFO - [2023-10-18T14:55:30.235+0000] {dagbag.py:536} INFO - Filling up the DagBag from /home/airflow/.local/lib/python3.8/site-packages/airflow/example_dags/example_latest_only_with_trigger.py
[2023-10-18T14:55:30.242+0000] {processor.py:839} INFO - DAG(s) dict_keys(['latest_only_with_trigger']) retrieved from /home/airflow/.local/lib/python3.8/site-packages/airflow/example_dags/example_latest_only_with_trigger.py
[2023-10-18T14:55:30.264+0000] {logging_mixin.py:151} INFO - [2023-10-18T14:55:30.264+0000] {dag.py:2941} INFO - Sync 1 DAGs
[2023-10-18T14:55:30.279+0000] {logging_mixin.py:151} INFO - [2023-10-18T14:55:30.279+0000] {dag.py:3722} INFO - Setting next_dagrun for latest_only_with_trigger to 2023-10-18T10:55:30.279643+00:00, run_after=2023-10-18T14:55:30.279643+00:00
[2023-10-18T14:55:30.294+0000] {processor.py:179} INFO - Processing /home/airflow/.local/lib/python3.8/site-packages/airflow/example_dags/example_latest_only_with_trigger.py took 0.068 seconds
[2023-10-18T14:56:00.945+0000] {processor.py:157} INFO - Started process (PID=252) to work on /home/airflow/.local/lib/python3.8/site-packages/airflow/example_dags/example_latest_only_with_trigger.py
[2023-10-18T14:56:00.947+0000] {processor.py:829} INFO - Processing file /home/airflow/.local/lib/python3.8/site-packages/airflow/example_dags/example_latest_only_with_trigger.py for tasks to queue
[2023-10-18T14:56:00.950+0000] {logging_mixin.py:151} INFO - [2023-10-18T14:56:00.950+0000] {dagbag.py:536} INFO - Filling up the DagBag from /home/airflow/.local/lib/python3.8/site-packages/airflow/example_dags/example_latest_only_with_trigger.py
[2023-10-18T14:56:00.958+0000] {processor.py:839} INFO - DAG(s) dict_keys(['latest_only_with_trigger']) retrieved from /home/airflow/.local/lib/python3.8/site-packages/airflow/example_dags/example_latest_only_with_trigger.py
[2023-10-18T14:56:00.977+0000] {logging_mixin.py:151} INFO - [2023-10-18T14:56:00.977+0000] {dag.py:2941} INFO - Sync 1 DAGs
[2023-10-18T14:56:01.005+0000] {logging_mixin.py:151} INFO - [2023-10-18T14:56:01.004+0000] {dag.py:3722} INFO - Setting next_dagrun for latest_only_with_trigger to 2023-10-18T10:56:01.004663+00:00, run_after=2023-10-18T14:56:01.004663+00:00
[2023-10-18T14:56:01.027+0000] {processor.py:179} INFO - Processing /home/airflow/.local/lib/python3.8/site-packages/airflow/example_dags/example_latest_only_with_trigger.py took 0.085 seconds
