[2023-10-18T14:54:01.318+0000] {processor.py:157} INFO - Started process (PID=49) to work on /home/airflow/.local/lib/python3.8/site-packages/airflow/example_dags/example_bash_operator.py
[2023-10-18T14:54:01.329+0000] {processor.py:829} INFO - Processing file /home/airflow/.local/lib/python3.8/site-packages/airflow/example_dags/example_bash_operator.py for tasks to queue
[2023-10-18T14:54:01.335+0000] {logging_mixin.py:151} INFO - [2023-10-18T14:54:01.334+0000] {dagbag.py:536} INFO - Filling up the DagBag from /home/airflow/.local/lib/python3.8/site-packages/airflow/example_dags/example_bash_operator.py
[2023-10-18T14:54:01.364+0000] {processor.py:839} INFO - DAG(s) dict_keys(['example_bash_operator']) retrieved from /home/airflow/.local/lib/python3.8/site-packages/airflow/example_dags/example_bash_operator.py
[2023-10-18T14:54:01.393+0000] {logging_mixin.py:151} INFO - [2023-10-18T14:54:01.393+0000] {dag.py:2941} INFO - Sync 1 DAGs
[2023-10-18T14:54:01.478+0000] {logging_mixin.py:151} INFO - [2023-10-18T14:54:01.477+0000] {dag.py:3722} INFO - Setting next_dagrun for example_bash_operator to 2023-10-17T00:00:00+00:00, run_after=2023-10-18T00:00:00+00:00
[2023-10-18T14:54:01.525+0000] {processor.py:179} INFO - Processing /home/airflow/.local/lib/python3.8/site-packages/airflow/example_dags/example_bash_operator.py took 0.241 seconds
[2023-10-18T14:54:31.878+0000] {processor.py:157} INFO - Started process (PID=103) to work on /home/airflow/.local/lib/python3.8/site-packages/airflow/example_dags/example_bash_operator.py
[2023-10-18T14:54:31.880+0000] {processor.py:829} INFO - Processing file /home/airflow/.local/lib/python3.8/site-packages/airflow/example_dags/example_bash_operator.py for tasks to queue
[2023-10-18T14:54:31.884+0000] {logging_mixin.py:151} INFO - [2023-10-18T14:54:31.884+0000] {dagbag.py:536} INFO - Filling up the DagBag from /home/airflow/.local/lib/python3.8/site-packages/airflow/example_dags/example_bash_operator.py
[2023-10-18T14:54:31.901+0000] {processor.py:839} INFO - DAG(s) dict_keys(['example_bash_operator']) retrieved from /home/airflow/.local/lib/python3.8/site-packages/airflow/example_dags/example_bash_operator.py
[2023-10-18T14:54:31.936+0000] {logging_mixin.py:151} INFO - [2023-10-18T14:54:31.936+0000] {dag.py:2941} INFO - Sync 1 DAGs
[2023-10-18T14:54:31.954+0000] {logging_mixin.py:151} INFO - [2023-10-18T14:54:31.954+0000] {dag.py:3722} INFO - Setting next_dagrun for example_bash_operator to 2023-10-17T00:00:00+00:00, run_after=2023-10-18T00:00:00+00:00
[2023-10-18T14:54:31.970+0000] {processor.py:179} INFO - Processing /home/airflow/.local/lib/python3.8/site-packages/airflow/example_dags/example_bash_operator.py took 0.096 seconds
[2023-10-18T14:55:02.593+0000] {processor.py:157} INFO - Started process (PID=157) to work on /home/airflow/.local/lib/python3.8/site-packages/airflow/example_dags/example_bash_operator.py
[2023-10-18T14:55:02.595+0000] {processor.py:829} INFO - Processing file /home/airflow/.local/lib/python3.8/site-packages/airflow/example_dags/example_bash_operator.py for tasks to queue
[2023-10-18T14:55:02.598+0000] {logging_mixin.py:151} INFO - [2023-10-18T14:55:02.598+0000] {dagbag.py:536} INFO - Filling up the DagBag from /home/airflow/.local/lib/python3.8/site-packages/airflow/example_dags/example_bash_operator.py
[2023-10-18T14:55:02.608+0000] {processor.py:839} INFO - DAG(s) dict_keys(['example_bash_operator']) retrieved from /home/airflow/.local/lib/python3.8/site-packages/airflow/example_dags/example_bash_operator.py
[2023-10-18T14:55:02.632+0000] {logging_mixin.py:151} INFO - [2023-10-18T14:55:02.632+0000] {dag.py:2941} INFO - Sync 1 DAGs
[2023-10-18T14:55:02.649+0000] {logging_mixin.py:151} INFO - [2023-10-18T14:55:02.649+0000] {dag.py:3722} INFO - Setting next_dagrun for example_bash_operator to 2023-10-17T00:00:00+00:00, run_after=2023-10-18T00:00:00+00:00
[2023-10-18T14:55:02.663+0000] {processor.py:179} INFO - Processing /home/airflow/.local/lib/python3.8/site-packages/airflow/example_dags/example_bash_operator.py took 0.073 seconds
[2023-10-18T14:55:33.053+0000] {processor.py:157} INFO - Started process (PID=211) to work on /home/airflow/.local/lib/python3.8/site-packages/airflow/example_dags/example_bash_operator.py
[2023-10-18T14:55:33.057+0000] {processor.py:829} INFO - Processing file /home/airflow/.local/lib/python3.8/site-packages/airflow/example_dags/example_bash_operator.py for tasks to queue
[2023-10-18T14:55:33.064+0000] {logging_mixin.py:151} INFO - [2023-10-18T14:55:33.064+0000] {dagbag.py:536} INFO - Filling up the DagBag from /home/airflow/.local/lib/python3.8/site-packages/airflow/example_dags/example_bash_operator.py
[2023-10-18T14:55:33.075+0000] {processor.py:839} INFO - DAG(s) dict_keys(['example_bash_operator']) retrieved from /home/airflow/.local/lib/python3.8/site-packages/airflow/example_dags/example_bash_operator.py
[2023-10-18T14:55:33.102+0000] {logging_mixin.py:151} INFO - [2023-10-18T14:55:33.102+0000] {dag.py:2941} INFO - Sync 1 DAGs
[2023-10-18T14:55:33.118+0000] {logging_mixin.py:151} INFO - [2023-10-18T14:55:33.118+0000] {dag.py:3722} INFO - Setting next_dagrun for example_bash_operator to 2023-10-17T00:00:00+00:00, run_after=2023-10-18T00:00:00+00:00
[2023-10-18T14:55:33.132+0000] {processor.py:179} INFO - Processing /home/airflow/.local/lib/python3.8/site-packages/airflow/example_dags/example_bash_operator.py took 0.081 seconds
[2023-10-18T14:56:03.784+0000] {processor.py:157} INFO - Started process (PID=265) to work on /home/airflow/.local/lib/python3.8/site-packages/airflow/example_dags/example_bash_operator.py
[2023-10-18T14:56:03.786+0000] {processor.py:829} INFO - Processing file /home/airflow/.local/lib/python3.8/site-packages/airflow/example_dags/example_bash_operator.py for tasks to queue
[2023-10-18T14:56:03.790+0000] {logging_mixin.py:151} INFO - [2023-10-18T14:56:03.790+0000] {dagbag.py:536} INFO - Filling up the DagBag from /home/airflow/.local/lib/python3.8/site-packages/airflow/example_dags/example_bash_operator.py
[2023-10-18T14:56:03.802+0000] {processor.py:839} INFO - DAG(s) dict_keys(['example_bash_operator']) retrieved from /home/airflow/.local/lib/python3.8/site-packages/airflow/example_dags/example_bash_operator.py
[2023-10-18T14:56:03.835+0000] {logging_mixin.py:151} INFO - [2023-10-18T14:56:03.835+0000] {dag.py:2941} INFO - Sync 1 DAGs
[2023-10-18T14:56:03.860+0000] {logging_mixin.py:151} INFO - [2023-10-18T14:56:03.859+0000] {dag.py:3722} INFO - Setting next_dagrun for example_bash_operator to 2023-10-17T00:00:00+00:00, run_after=2023-10-18T00:00:00+00:00
[2023-10-18T14:56:03.874+0000] {processor.py:179} INFO - Processing /home/airflow/.local/lib/python3.8/site-packages/airflow/example_dags/example_bash_operator.py took 0.093 seconds
