[2023-10-18T14:53:59.841+0000] {processor.py:157} INFO - Started process (PID=42) to work on /home/airflow/.local/lib/python3.8/site-packages/airflow/example_dags/example_branch_operator.py
[2023-10-18T14:53:59.853+0000] {processor.py:829} INFO - Processing file /home/airflow/.local/lib/python3.8/site-packages/airflow/example_dags/example_branch_operator.py for tasks to queue
[2023-10-18T14:53:59.863+0000] {logging_mixin.py:151} INFO - [2023-10-18T14:53:59.862+0000] {dagbag.py:536} INFO - Filling up the DagBag from /home/airflow/.local/lib/python3.8/site-packages/airflow/example_dags/example_branch_operator.py
[2023-10-18T14:53:59.920+0000] {processor.py:839} INFO - DAG(s) dict_keys(['example_branch_operator']) retrieved from /home/airflow/.local/lib/python3.8/site-packages/airflow/example_dags/example_branch_operator.py
[2023-10-18T14:53:59.958+0000] {logging_mixin.py:151} INFO - [2023-10-18T14:53:59.957+0000] {dag.py:2941} INFO - Sync 1 DAGs
[2023-10-18T14:54:00.043+0000] {logging_mixin.py:151} INFO - [2023-10-18T14:54:00.042+0000] {dag.py:3722} INFO - Setting next_dagrun for example_branch_operator to 2023-10-17T00:00:00+00:00, run_after=2023-10-18T00:00:00+00:00
[2023-10-18T14:54:00.111+0000] {processor.py:179} INFO - Processing /home/airflow/.local/lib/python3.8/site-packages/airflow/example_dags/example_branch_operator.py took 0.276 seconds
[2023-10-18T14:54:30.362+0000] {processor.py:157} INFO - Started process (PID=96) to work on /home/airflow/.local/lib/python3.8/site-packages/airflow/example_dags/example_branch_operator.py
[2023-10-18T14:54:30.365+0000] {processor.py:829} INFO - Processing file /home/airflow/.local/lib/python3.8/site-packages/airflow/example_dags/example_branch_operator.py for tasks to queue
[2023-10-18T14:54:30.386+0000] {logging_mixin.py:151} INFO - [2023-10-18T14:54:30.385+0000] {dagbag.py:536} INFO - Filling up the DagBag from /home/airflow/.local/lib/python3.8/site-packages/airflow/example_dags/example_branch_operator.py
[2023-10-18T14:54:30.404+0000] {processor.py:839} INFO - DAG(s) dict_keys(['example_branch_operator']) retrieved from /home/airflow/.local/lib/python3.8/site-packages/airflow/example_dags/example_branch_operator.py
[2023-10-18T14:54:30.431+0000] {logging_mixin.py:151} INFO - [2023-10-18T14:54:30.431+0000] {dag.py:2941} INFO - Sync 1 DAGs
[2023-10-18T14:54:30.448+0000] {logging_mixin.py:151} INFO - [2023-10-18T14:54:30.448+0000] {dag.py:3722} INFO - Setting next_dagrun for example_branch_operator to 2023-10-17T00:00:00+00:00, run_after=2023-10-18T00:00:00+00:00
[2023-10-18T14:54:30.463+0000] {processor.py:179} INFO - Processing /home/airflow/.local/lib/python3.8/site-packages/airflow/example_dags/example_branch_operator.py took 0.105 seconds
[2023-10-18T14:55:01.149+0000] {processor.py:157} INFO - Started process (PID=150) to work on /home/airflow/.local/lib/python3.8/site-packages/airflow/example_dags/example_branch_operator.py
[2023-10-18T14:55:01.154+0000] {processor.py:829} INFO - Processing file /home/airflow/.local/lib/python3.8/site-packages/airflow/example_dags/example_branch_operator.py for tasks to queue
[2023-10-18T14:55:01.157+0000] {logging_mixin.py:151} INFO - [2023-10-18T14:55:01.156+0000] {dagbag.py:536} INFO - Filling up the DagBag from /home/airflow/.local/lib/python3.8/site-packages/airflow/example_dags/example_branch_operator.py
[2023-10-18T14:55:01.165+0000] {processor.py:839} INFO - DAG(s) dict_keys(['example_branch_operator']) retrieved from /home/airflow/.local/lib/python3.8/site-packages/airflow/example_dags/example_branch_operator.py
[2023-10-18T14:55:01.190+0000] {logging_mixin.py:151} INFO - [2023-10-18T14:55:01.189+0000] {dag.py:2941} INFO - Sync 1 DAGs
[2023-10-18T14:55:01.210+0000] {logging_mixin.py:151} INFO - [2023-10-18T14:55:01.210+0000] {dag.py:3722} INFO - Setting next_dagrun for example_branch_operator to 2023-10-17T00:00:00+00:00, run_after=2023-10-18T00:00:00+00:00
[2023-10-18T14:55:01.225+0000] {processor.py:179} INFO - Processing /home/airflow/.local/lib/python3.8/site-packages/airflow/example_dags/example_branch_operator.py took 0.079 seconds
[2023-10-18T14:55:31.603+0000] {processor.py:157} INFO - Started process (PID=204) to work on /home/airflow/.local/lib/python3.8/site-packages/airflow/example_dags/example_branch_operator.py
[2023-10-18T14:55:31.605+0000] {processor.py:829} INFO - Processing file /home/airflow/.local/lib/python3.8/site-packages/airflow/example_dags/example_branch_operator.py for tasks to queue
[2023-10-18T14:55:31.608+0000] {logging_mixin.py:151} INFO - [2023-10-18T14:55:31.608+0000] {dagbag.py:536} INFO - Filling up the DagBag from /home/airflow/.local/lib/python3.8/site-packages/airflow/example_dags/example_branch_operator.py
[2023-10-18T14:55:31.617+0000] {processor.py:839} INFO - DAG(s) dict_keys(['example_branch_operator']) retrieved from /home/airflow/.local/lib/python3.8/site-packages/airflow/example_dags/example_branch_operator.py
[2023-10-18T14:55:31.640+0000] {logging_mixin.py:151} INFO - [2023-10-18T14:55:31.640+0000] {dag.py:2941} INFO - Sync 1 DAGs
[2023-10-18T14:55:31.658+0000] {logging_mixin.py:151} INFO - [2023-10-18T14:55:31.657+0000] {dag.py:3722} INFO - Setting next_dagrun for example_branch_operator to 2023-10-17T00:00:00+00:00, run_after=2023-10-18T00:00:00+00:00
[2023-10-18T14:55:31.676+0000] {processor.py:179} INFO - Processing /home/airflow/.local/lib/python3.8/site-packages/airflow/example_dags/example_branch_operator.py took 0.077 seconds
[2023-10-18T14:56:02.660+0000] {processor.py:157} INFO - Started process (PID=258) to work on /home/airflow/.local/lib/python3.8/site-packages/airflow/example_dags/example_branch_operator.py
[2023-10-18T14:56:02.664+0000] {processor.py:829} INFO - Processing file /home/airflow/.local/lib/python3.8/site-packages/airflow/example_dags/example_branch_operator.py for tasks to queue
[2023-10-18T14:56:02.678+0000] {logging_mixin.py:151} INFO - [2023-10-18T14:56:02.677+0000] {dagbag.py:536} INFO - Filling up the DagBag from /home/airflow/.local/lib/python3.8/site-packages/airflow/example_dags/example_branch_operator.py
[2023-10-18T14:56:02.693+0000] {processor.py:839} INFO - DAG(s) dict_keys(['example_branch_operator']) retrieved from /home/airflow/.local/lib/python3.8/site-packages/airflow/example_dags/example_branch_operator.py
[2023-10-18T14:56:02.725+0000] {logging_mixin.py:151} INFO - [2023-10-18T14:56:02.725+0000] {dag.py:2941} INFO - Sync 1 DAGs
[2023-10-18T14:56:02.748+0000] {logging_mixin.py:151} INFO - [2023-10-18T14:56:02.747+0000] {dag.py:3722} INFO - Setting next_dagrun for example_branch_operator to 2023-10-17T00:00:00+00:00, run_after=2023-10-18T00:00:00+00:00
[2023-10-18T14:56:02.772+0000] {processor.py:179} INFO - Processing /home/airflow/.local/lib/python3.8/site-packages/airflow/example_dags/example_branch_operator.py took 0.121 seconds
