[2023-10-18T14:53:59.690+0000] {processor.py:157} INFO - Started process (PID=41) to work on /home/airflow/.local/lib/python3.8/site-packages/airflow/example_dags/example_external_task_marker_dag.py
[2023-10-18T14:53:59.692+0000] {processor.py:829} INFO - Processing file /home/airflow/.local/lib/python3.8/site-packages/airflow/example_dags/example_external_task_marker_dag.py for tasks to queue
[2023-10-18T14:53:59.716+0000] {logging_mixin.py:151} INFO - [2023-10-18T14:53:59.697+0000] {dagbag.py:536} INFO - Filling up the DagBag from /home/airflow/.local/lib/python3.8/site-packages/airflow/example_dags/example_external_task_marker_dag.py
[2023-10-18T14:53:59.780+0000] {processor.py:839} INFO - DAG(s) dict_keys(['example_external_task_marker_child', 'example_external_task_marker_parent']) retrieved from /home/airflow/.local/lib/python3.8/site-packages/airflow/example_dags/example_external_task_marker_dag.py
[2023-10-18T14:53:59.806+0000] {logging_mixin.py:151} INFO - [2023-10-18T14:53:59.806+0000] {dag.py:2941} INFO - Sync 2 DAGs
[2023-10-18T14:53:59.850+0000] {logging_mixin.py:151} INFO - [2023-10-18T14:53:59.849+0000] {dag.py:3722} INFO - Setting next_dagrun for example_external_task_marker_child to None, run_after=None
[2023-10-18T14:53:59.863+0000] {logging_mixin.py:151} INFO - [2023-10-18T14:53:59.863+0000] {dag.py:3722} INFO - Setting next_dagrun for example_external_task_marker_parent to None, run_after=None
[2023-10-18T14:53:59.897+0000] {processor.py:179} INFO - Processing /home/airflow/.local/lib/python3.8/site-packages/airflow/example_dags/example_external_task_marker_dag.py took 0.222 seconds
[2023-10-18T14:54:30.153+0000] {processor.py:157} INFO - Started process (PID=95) to work on /home/airflow/.local/lib/python3.8/site-packages/airflow/example_dags/example_external_task_marker_dag.py
[2023-10-18T14:54:30.158+0000] {processor.py:829} INFO - Processing file /home/airflow/.local/lib/python3.8/site-packages/airflow/example_dags/example_external_task_marker_dag.py for tasks to queue
[2023-10-18T14:54:30.175+0000] {logging_mixin.py:151} INFO - [2023-10-18T14:54:30.174+0000] {dagbag.py:536} INFO - Filling up the DagBag from /home/airflow/.local/lib/python3.8/site-packages/airflow/example_dags/example_external_task_marker_dag.py
[2023-10-18T14:54:30.191+0000] {processor.py:839} INFO - DAG(s) dict_keys(['example_external_task_marker_parent', 'example_external_task_marker_child']) retrieved from /home/airflow/.local/lib/python3.8/site-packages/airflow/example_dags/example_external_task_marker_dag.py
[2023-10-18T14:54:30.249+0000] {logging_mixin.py:151} INFO - [2023-10-18T14:54:30.249+0000] {dag.py:2941} INFO - Sync 2 DAGs
[2023-10-18T14:54:30.268+0000] {logging_mixin.py:151} INFO - [2023-10-18T14:54:30.268+0000] {dag.py:3722} INFO - Setting next_dagrun for example_external_task_marker_child to None, run_after=None
[2023-10-18T14:54:30.277+0000] {logging_mixin.py:151} INFO - [2023-10-18T14:54:30.276+0000] {dag.py:3722} INFO - Setting next_dagrun for example_external_task_marker_parent to None, run_after=None
[2023-10-18T14:54:30.301+0000] {processor.py:179} INFO - Processing /home/airflow/.local/lib/python3.8/site-packages/airflow/example_dags/example_external_task_marker_dag.py took 0.158 seconds
[2023-10-18T14:55:01.122+0000] {processor.py:157} INFO - Started process (PID=149) to work on /home/airflow/.local/lib/python3.8/site-packages/airflow/example_dags/example_external_task_marker_dag.py
[2023-10-18T14:55:01.124+0000] {processor.py:829} INFO - Processing file /home/airflow/.local/lib/python3.8/site-packages/airflow/example_dags/example_external_task_marker_dag.py for tasks to queue
[2023-10-18T14:55:01.128+0000] {logging_mixin.py:151} INFO - [2023-10-18T14:55:01.127+0000] {dagbag.py:536} INFO - Filling up the DagBag from /home/airflow/.local/lib/python3.8/site-packages/airflow/example_dags/example_external_task_marker_dag.py
[2023-10-18T14:55:01.134+0000] {processor.py:839} INFO - DAG(s) dict_keys(['example_external_task_marker_parent', 'example_external_task_marker_child']) retrieved from /home/airflow/.local/lib/python3.8/site-packages/airflow/example_dags/example_external_task_marker_dag.py
[2023-10-18T14:55:01.166+0000] {logging_mixin.py:151} INFO - [2023-10-18T14:55:01.166+0000] {dag.py:2941} INFO - Sync 2 DAGs
[2023-10-18T14:55:01.177+0000] {logging_mixin.py:151} INFO - [2023-10-18T14:55:01.177+0000] {dag.py:3722} INFO - Setting next_dagrun for example_external_task_marker_child to None, run_after=None
[2023-10-18T14:55:01.181+0000] {logging_mixin.py:151} INFO - [2023-10-18T14:55:01.181+0000] {dag.py:3722} INFO - Setting next_dagrun for example_external_task_marker_parent to None, run_after=None
[2023-10-18T14:55:01.195+0000] {processor.py:179} INFO - Processing /home/airflow/.local/lib/python3.8/site-packages/airflow/example_dags/example_external_task_marker_dag.py took 0.077 seconds
[2023-10-18T14:55:31.577+0000] {processor.py:157} INFO - Started process (PID=203) to work on /home/airflow/.local/lib/python3.8/site-packages/airflow/example_dags/example_external_task_marker_dag.py
[2023-10-18T14:55:31.579+0000] {processor.py:829} INFO - Processing file /home/airflow/.local/lib/python3.8/site-packages/airflow/example_dags/example_external_task_marker_dag.py for tasks to queue
[2023-10-18T14:55:31.581+0000] {logging_mixin.py:151} INFO - [2023-10-18T14:55:31.581+0000] {dagbag.py:536} INFO - Filling up the DagBag from /home/airflow/.local/lib/python3.8/site-packages/airflow/example_dags/example_external_task_marker_dag.py
[2023-10-18T14:55:31.587+0000] {processor.py:839} INFO - DAG(s) dict_keys(['example_external_task_marker_parent', 'example_external_task_marker_child']) retrieved from /home/airflow/.local/lib/python3.8/site-packages/airflow/example_dags/example_external_task_marker_dag.py
[2023-10-18T14:55:31.613+0000] {logging_mixin.py:151} INFO - [2023-10-18T14:55:31.613+0000] {dag.py:2941} INFO - Sync 2 DAGs
[2023-10-18T14:55:31.623+0000] {logging_mixin.py:151} INFO - [2023-10-18T14:55:31.623+0000] {dag.py:3722} INFO - Setting next_dagrun for example_external_task_marker_child to None, run_after=None
[2023-10-18T14:55:31.626+0000] {logging_mixin.py:151} INFO - [2023-10-18T14:55:31.626+0000] {dag.py:3722} INFO - Setting next_dagrun for example_external_task_marker_parent to None, run_after=None
[2023-10-18T14:55:31.639+0000] {processor.py:179} INFO - Processing /home/airflow/.local/lib/python3.8/site-packages/airflow/example_dags/example_external_task_marker_dag.py took 0.067 seconds
[2023-10-18T14:56:02.626+0000] {processor.py:157} INFO - Started process (PID=257) to work on /home/airflow/.local/lib/python3.8/site-packages/airflow/example_dags/example_external_task_marker_dag.py
[2023-10-18T14:56:02.632+0000] {processor.py:829} INFO - Processing file /home/airflow/.local/lib/python3.8/site-packages/airflow/example_dags/example_external_task_marker_dag.py for tasks to queue
[2023-10-18T14:56:02.639+0000] {logging_mixin.py:151} INFO - [2023-10-18T14:56:02.639+0000] {dagbag.py:536} INFO - Filling up the DagBag from /home/airflow/.local/lib/python3.8/site-packages/airflow/example_dags/example_external_task_marker_dag.py
[2023-10-18T14:56:02.652+0000] {processor.py:839} INFO - DAG(s) dict_keys(['example_external_task_marker_child', 'example_external_task_marker_parent']) retrieved from /home/airflow/.local/lib/python3.8/site-packages/airflow/example_dags/example_external_task_marker_dag.py
[2023-10-18T14:56:02.693+0000] {logging_mixin.py:151} INFO - [2023-10-18T14:56:02.692+0000] {dag.py:2941} INFO - Sync 2 DAGs
[2023-10-18T14:56:02.708+0000] {logging_mixin.py:151} INFO - [2023-10-18T14:56:02.708+0000] {dag.py:3722} INFO - Setting next_dagrun for example_external_task_marker_child to None, run_after=None
[2023-10-18T14:56:02.715+0000] {logging_mixin.py:151} INFO - [2023-10-18T14:56:02.715+0000] {dag.py:3722} INFO - Setting next_dagrun for example_external_task_marker_parent to None, run_after=None
[2023-10-18T14:56:02.730+0000] {processor.py:179} INFO - Processing /home/airflow/.local/lib/python3.8/site-packages/airflow/example_dags/example_external_task_marker_dag.py took 0.108 seconds
