[2023-10-18T14:54:02.564+0000] {processor.py:157} INFO - Started process (PID=58) to work on /home/airflow/.local/lib/python3.8/site-packages/airflow/example_dags/example_local_kubernetes_executor.py
[2023-10-18T14:54:02.569+0000] {processor.py:829} INFO - Processing file /home/airflow/.local/lib/python3.8/site-packages/airflow/example_dags/example_local_kubernetes_executor.py for tasks to queue
[2023-10-18T14:54:02.576+0000] {logging_mixin.py:151} INFO - [2023-10-18T14:54:02.574+0000] {dagbag.py:536} INFO - Filling up the DagBag from /home/airflow/.local/lib/python3.8/site-packages/airflow/example_dags/example_local_kubernetes_executor.py
[2023-10-18T14:54:02.616+0000] {processor.py:839} INFO - DAG(s) dict_keys(['example_local_kubernetes_executor']) retrieved from /home/airflow/.local/lib/python3.8/site-packages/airflow/example_dags/example_local_kubernetes_executor.py
[2023-10-18T14:54:02.665+0000] {logging_mixin.py:151} INFO - [2023-10-18T14:54:02.665+0000] {dag.py:2941} INFO - Sync 1 DAGs
[2023-10-18T14:54:02.692+0000] {logging_mixin.py:151} INFO - [2023-10-18T14:54:02.692+0000] {dag.py:3722} INFO - Setting next_dagrun for example_local_kubernetes_executor to None, run_after=None
[2023-10-18T14:54:02.726+0000] {processor.py:179} INFO - Processing /home/airflow/.local/lib/python3.8/site-packages/airflow/example_dags/example_local_kubernetes_executor.py took 0.168 seconds
[2023-10-18T14:54:33.616+0000] {processor.py:157} INFO - Started process (PID=112) to work on /home/airflow/.local/lib/python3.8/site-packages/airflow/example_dags/example_local_kubernetes_executor.py
[2023-10-18T14:54:33.619+0000] {processor.py:829} INFO - Processing file /home/airflow/.local/lib/python3.8/site-packages/airflow/example_dags/example_local_kubernetes_executor.py for tasks to queue
[2023-10-18T14:54:33.622+0000] {logging_mixin.py:151} INFO - [2023-10-18T14:54:33.622+0000] {dagbag.py:536} INFO - Filling up the DagBag from /home/airflow/.local/lib/python3.8/site-packages/airflow/example_dags/example_local_kubernetes_executor.py
[2023-10-18T14:54:33.631+0000] {processor.py:839} INFO - DAG(s) dict_keys(['example_local_kubernetes_executor']) retrieved from /home/airflow/.local/lib/python3.8/site-packages/airflow/example_dags/example_local_kubernetes_executor.py
[2023-10-18T14:54:33.692+0000] {logging_mixin.py:151} INFO - [2023-10-18T14:54:33.692+0000] {dag.py:2941} INFO - Sync 1 DAGs
[2023-10-18T14:54:33.703+0000] {logging_mixin.py:151} INFO - [2023-10-18T14:54:33.703+0000] {dag.py:3722} INFO - Setting next_dagrun for example_local_kubernetes_executor to None, run_after=None
[2023-10-18T14:54:33.719+0000] {processor.py:179} INFO - Processing /home/airflow/.local/lib/python3.8/site-packages/airflow/example_dags/example_local_kubernetes_executor.py took 0.105 seconds
[2023-10-18T14:55:04.158+0000] {processor.py:157} INFO - Started process (PID=166) to work on /home/airflow/.local/lib/python3.8/site-packages/airflow/example_dags/example_local_kubernetes_executor.py
[2023-10-18T14:55:04.160+0000] {processor.py:829} INFO - Processing file /home/airflow/.local/lib/python3.8/site-packages/airflow/example_dags/example_local_kubernetes_executor.py for tasks to queue
[2023-10-18T14:55:04.164+0000] {logging_mixin.py:151} INFO - [2023-10-18T14:55:04.163+0000] {dagbag.py:536} INFO - Filling up the DagBag from /home/airflow/.local/lib/python3.8/site-packages/airflow/example_dags/example_local_kubernetes_executor.py
[2023-10-18T14:55:04.174+0000] {processor.py:839} INFO - DAG(s) dict_keys(['example_local_kubernetes_executor']) retrieved from /home/airflow/.local/lib/python3.8/site-packages/airflow/example_dags/example_local_kubernetes_executor.py
[2023-10-18T14:55:04.222+0000] {logging_mixin.py:151} INFO - [2023-10-18T14:55:04.222+0000] {dag.py:2941} INFO - Sync 1 DAGs
[2023-10-18T14:55:04.239+0000] {logging_mixin.py:151} INFO - [2023-10-18T14:55:04.239+0000] {dag.py:3722} INFO - Setting next_dagrun for example_local_kubernetes_executor to None, run_after=None
[2023-10-18T14:55:04.254+0000] {processor.py:179} INFO - Processing /home/airflow/.local/lib/python3.8/site-packages/airflow/example_dags/example_local_kubernetes_executor.py took 0.099 seconds
[2023-10-18T14:55:34.641+0000] {processor.py:157} INFO - Started process (PID=220) to work on /home/airflow/.local/lib/python3.8/site-packages/airflow/example_dags/example_local_kubernetes_executor.py
[2023-10-18T14:55:34.645+0000] {processor.py:829} INFO - Processing file /home/airflow/.local/lib/python3.8/site-packages/airflow/example_dags/example_local_kubernetes_executor.py for tasks to queue
[2023-10-18T14:55:34.649+0000] {logging_mixin.py:151} INFO - [2023-10-18T14:55:34.649+0000] {dagbag.py:536} INFO - Filling up the DagBag from /home/airflow/.local/lib/python3.8/site-packages/airflow/example_dags/example_local_kubernetes_executor.py
[2023-10-18T14:55:34.668+0000] {processor.py:839} INFO - DAG(s) dict_keys(['example_local_kubernetes_executor']) retrieved from /home/airflow/.local/lib/python3.8/site-packages/airflow/example_dags/example_local_kubernetes_executor.py
[2023-10-18T14:55:34.715+0000] {logging_mixin.py:151} INFO - [2023-10-18T14:55:34.715+0000] {dag.py:2941} INFO - Sync 1 DAGs
[2023-10-18T14:55:34.732+0000] {logging_mixin.py:151} INFO - [2023-10-18T14:55:34.732+0000] {dag.py:3722} INFO - Setting next_dagrun for example_local_kubernetes_executor to None, run_after=None
[2023-10-18T14:55:34.781+0000] {processor.py:179} INFO - Processing /home/airflow/.local/lib/python3.8/site-packages/airflow/example_dags/example_local_kubernetes_executor.py took 0.144 seconds
[2023-10-18T14:56:05.519+0000] {processor.py:157} INFO - Started process (PID=274) to work on /home/airflow/.local/lib/python3.8/site-packages/airflow/example_dags/example_local_kubernetes_executor.py
[2023-10-18T14:56:05.522+0000] {processor.py:829} INFO - Processing file /home/airflow/.local/lib/python3.8/site-packages/airflow/example_dags/example_local_kubernetes_executor.py for tasks to queue
[2023-10-18T14:56:05.528+0000] {logging_mixin.py:151} INFO - [2023-10-18T14:56:05.527+0000] {dagbag.py:536} INFO - Filling up the DagBag from /home/airflow/.local/lib/python3.8/site-packages/airflow/example_dags/example_local_kubernetes_executor.py
[2023-10-18T14:56:05.548+0000] {processor.py:839} INFO - DAG(s) dict_keys(['example_local_kubernetes_executor']) retrieved from /home/airflow/.local/lib/python3.8/site-packages/airflow/example_dags/example_local_kubernetes_executor.py
[2023-10-18T14:56:05.599+0000] {logging_mixin.py:151} INFO - [2023-10-18T14:56:05.599+0000] {dag.py:2941} INFO - Sync 1 DAGs
[2023-10-18T14:56:05.612+0000] {logging_mixin.py:151} INFO - [2023-10-18T14:56:05.612+0000] {dag.py:3722} INFO - Setting next_dagrun for example_local_kubernetes_executor to None, run_after=None
[2023-10-18T14:56:05.632+0000] {processor.py:179} INFO - Processing /home/airflow/.local/lib/python3.8/site-packages/airflow/example_dags/example_local_kubernetes_executor.py took 0.119 seconds
