[2023-10-18T14:54:03.170+0000] {processor.py:157} INFO - Started process (PID=63) to work on /home/airflow/.local/lib/python3.8/site-packages/airflow/example_dags/example_sensor_decorator.py
[2023-10-18T14:54:03.176+0000] {processor.py:829} INFO - Processing file /home/airflow/.local/lib/python3.8/site-packages/airflow/example_dags/example_sensor_decorator.py for tasks to queue
[2023-10-18T14:54:03.188+0000] {logging_mixin.py:151} INFO - [2023-10-18T14:54:03.187+0000] {dagbag.py:536} INFO - Filling up the DagBag from /home/airflow/.local/lib/python3.8/site-packages/airflow/example_dags/example_sensor_decorator.py
[2023-10-18T14:54:03.221+0000] {processor.py:839} INFO - DAG(s) dict_keys(['example_sensor_decorator']) retrieved from /home/airflow/.local/lib/python3.8/site-packages/airflow/example_dags/example_sensor_decorator.py
[2023-10-18T14:54:03.267+0000] {logging_mixin.py:151} INFO - [2023-10-18T14:54:03.267+0000] {dag.py:2941} INFO - Sync 1 DAGs
[2023-10-18T14:54:03.316+0000] {logging_mixin.py:151} INFO - [2023-10-18T14:54:03.315+0000] {dag.py:3722} INFO - Setting next_dagrun for example_sensor_decorator to None, run_after=None
[2023-10-18T14:54:03.347+0000] {processor.py:179} INFO - Processing /home/airflow/.local/lib/python3.8/site-packages/airflow/example_dags/example_sensor_decorator.py took 0.189 seconds
[2023-10-18T14:54:33.936+0000] {processor.py:157} INFO - Started process (PID=117) to work on /home/airflow/.local/lib/python3.8/site-packages/airflow/example_dags/example_sensor_decorator.py
[2023-10-18T14:54:33.939+0000] {processor.py:829} INFO - Processing file /home/airflow/.local/lib/python3.8/site-packages/airflow/example_dags/example_sensor_decorator.py for tasks to queue
[2023-10-18T14:54:33.942+0000] {logging_mixin.py:151} INFO - [2023-10-18T14:54:33.942+0000] {dagbag.py:536} INFO - Filling up the DagBag from /home/airflow/.local/lib/python3.8/site-packages/airflow/example_dags/example_sensor_decorator.py
[2023-10-18T14:54:33.950+0000] {processor.py:839} INFO - DAG(s) dict_keys(['example_sensor_decorator']) retrieved from /home/airflow/.local/lib/python3.8/site-packages/airflow/example_dags/example_sensor_decorator.py
[2023-10-18T14:54:33.972+0000] {logging_mixin.py:151} INFO - [2023-10-18T14:54:33.972+0000] {dag.py:2941} INFO - Sync 1 DAGs
[2023-10-18T14:54:33.982+0000] {logging_mixin.py:151} INFO - [2023-10-18T14:54:33.982+0000] {dag.py:3722} INFO - Setting next_dagrun for example_sensor_decorator to None, run_after=None
[2023-10-18T14:54:34.008+0000] {processor.py:179} INFO - Processing /home/airflow/.local/lib/python3.8/site-packages/airflow/example_dags/example_sensor_decorator.py took 0.075 seconds
[2023-10-18T14:55:04.438+0000] {processor.py:157} INFO - Started process (PID=171) to work on /home/airflow/.local/lib/python3.8/site-packages/airflow/example_dags/example_sensor_decorator.py
[2023-10-18T14:55:04.441+0000] {processor.py:829} INFO - Processing file /home/airflow/.local/lib/python3.8/site-packages/airflow/example_dags/example_sensor_decorator.py for tasks to queue
[2023-10-18T14:55:04.444+0000] {logging_mixin.py:151} INFO - [2023-10-18T14:55:04.444+0000] {dagbag.py:536} INFO - Filling up the DagBag from /home/airflow/.local/lib/python3.8/site-packages/airflow/example_dags/example_sensor_decorator.py
[2023-10-18T14:55:04.451+0000] {processor.py:839} INFO - DAG(s) dict_keys(['example_sensor_decorator']) retrieved from /home/airflow/.local/lib/python3.8/site-packages/airflow/example_dags/example_sensor_decorator.py
[2023-10-18T14:55:04.473+0000] {logging_mixin.py:151} INFO - [2023-10-18T14:55:04.473+0000] {dag.py:2941} INFO - Sync 1 DAGs
[2023-10-18T14:55:04.484+0000] {logging_mixin.py:151} INFO - [2023-10-18T14:55:04.483+0000] {dag.py:3722} INFO - Setting next_dagrun for example_sensor_decorator to None, run_after=None
[2023-10-18T14:55:04.503+0000] {processor.py:179} INFO - Processing /home/airflow/.local/lib/python3.8/site-packages/airflow/example_dags/example_sensor_decorator.py took 0.067 seconds
[2023-10-18T14:55:35.192+0000] {processor.py:157} INFO - Started process (PID=225) to work on /home/airflow/.local/lib/python3.8/site-packages/airflow/example_dags/example_sensor_decorator.py
[2023-10-18T14:55:35.197+0000] {processor.py:829} INFO - Processing file /home/airflow/.local/lib/python3.8/site-packages/airflow/example_dags/example_sensor_decorator.py for tasks to queue
[2023-10-18T14:55:35.200+0000] {logging_mixin.py:151} INFO - [2023-10-18T14:55:35.200+0000] {dagbag.py:536} INFO - Filling up the DagBag from /home/airflow/.local/lib/python3.8/site-packages/airflow/example_dags/example_sensor_decorator.py
[2023-10-18T14:55:35.210+0000] {processor.py:839} INFO - DAG(s) dict_keys(['example_sensor_decorator']) retrieved from /home/airflow/.local/lib/python3.8/site-packages/airflow/example_dags/example_sensor_decorator.py
[2023-10-18T14:55:35.236+0000] {logging_mixin.py:151} INFO - [2023-10-18T14:55:35.236+0000] {dag.py:2941} INFO - Sync 1 DAGs
[2023-10-18T14:55:35.250+0000] {logging_mixin.py:151} INFO - [2023-10-18T14:55:35.250+0000] {dag.py:3722} INFO - Setting next_dagrun for example_sensor_decorator to None, run_after=None
[2023-10-18T14:55:35.272+0000] {processor.py:179} INFO - Processing /home/airflow/.local/lib/python3.8/site-packages/airflow/example_dags/example_sensor_decorator.py took 0.086 seconds
[2023-10-18T14:56:05.857+0000] {processor.py:157} INFO - Started process (PID=279) to work on /home/airflow/.local/lib/python3.8/site-packages/airflow/example_dags/example_sensor_decorator.py
[2023-10-18T14:56:05.861+0000] {processor.py:829} INFO - Processing file /home/airflow/.local/lib/python3.8/site-packages/airflow/example_dags/example_sensor_decorator.py for tasks to queue
[2023-10-18T14:56:05.865+0000] {logging_mixin.py:151} INFO - [2023-10-18T14:56:05.864+0000] {dagbag.py:536} INFO - Filling up the DagBag from /home/airflow/.local/lib/python3.8/site-packages/airflow/example_dags/example_sensor_decorator.py
[2023-10-18T14:56:05.876+0000] {processor.py:839} INFO - DAG(s) dict_keys(['example_sensor_decorator']) retrieved from /home/airflow/.local/lib/python3.8/site-packages/airflow/example_dags/example_sensor_decorator.py
[2023-10-18T14:56:05.910+0000] {logging_mixin.py:151} INFO - [2023-10-18T14:56:05.910+0000] {dag.py:2941} INFO - Sync 1 DAGs
[2023-10-18T14:56:05.924+0000] {logging_mixin.py:151} INFO - [2023-10-18T14:56:05.924+0000] {dag.py:3722} INFO - Setting next_dagrun for example_sensor_decorator to None, run_after=None
[2023-10-18T14:56:05.947+0000] {processor.py:179} INFO - Processing /home/airflow/.local/lib/python3.8/site-packages/airflow/example_dags/example_sensor_decorator.py took 0.095 seconds
