[2023-10-18T14:53:59.402+0000] {processor.py:157} INFO - Started process (PID=39) to work on /home/airflow/.local/lib/python3.8/site-packages/airflow/example_dags/example_python_operator.py
[2023-10-18T14:53:59.422+0000] {processor.py:829} INFO - Processing file /home/airflow/.local/lib/python3.8/site-packages/airflow/example_dags/example_python_operator.py for tasks to queue
[2023-10-18T14:53:59.433+0000] {logging_mixin.py:151} INFO - [2023-10-18T14:53:59.432+0000] {dagbag.py:536} INFO - Filling up the DagBag from /home/airflow/.local/lib/python3.8/site-packages/airflow/example_dags/example_python_operator.py
[2023-10-18T14:53:59.470+0000] {processor.py:839} INFO - DAG(s) dict_keys(['example_python_operator']) retrieved from /home/airflow/.local/lib/python3.8/site-packages/airflow/example_dags/example_python_operator.py
[2023-10-18T14:53:59.491+0000] {logging_mixin.py:151} INFO - [2023-10-18T14:53:59.490+0000] {dag.py:2941} INFO - Sync 1 DAGs
[2023-10-18T14:53:59.513+0000] {logging_mixin.py:151} INFO - [2023-10-18T14:53:59.513+0000] {dag.py:3722} INFO - Setting next_dagrun for example_python_operator to None, run_after=None
[2023-10-18T14:53:59.529+0000] {processor.py:179} INFO - Processing /home/airflow/.local/lib/python3.8/site-packages/airflow/example_dags/example_python_operator.py took 0.146 seconds
[2023-10-18T14:54:29.988+0000] {processor.py:157} INFO - Started process (PID=93) to work on /home/airflow/.local/lib/python3.8/site-packages/airflow/example_dags/example_python_operator.py
[2023-10-18T14:54:29.990+0000] {processor.py:829} INFO - Processing file /home/airflow/.local/lib/python3.8/site-packages/airflow/example_dags/example_python_operator.py for tasks to queue
[2023-10-18T14:54:29.994+0000] {logging_mixin.py:151} INFO - [2023-10-18T14:54:29.994+0000] {dagbag.py:536} INFO - Filling up the DagBag from /home/airflow/.local/lib/python3.8/site-packages/airflow/example_dags/example_python_operator.py
[2023-10-18T14:54:30.005+0000] {processor.py:839} INFO - DAG(s) dict_keys(['example_python_operator']) retrieved from /home/airflow/.local/lib/python3.8/site-packages/airflow/example_dags/example_python_operator.py
[2023-10-18T14:54:30.284+0000] {logging_mixin.py:151} INFO - [2023-10-18T14:54:30.283+0000] {dag.py:2941} INFO - Sync 1 DAGs
[2023-10-18T14:54:30.305+0000] {logging_mixin.py:151} INFO - [2023-10-18T14:54:30.305+0000] {dag.py:3722} INFO - Setting next_dagrun for example_python_operator to None, run_after=None
[2023-10-18T14:54:30.354+0000] {processor.py:179} INFO - Processing /home/airflow/.local/lib/python3.8/site-packages/airflow/example_dags/example_python_operator.py took 0.369 seconds
[2023-10-18T14:55:01.017+0000] {processor.py:157} INFO - Started process (PID=147) to work on /home/airflow/.local/lib/python3.8/site-packages/airflow/example_dags/example_python_operator.py
[2023-10-18T14:55:01.020+0000] {processor.py:829} INFO - Processing file /home/airflow/.local/lib/python3.8/site-packages/airflow/example_dags/example_python_operator.py for tasks to queue
[2023-10-18T14:55:01.023+0000] {logging_mixin.py:151} INFO - [2023-10-18T14:55:01.023+0000] {dagbag.py:536} INFO - Filling up the DagBag from /home/airflow/.local/lib/python3.8/site-packages/airflow/example_dags/example_python_operator.py
[2023-10-18T14:55:01.034+0000] {processor.py:839} INFO - DAG(s) dict_keys(['example_python_operator']) retrieved from /home/airflow/.local/lib/python3.8/site-packages/airflow/example_dags/example_python_operator.py
[2023-10-18T14:55:01.060+0000] {logging_mixin.py:151} INFO - [2023-10-18T14:55:01.060+0000] {dag.py:2941} INFO - Sync 1 DAGs
[2023-10-18T14:55:01.071+0000] {logging_mixin.py:151} INFO - [2023-10-18T14:55:01.071+0000] {dag.py:3722} INFO - Setting next_dagrun for example_python_operator to None, run_after=None
[2023-10-18T14:55:01.087+0000] {processor.py:179} INFO - Processing /home/airflow/.local/lib/python3.8/site-packages/airflow/example_dags/example_python_operator.py took 0.074 seconds
[2023-10-18T14:55:31.468+0000] {processor.py:157} INFO - Started process (PID=201) to work on /home/airflow/.local/lib/python3.8/site-packages/airflow/example_dags/example_python_operator.py
[2023-10-18T14:55:31.478+0000] {processor.py:829} INFO - Processing file /home/airflow/.local/lib/python3.8/site-packages/airflow/example_dags/example_python_operator.py for tasks to queue
[2023-10-18T14:55:31.483+0000] {logging_mixin.py:151} INFO - [2023-10-18T14:55:31.482+0000] {dagbag.py:536} INFO - Filling up the DagBag from /home/airflow/.local/lib/python3.8/site-packages/airflow/example_dags/example_python_operator.py
[2023-10-18T14:55:31.495+0000] {processor.py:839} INFO - DAG(s) dict_keys(['example_python_operator']) retrieved from /home/airflow/.local/lib/python3.8/site-packages/airflow/example_dags/example_python_operator.py
[2023-10-18T14:55:31.520+0000] {logging_mixin.py:151} INFO - [2023-10-18T14:55:31.520+0000] {dag.py:2941} INFO - Sync 1 DAGs
[2023-10-18T14:55:31.530+0000] {logging_mixin.py:151} INFO - [2023-10-18T14:55:31.530+0000] {dag.py:3722} INFO - Setting next_dagrun for example_python_operator to None, run_after=None
[2023-10-18T14:55:31.543+0000] {processor.py:179} INFO - Processing /home/airflow/.local/lib/python3.8/site-packages/airflow/example_dags/example_python_operator.py took 0.080 seconds
[2023-10-18T14:56:02.257+0000] {processor.py:157} INFO - Started process (PID=255) to work on /home/airflow/.local/lib/python3.8/site-packages/airflow/example_dags/example_python_operator.py
[2023-10-18T14:56:02.264+0000] {processor.py:829} INFO - Processing file /home/airflow/.local/lib/python3.8/site-packages/airflow/example_dags/example_python_operator.py for tasks to queue
[2023-10-18T14:56:02.300+0000] {logging_mixin.py:151} INFO - [2023-10-18T14:56:02.286+0000] {dagbag.py:536} INFO - Filling up the DagBag from /home/airflow/.local/lib/python3.8/site-packages/airflow/example_dags/example_python_operator.py
[2023-10-18T14:56:02.417+0000] {processor.py:839} INFO - DAG(s) dict_keys(['example_python_operator']) retrieved from /home/airflow/.local/lib/python3.8/site-packages/airflow/example_dags/example_python_operator.py
[2023-10-18T14:56:02.482+0000] {logging_mixin.py:151} INFO - [2023-10-18T14:56:02.482+0000] {dag.py:2941} INFO - Sync 1 DAGs
[2023-10-18T14:56:02.509+0000] {logging_mixin.py:151} INFO - [2023-10-18T14:56:02.508+0000] {dag.py:3722} INFO - Setting next_dagrun for example_python_operator to None, run_after=None
[2023-10-18T14:56:02.552+0000] {processor.py:179} INFO - Processing /home/airflow/.local/lib/python3.8/site-packages/airflow/example_dags/example_python_operator.py took 0.309 seconds
