[2023-10-18T14:54:03.991+0000] {processor.py:157} INFO - Started process (PID=71) to work on /home/airflow/.local/lib/python3.8/site-packages/airflow/example_dags/example_dag_decorator.py
[2023-10-18T14:54:03.993+0000] {processor.py:829} INFO - Processing file /home/airflow/.local/lib/python3.8/site-packages/airflow/example_dags/example_dag_decorator.py for tasks to queue
[2023-10-18T14:54:03.997+0000] {logging_mixin.py:151} INFO - [2023-10-18T14:54:03.996+0000] {dagbag.py:536} INFO - Filling up the DagBag from /home/airflow/.local/lib/python3.8/site-packages/airflow/example_dags/example_dag_decorator.py
[2023-10-18T14:54:04.173+0000] {processor.py:839} INFO - DAG(s) dict_keys(['example_dag_decorator']) retrieved from /home/airflow/.local/lib/python3.8/site-packages/airflow/example_dags/example_dag_decorator.py
[2023-10-18T14:54:04.196+0000] {logging_mixin.py:151} INFO - [2023-10-18T14:54:04.196+0000] {dag.py:2941} INFO - Sync 1 DAGs
[2023-10-18T14:54:04.211+0000] {logging_mixin.py:151} INFO - [2023-10-18T14:54:04.211+0000] {dag.py:3722} INFO - Setting next_dagrun for example_dag_decorator to None, run_after=None
[2023-10-18T14:54:04.237+0000] {processor.py:179} INFO - Processing /home/airflow/.local/lib/python3.8/site-packages/airflow/example_dags/example_dag_decorator.py took 0.250 seconds
[2023-10-18T14:54:34.455+0000] {processor.py:157} INFO - Started process (PID=125) to work on /home/airflow/.local/lib/python3.8/site-packages/airflow/example_dags/example_dag_decorator.py
[2023-10-18T14:54:34.457+0000] {processor.py:829} INFO - Processing file /home/airflow/.local/lib/python3.8/site-packages/airflow/example_dags/example_dag_decorator.py for tasks to queue
[2023-10-18T14:54:34.460+0000] {logging_mixin.py:151} INFO - [2023-10-18T14:54:34.460+0000] {dagbag.py:536} INFO - Filling up the DagBag from /home/airflow/.local/lib/python3.8/site-packages/airflow/example_dags/example_dag_decorator.py
[2023-10-18T14:54:34.519+0000] {processor.py:839} INFO - DAG(s) dict_keys(['example_dag_decorator']) retrieved from /home/airflow/.local/lib/python3.8/site-packages/airflow/example_dags/example_dag_decorator.py
[2023-10-18T14:54:34.607+0000] {logging_mixin.py:151} INFO - [2023-10-18T14:54:34.607+0000] {dag.py:2941} INFO - Sync 1 DAGs
[2023-10-18T14:54:34.866+0000] {logging_mixin.py:151} INFO - [2023-10-18T14:54:34.866+0000] {dag.py:3722} INFO - Setting next_dagrun for example_dag_decorator to None, run_after=None
[2023-10-18T14:54:34.879+0000] {processor.py:179} INFO - Processing /home/airflow/.local/lib/python3.8/site-packages/airflow/example_dags/example_dag_decorator.py took 0.428 seconds
[2023-10-18T14:55:04.975+0000] {processor.py:157} INFO - Started process (PID=181) to work on /home/airflow/.local/lib/python3.8/site-packages/airflow/example_dags/example_dag_decorator.py
[2023-10-18T14:55:04.977+0000] {processor.py:829} INFO - Processing file /home/airflow/.local/lib/python3.8/site-packages/airflow/example_dags/example_dag_decorator.py for tasks to queue
[2023-10-18T14:55:04.980+0000] {logging_mixin.py:151} INFO - [2023-10-18T14:55:04.979+0000] {dagbag.py:536} INFO - Filling up the DagBag from /home/airflow/.local/lib/python3.8/site-packages/airflow/example_dags/example_dag_decorator.py
[2023-10-18T14:55:05.038+0000] {processor.py:839} INFO - DAG(s) dict_keys(['example_dag_decorator']) retrieved from /home/airflow/.local/lib/python3.8/site-packages/airflow/example_dags/example_dag_decorator.py
[2023-10-18T14:55:05.116+0000] {logging_mixin.py:151} INFO - [2023-10-18T14:55:05.115+0000] {dag.py:2941} INFO - Sync 1 DAGs
[2023-10-18T14:55:05.123+0000] {logging_mixin.py:151} INFO - [2023-10-18T14:55:05.123+0000] {dag.py:3722} INFO - Setting next_dagrun for example_dag_decorator to None, run_after=None
[2023-10-18T14:55:05.136+0000] {processor.py:179} INFO - Processing /home/airflow/.local/lib/python3.8/site-packages/airflow/example_dags/example_dag_decorator.py took 0.164 seconds
[2023-10-18T14:55:35.895+0000] {processor.py:157} INFO - Started process (PID=236) to work on /home/airflow/.local/lib/python3.8/site-packages/airflow/example_dags/example_dag_decorator.py
[2023-10-18T14:55:35.898+0000] {processor.py:829} INFO - Processing file /home/airflow/.local/lib/python3.8/site-packages/airflow/example_dags/example_dag_decorator.py for tasks to queue
[2023-10-18T14:55:35.901+0000] {logging_mixin.py:151} INFO - [2023-10-18T14:55:35.901+0000] {dagbag.py:536} INFO - Filling up the DagBag from /home/airflow/.local/lib/python3.8/site-packages/airflow/example_dags/example_dag_decorator.py
[2023-10-18T14:55:35.953+0000] {processor.py:839} INFO - DAG(s) dict_keys(['example_dag_decorator']) retrieved from /home/airflow/.local/lib/python3.8/site-packages/airflow/example_dags/example_dag_decorator.py
[2023-10-18T14:55:36.027+0000] {logging_mixin.py:151} INFO - [2023-10-18T14:55:36.027+0000] {dag.py:2941} INFO - Sync 1 DAGs
[2023-10-18T14:55:36.036+0000] {logging_mixin.py:151} INFO - [2023-10-18T14:55:36.036+0000] {dag.py:3722} INFO - Setting next_dagrun for example_dag_decorator to None, run_after=None
[2023-10-18T14:55:36.053+0000] {processor.py:179} INFO - Processing /home/airflow/.local/lib/python3.8/site-packages/airflow/example_dags/example_dag_decorator.py took 0.162 seconds
[2023-10-18T14:56:06.484+0000] {processor.py:157} INFO - Started process (PID=289) to work on /home/airflow/.local/lib/python3.8/site-packages/airflow/example_dags/example_dag_decorator.py
[2023-10-18T14:56:06.487+0000] {processor.py:829} INFO - Processing file /home/airflow/.local/lib/python3.8/site-packages/airflow/example_dags/example_dag_decorator.py for tasks to queue
[2023-10-18T14:56:06.490+0000] {logging_mixin.py:151} INFO - [2023-10-18T14:56:06.489+0000] {dagbag.py:536} INFO - Filling up the DagBag from /home/airflow/.local/lib/python3.8/site-packages/airflow/example_dags/example_dag_decorator.py
[2023-10-18T14:56:06.568+0000] {processor.py:839} INFO - DAG(s) dict_keys(['example_dag_decorator']) retrieved from /home/airflow/.local/lib/python3.8/site-packages/airflow/example_dags/example_dag_decorator.py
[2023-10-18T14:56:06.961+0000] {logging_mixin.py:151} INFO - [2023-10-18T14:56:06.961+0000] {dag.py:2941} INFO - Sync 1 DAGs
[2023-10-18T14:56:06.970+0000] {logging_mixin.py:151} INFO - [2023-10-18T14:56:06.969+0000] {dag.py:3722} INFO - Setting next_dagrun for example_dag_decorator to None, run_after=None
[2023-10-18T14:56:06.983+0000] {processor.py:179} INFO - Processing /home/airflow/.local/lib/python3.8/site-packages/airflow/example_dags/example_dag_decorator.py took 0.501 seconds
