[2023-10-18T14:54:02.202+0000] {processor.py:157} INFO - Started process (PID=55) to work on /home/airflow/.local/lib/python3.8/site-packages/airflow/example_dags/example_xcomargs.py
[2023-10-18T14:54:02.205+0000] {processor.py:829} INFO - Processing file /home/airflow/.local/lib/python3.8/site-packages/airflow/example_dags/example_xcomargs.py for tasks to queue
[2023-10-18T14:54:02.225+0000] {logging_mixin.py:151} INFO - [2023-10-18T14:54:02.221+0000] {dagbag.py:536} INFO - Filling up the DagBag from /home/airflow/.local/lib/python3.8/site-packages/airflow/example_dags/example_xcomargs.py
[2023-10-18T14:54:02.259+0000] {processor.py:839} INFO - DAG(s) dict_keys(['example_xcom_args_with_operators', 'example_xcom_args']) retrieved from /home/airflow/.local/lib/python3.8/site-packages/airflow/example_dags/example_xcomargs.py
[2023-10-18T14:54:02.288+0000] {logging_mixin.py:151} INFO - [2023-10-18T14:54:02.288+0000] {dag.py:2941} INFO - Sync 2 DAGs
[2023-10-18T14:54:02.304+0000] {logging_mixin.py:151} INFO - [2023-10-18T14:54:02.304+0000] {dag.py:3722} INFO - Setting next_dagrun for example_xcom_args to None, run_after=None
[2023-10-18T14:54:02.309+0000] {logging_mixin.py:151} INFO - [2023-10-18T14:54:02.309+0000] {dag.py:3722} INFO - Setting next_dagrun for example_xcom_args_with_operators to None, run_after=None
[2023-10-18T14:54:02.333+0000] {processor.py:179} INFO - Processing /home/airflow/.local/lib/python3.8/site-packages/airflow/example_dags/example_xcomargs.py took 0.136 seconds
[2023-10-18T14:54:32.418+0000] {processor.py:157} INFO - Started process (PID=109) to work on /home/airflow/.local/lib/python3.8/site-packages/airflow/example_dags/example_xcomargs.py
[2023-10-18T14:54:32.421+0000] {processor.py:829} INFO - Processing file /home/airflow/.local/lib/python3.8/site-packages/airflow/example_dags/example_xcomargs.py for tasks to queue
[2023-10-18T14:54:32.425+0000] {logging_mixin.py:151} INFO - [2023-10-18T14:54:32.424+0000] {dagbag.py:536} INFO - Filling up the DagBag from /home/airflow/.local/lib/python3.8/site-packages/airflow/example_dags/example_xcomargs.py
[2023-10-18T14:54:32.431+0000] {processor.py:839} INFO - DAG(s) dict_keys(['example_xcom_args_with_operators', 'example_xcom_args']) retrieved from /home/airflow/.local/lib/python3.8/site-packages/airflow/example_dags/example_xcomargs.py
[2023-10-18T14:54:32.454+0000] {logging_mixin.py:151} INFO - [2023-10-18T14:54:32.454+0000] {dag.py:2941} INFO - Sync 2 DAGs
[2023-10-18T14:54:32.464+0000] {logging_mixin.py:151} INFO - [2023-10-18T14:54:32.464+0000] {dag.py:3722} INFO - Setting next_dagrun for example_xcom_args to None, run_after=None
[2023-10-18T14:54:32.467+0000] {logging_mixin.py:151} INFO - [2023-10-18T14:54:32.467+0000] {dag.py:3722} INFO - Setting next_dagrun for example_xcom_args_with_operators to None, run_after=None
[2023-10-18T14:54:32.480+0000] {processor.py:179} INFO - Processing /home/airflow/.local/lib/python3.8/site-packages/airflow/example_dags/example_xcomargs.py took 0.064 seconds
[2023-10-18T14:55:02.927+0000] {processor.py:157} INFO - Started process (PID=163) to work on /home/airflow/.local/lib/python3.8/site-packages/airflow/example_dags/example_xcomargs.py
[2023-10-18T14:55:02.929+0000] {processor.py:829} INFO - Processing file /home/airflow/.local/lib/python3.8/site-packages/airflow/example_dags/example_xcomargs.py for tasks to queue
[2023-10-18T14:55:02.932+0000] {logging_mixin.py:151} INFO - [2023-10-18T14:55:02.932+0000] {dagbag.py:536} INFO - Filling up the DagBag from /home/airflow/.local/lib/python3.8/site-packages/airflow/example_dags/example_xcomargs.py
[2023-10-18T14:55:02.940+0000] {processor.py:839} INFO - DAG(s) dict_keys(['example_xcom_args_with_operators', 'example_xcom_args']) retrieved from /home/airflow/.local/lib/python3.8/site-packages/airflow/example_dags/example_xcomargs.py
[2023-10-18T14:55:02.962+0000] {logging_mixin.py:151} INFO - [2023-10-18T14:55:02.962+0000] {dag.py:2941} INFO - Sync 2 DAGs
[2023-10-18T14:55:02.972+0000] {logging_mixin.py:151} INFO - [2023-10-18T14:55:02.972+0000] {dag.py:3722} INFO - Setting next_dagrun for example_xcom_args to None, run_after=None
[2023-10-18T14:55:02.977+0000] {logging_mixin.py:151} INFO - [2023-10-18T14:55:02.977+0000] {dag.py:3722} INFO - Setting next_dagrun for example_xcom_args_with_operators to None, run_after=None
[2023-10-18T14:55:02.989+0000] {processor.py:179} INFO - Processing /home/airflow/.local/lib/python3.8/site-packages/airflow/example_dags/example_xcomargs.py took 0.065 seconds
[2023-10-18T14:55:33.379+0000] {processor.py:157} INFO - Started process (PID=217) to work on /home/airflow/.local/lib/python3.8/site-packages/airflow/example_dags/example_xcomargs.py
[2023-10-18T14:55:33.381+0000] {processor.py:829} INFO - Processing file /home/airflow/.local/lib/python3.8/site-packages/airflow/example_dags/example_xcomargs.py for tasks to queue
[2023-10-18T14:55:33.384+0000] {logging_mixin.py:151} INFO - [2023-10-18T14:55:33.384+0000] {dagbag.py:536} INFO - Filling up the DagBag from /home/airflow/.local/lib/python3.8/site-packages/airflow/example_dags/example_xcomargs.py
[2023-10-18T14:55:33.392+0000] {processor.py:839} INFO - DAG(s) dict_keys(['example_xcom_args_with_operators', 'example_xcom_args']) retrieved from /home/airflow/.local/lib/python3.8/site-packages/airflow/example_dags/example_xcomargs.py
[2023-10-18T14:55:33.416+0000] {logging_mixin.py:151} INFO - [2023-10-18T14:55:33.416+0000] {dag.py:2941} INFO - Sync 2 DAGs
[2023-10-18T14:55:33.430+0000] {logging_mixin.py:151} INFO - [2023-10-18T14:55:33.430+0000] {dag.py:3722} INFO - Setting next_dagrun for example_xcom_args to None, run_after=None
[2023-10-18T14:55:33.434+0000] {logging_mixin.py:151} INFO - [2023-10-18T14:55:33.434+0000] {dag.py:3722} INFO - Setting next_dagrun for example_xcom_args_with_operators to None, run_after=None
[2023-10-18T14:55:33.459+0000] {processor.py:179} INFO - Processing /home/airflow/.local/lib/python3.8/site-packages/airflow/example_dags/example_xcomargs.py took 0.083 seconds
[2023-10-18T14:56:04.171+0000] {processor.py:157} INFO - Started process (PID=271) to work on /home/airflow/.local/lib/python3.8/site-packages/airflow/example_dags/example_xcomargs.py
[2023-10-18T14:56:04.174+0000] {processor.py:829} INFO - Processing file /home/airflow/.local/lib/python3.8/site-packages/airflow/example_dags/example_xcomargs.py for tasks to queue
[2023-10-18T14:56:04.179+0000] {logging_mixin.py:151} INFO - [2023-10-18T14:56:04.178+0000] {dagbag.py:536} INFO - Filling up the DagBag from /home/airflow/.local/lib/python3.8/site-packages/airflow/example_dags/example_xcomargs.py
[2023-10-18T14:56:04.187+0000] {processor.py:839} INFO - DAG(s) dict_keys(['example_xcom_args', 'example_xcom_args_with_operators']) retrieved from /home/airflow/.local/lib/python3.8/site-packages/airflow/example_dags/example_xcomargs.py
[2023-10-18T14:56:04.209+0000] {logging_mixin.py:151} INFO - [2023-10-18T14:56:04.209+0000] {dag.py:2941} INFO - Sync 2 DAGs
[2023-10-18T14:56:04.218+0000] {logging_mixin.py:151} INFO - [2023-10-18T14:56:04.218+0000] {dag.py:3722} INFO - Setting next_dagrun for example_xcom_args to None, run_after=None
[2023-10-18T14:56:04.222+0000] {logging_mixin.py:151} INFO - [2023-10-18T14:56:04.222+0000] {dag.py:3722} INFO - Setting next_dagrun for example_xcom_args_with_operators to None, run_after=None
[2023-10-18T14:56:04.236+0000] {processor.py:179} INFO - Processing /home/airflow/.local/lib/python3.8/site-packages/airflow/example_dags/example_xcomargs.py took 0.069 seconds
