[2023-10-18T14:54:03.935+0000] {processor.py:157} INFO - Started process (PID=70) to work on /home/airflow/.local/lib/python3.8/site-packages/airflow/example_dags/example_subdag_operator.py
[2023-10-18T14:54:03.937+0000] {processor.py:829} INFO - Processing file /home/airflow/.local/lib/python3.8/site-packages/airflow/example_dags/example_subdag_operator.py for tasks to queue
[2023-10-18T14:54:03.942+0000] {logging_mixin.py:151} INFO - [2023-10-18T14:54:03.942+0000] {dagbag.py:536} INFO - Filling up the DagBag from /home/airflow/.local/lib/python3.8/site-packages/airflow/example_dags/example_subdag_operator.py
[2023-10-18T14:54:03.972+0000] {processor.py:839} INFO - DAG(s) dict_keys(['example_subdag_operator.section-1', 'example_subdag_operator.section-2', 'example_subdag_operator']) retrieved from /home/airflow/.local/lib/python3.8/site-packages/airflow/example_dags/example_subdag_operator.py
[2023-10-18T14:54:03.978+0000] {logging_mixin.py:151} INFO - [2023-10-18T14:54:03.978+0000] {dag.py:2941} INFO - Sync 3 DAGs
[2023-10-18T14:54:03.997+0000] {logging_mixin.py:151} INFO - [2023-10-18T14:54:03.997+0000] {dag.py:3722} INFO - Setting next_dagrun for example_subdag_operator to 2022-01-01T00:00:00+00:00, run_after=2022-01-01T00:00:00+00:00
[2023-10-18T14:54:04.018+0000] {logging_mixin.py:151} INFO - [2023-10-18T14:54:04.018+0000] {dag.py:3722} INFO - Setting next_dagrun for example_subdag_operator.section-1 to None, run_after=None
[2023-10-18T14:54:04.021+0000] {logging_mixin.py:151} INFO - [2023-10-18T14:54:04.021+0000] {dag.py:3722} INFO - Setting next_dagrun for example_subdag_operator.section-2 to None, run_after=None
[2023-10-18T14:54:04.035+0000] {logging_mixin.py:151} INFO - [2023-10-18T14:54:04.035+0000] {dag.py:2941} INFO - Sync 2 DAGs
[2023-10-18T14:54:04.042+0000] {logging_mixin.py:151} INFO - [2023-10-18T14:54:04.042+0000] {dag.py:3722} INFO - Setting next_dagrun for example_subdag_operator.section-1 to None, run_after=None
[2023-10-18T14:54:04.045+0000] {logging_mixin.py:151} INFO - [2023-10-18T14:54:04.044+0000] {dag.py:3722} INFO - Setting next_dagrun for example_subdag_operator.section-2 to None, run_after=None
[2023-10-18T14:54:04.064+0000] {processor.py:179} INFO - Processing /home/airflow/.local/lib/python3.8/site-packages/airflow/example_dags/example_subdag_operator.py took 0.133 seconds
[2023-10-18T14:54:34.435+0000] {processor.py:157} INFO - Started process (PID=124) to work on /home/airflow/.local/lib/python3.8/site-packages/airflow/example_dags/example_subdag_operator.py
[2023-10-18T14:54:34.443+0000] {processor.py:829} INFO - Processing file /home/airflow/.local/lib/python3.8/site-packages/airflow/example_dags/example_subdag_operator.py for tasks to queue
[2023-10-18T14:54:34.447+0000] {logging_mixin.py:151} INFO - [2023-10-18T14:54:34.447+0000] {dagbag.py:536} INFO - Filling up the DagBag from /home/airflow/.local/lib/python3.8/site-packages/airflow/example_dags/example_subdag_operator.py
[2023-10-18T14:54:34.473+0000] {processor.py:839} INFO - DAG(s) dict_keys(['example_subdag_operator.section-1', 'example_subdag_operator.section-2', 'example_subdag_operator']) retrieved from /home/airflow/.local/lib/python3.8/site-packages/airflow/example_dags/example_subdag_operator.py
[2023-10-18T14:54:34.486+0000] {logging_mixin.py:151} INFO - [2023-10-18T14:54:34.486+0000] {dag.py:2941} INFO - Sync 3 DAGs
[2023-10-18T14:54:34.504+0000] {logging_mixin.py:151} INFO - [2023-10-18T14:54:34.504+0000] {dag.py:3722} INFO - Setting next_dagrun for example_subdag_operator to 2022-01-01T00:00:00+00:00, run_after=2022-01-01T00:00:00+00:00
[2023-10-18T14:54:34.509+0000] {logging_mixin.py:151} INFO - [2023-10-18T14:54:34.508+0000] {dag.py:3722} INFO - Setting next_dagrun for example_subdag_operator.section-1 to None, run_after=None
[2023-10-18T14:54:34.511+0000] {logging_mixin.py:151} INFO - [2023-10-18T14:54:34.511+0000] {dag.py:3722} INFO - Setting next_dagrun for example_subdag_operator.section-2 to None, run_after=None
[2023-10-18T14:54:34.520+0000] {logging_mixin.py:151} INFO - [2023-10-18T14:54:34.520+0000] {dag.py:2941} INFO - Sync 2 DAGs
[2023-10-18T14:54:34.528+0000] {logging_mixin.py:151} INFO - [2023-10-18T14:54:34.528+0000] {dag.py:3722} INFO - Setting next_dagrun for example_subdag_operator.section-1 to None, run_after=None
[2023-10-18T14:54:34.529+0000] {logging_mixin.py:151} INFO - [2023-10-18T14:54:34.529+0000] {dag.py:3722} INFO - Setting next_dagrun for example_subdag_operator.section-2 to None, run_after=None
[2023-10-18T14:54:34.540+0000] {processor.py:179} INFO - Processing /home/airflow/.local/lib/python3.8/site-packages/airflow/example_dags/example_subdag_operator.py took 0.108 seconds
[2023-10-18T14:55:04.839+0000] {processor.py:157} INFO - Started process (PID=178) to work on /home/airflow/.local/lib/python3.8/site-packages/airflow/example_dags/example_subdag_operator.py
[2023-10-18T14:55:04.841+0000] {processor.py:829} INFO - Processing file /home/airflow/.local/lib/python3.8/site-packages/airflow/example_dags/example_subdag_operator.py for tasks to queue
[2023-10-18T14:55:04.844+0000] {logging_mixin.py:151} INFO - [2023-10-18T14:55:04.844+0000] {dagbag.py:536} INFO - Filling up the DagBag from /home/airflow/.local/lib/python3.8/site-packages/airflow/example_dags/example_subdag_operator.py
[2023-10-18T14:55:04.874+0000] {processor.py:839} INFO - DAG(s) dict_keys(['example_subdag_operator.section-1', 'example_subdag_operator.section-2', 'example_subdag_operator']) retrieved from /home/airflow/.local/lib/python3.8/site-packages/airflow/example_dags/example_subdag_operator.py
[2023-10-18T14:55:04.887+0000] {logging_mixin.py:151} INFO - [2023-10-18T14:55:04.886+0000] {dag.py:2941} INFO - Sync 3 DAGs
[2023-10-18T14:55:04.903+0000] {logging_mixin.py:151} INFO - [2023-10-18T14:55:04.903+0000] {dag.py:3722} INFO - Setting next_dagrun for example_subdag_operator to 2022-01-01T00:00:00+00:00, run_after=2022-01-01T00:00:00+00:00
[2023-10-18T14:55:04.908+0000] {logging_mixin.py:151} INFO - [2023-10-18T14:55:04.908+0000] {dag.py:3722} INFO - Setting next_dagrun for example_subdag_operator.section-1 to None, run_after=None
[2023-10-18T14:55:04.910+0000] {logging_mixin.py:151} INFO - [2023-10-18T14:55:04.910+0000] {dag.py:3722} INFO - Setting next_dagrun for example_subdag_operator.section-2 to None, run_after=None
[2023-10-18T14:55:04.916+0000] {logging_mixin.py:151} INFO - [2023-10-18T14:55:04.916+0000] {dag.py:2941} INFO - Sync 2 DAGs
[2023-10-18T14:55:04.920+0000] {logging_mixin.py:151} INFO - [2023-10-18T14:55:04.920+0000] {dag.py:3722} INFO - Setting next_dagrun for example_subdag_operator.section-1 to None, run_after=None
[2023-10-18T14:55:04.924+0000] {logging_mixin.py:151} INFO - [2023-10-18T14:55:04.924+0000] {dag.py:3722} INFO - Setting next_dagrun for example_subdag_operator.section-2 to None, run_after=None
[2023-10-18T14:55:04.934+0000] {processor.py:179} INFO - Processing /home/airflow/.local/lib/python3.8/site-packages/airflow/example_dags/example_subdag_operator.py took 0.099 seconds
[2023-10-18T14:55:35.639+0000] {processor.py:157} INFO - Started process (PID=232) to work on /home/airflow/.local/lib/python3.8/site-packages/airflow/example_dags/example_subdag_operator.py
[2023-10-18T14:55:35.641+0000] {processor.py:829} INFO - Processing file /home/airflow/.local/lib/python3.8/site-packages/airflow/example_dags/example_subdag_operator.py for tasks to queue
[2023-10-18T14:55:35.644+0000] {logging_mixin.py:151} INFO - [2023-10-18T14:55:35.644+0000] {dagbag.py:536} INFO - Filling up the DagBag from /home/airflow/.local/lib/python3.8/site-packages/airflow/example_dags/example_subdag_operator.py
[2023-10-18T14:55:35.667+0000] {processor.py:839} INFO - DAG(s) dict_keys(['example_subdag_operator.section-1', 'example_subdag_operator.section-2', 'example_subdag_operator']) retrieved from /home/airflow/.local/lib/python3.8/site-packages/airflow/example_dags/example_subdag_operator.py
[2023-10-18T14:55:35.678+0000] {logging_mixin.py:151} INFO - [2023-10-18T14:55:35.678+0000] {dag.py:2941} INFO - Sync 3 DAGs
[2023-10-18T14:55:35.693+0000] {logging_mixin.py:151} INFO - [2023-10-18T14:55:35.693+0000] {dag.py:3722} INFO - Setting next_dagrun for example_subdag_operator to 2022-01-01T00:00:00+00:00, run_after=2022-01-01T00:00:00+00:00
[2023-10-18T14:55:35.697+0000] {logging_mixin.py:151} INFO - [2023-10-18T14:55:35.697+0000] {dag.py:3722} INFO - Setting next_dagrun for example_subdag_operator.section-1 to None, run_after=None
[2023-10-18T14:55:35.700+0000] {logging_mixin.py:151} INFO - [2023-10-18T14:55:35.700+0000] {dag.py:3722} INFO - Setting next_dagrun for example_subdag_operator.section-2 to None, run_after=None
[2023-10-18T14:55:35.706+0000] {logging_mixin.py:151} INFO - [2023-10-18T14:55:35.706+0000] {dag.py:2941} INFO - Sync 2 DAGs
[2023-10-18T14:55:35.711+0000] {logging_mixin.py:151} INFO - [2023-10-18T14:55:35.711+0000] {dag.py:3722} INFO - Setting next_dagrun for example_subdag_operator.section-1 to None, run_after=None
[2023-10-18T14:55:35.712+0000] {logging_mixin.py:151} INFO - [2023-10-18T14:55:35.712+0000] {dag.py:3722} INFO - Setting next_dagrun for example_subdag_operator.section-2 to None, run_after=None
[2023-10-18T14:55:35.720+0000] {processor.py:179} INFO - Processing /home/airflow/.local/lib/python3.8/site-packages/airflow/example_dags/example_subdag_operator.py took 0.085 seconds
[2023-10-18T14:56:06.342+0000] {processor.py:157} INFO - Started process (PID=286) to work on /home/airflow/.local/lib/python3.8/site-packages/airflow/example_dags/example_subdag_operator.py
[2023-10-18T14:56:06.344+0000] {processor.py:829} INFO - Processing file /home/airflow/.local/lib/python3.8/site-packages/airflow/example_dags/example_subdag_operator.py for tasks to queue
[2023-10-18T14:56:06.347+0000] {logging_mixin.py:151} INFO - [2023-10-18T14:56:06.347+0000] {dagbag.py:536} INFO - Filling up the DagBag from /home/airflow/.local/lib/python3.8/site-packages/airflow/example_dags/example_subdag_operator.py
[2023-10-18T14:56:06.375+0000] {processor.py:839} INFO - DAG(s) dict_keys(['example_subdag_operator.section-1', 'example_subdag_operator.section-2', 'example_subdag_operator']) retrieved from /home/airflow/.local/lib/python3.8/site-packages/airflow/example_dags/example_subdag_operator.py
[2023-10-18T14:56:06.389+0000] {logging_mixin.py:151} INFO - [2023-10-18T14:56:06.389+0000] {dag.py:2941} INFO - Sync 3 DAGs
[2023-10-18T14:56:06.409+0000] {logging_mixin.py:151} INFO - [2023-10-18T14:56:06.409+0000] {dag.py:3722} INFO - Setting next_dagrun for example_subdag_operator to 2022-01-01T00:00:00+00:00, run_after=2022-01-01T00:00:00+00:00
[2023-10-18T14:56:06.413+0000] {logging_mixin.py:151} INFO - [2023-10-18T14:56:06.413+0000] {dag.py:3722} INFO - Setting next_dagrun for example_subdag_operator.section-1 to None, run_after=None
[2023-10-18T14:56:06.415+0000] {logging_mixin.py:151} INFO - [2023-10-18T14:56:06.415+0000] {dag.py:3722} INFO - Setting next_dagrun for example_subdag_operator.section-2 to None, run_after=None
[2023-10-18T14:56:06.423+0000] {logging_mixin.py:151} INFO - [2023-10-18T14:56:06.423+0000] {dag.py:2941} INFO - Sync 2 DAGs
[2023-10-18T14:56:06.428+0000] {logging_mixin.py:151} INFO - [2023-10-18T14:56:06.428+0000] {dag.py:3722} INFO - Setting next_dagrun for example_subdag_operator.section-1 to None, run_after=None
[2023-10-18T14:56:06.430+0000] {logging_mixin.py:151} INFO - [2023-10-18T14:56:06.429+0000] {dag.py:3722} INFO - Setting next_dagrun for example_subdag_operator.section-2 to None, run_after=None
[2023-10-18T14:56:06.442+0000] {processor.py:179} INFO - Processing /home/airflow/.local/lib/python3.8/site-packages/airflow/example_dags/example_subdag_operator.py took 0.103 seconds
