[2023-10-18T14:53:58.879+0000] {processor.py:157} INFO - Started process (PID=34) to work on /home/airflow/.local/lib/python3.8/site-packages/airflow/example_dags/example_task_group.py
[2023-10-18T14:53:58.882+0000] {processor.py:829} INFO - Processing file /home/airflow/.local/lib/python3.8/site-packages/airflow/example_dags/example_task_group.py for tasks to queue
[2023-10-18T14:53:58.886+0000] {logging_mixin.py:151} INFO - [2023-10-18T14:53:58.886+0000] {dagbag.py:536} INFO - Filling up the DagBag from /home/airflow/.local/lib/python3.8/site-packages/airflow/example_dags/example_task_group.py
[2023-10-18T14:53:58.898+0000] {processor.py:839} INFO - DAG(s) dict_keys(['example_task_group']) retrieved from /home/airflow/.local/lib/python3.8/site-packages/airflow/example_dags/example_task_group.py
[2023-10-18T14:53:58.915+0000] {logging_mixin.py:151} INFO - [2023-10-18T14:53:58.915+0000] {dag.py:2941} INFO - Sync 1 DAGs
[2023-10-18T14:53:58.946+0000] {logging_mixin.py:151} INFO - [2023-10-18T14:53:58.946+0000] {dag.py:3722} INFO - Setting next_dagrun for example_task_group to 2023-10-17T14:53:58.945796+00:00, run_after=2023-10-18T14:53:58.945796+00:00
[2023-10-18T14:53:58.963+0000] {processor.py:179} INFO - Processing /home/airflow/.local/lib/python3.8/site-packages/airflow/example_dags/example_task_group.py took 0.087 seconds
[2023-10-18T14:54:29.400+0000] {processor.py:157} INFO - Started process (PID=88) to work on /home/airflow/.local/lib/python3.8/site-packages/airflow/example_dags/example_task_group.py
[2023-10-18T14:54:29.403+0000] {processor.py:829} INFO - Processing file /home/airflow/.local/lib/python3.8/site-packages/airflow/example_dags/example_task_group.py for tasks to queue
[2023-10-18T14:54:29.406+0000] {logging_mixin.py:151} INFO - [2023-10-18T14:54:29.406+0000] {dagbag.py:536} INFO - Filling up the DagBag from /home/airflow/.local/lib/python3.8/site-packages/airflow/example_dags/example_task_group.py
[2023-10-18T14:54:29.416+0000] {processor.py:839} INFO - DAG(s) dict_keys(['example_task_group']) retrieved from /home/airflow/.local/lib/python3.8/site-packages/airflow/example_dags/example_task_group.py
[2023-10-18T14:54:29.458+0000] {logging_mixin.py:151} INFO - [2023-10-18T14:54:29.458+0000] {dag.py:2941} INFO - Sync 1 DAGs
[2023-10-18T14:54:29.474+0000] {logging_mixin.py:151} INFO - [2023-10-18T14:54:29.474+0000] {dag.py:3722} INFO - Setting next_dagrun for example_task_group to 2023-10-17T14:54:29.474325+00:00, run_after=2023-10-18T14:54:29.474325+00:00
[2023-10-18T14:54:29.494+0000] {processor.py:179} INFO - Processing /home/airflow/.local/lib/python3.8/site-packages/airflow/example_dags/example_task_group.py took 0.102 seconds
[2023-10-18T14:54:59.639+0000] {processor.py:157} INFO - Started process (PID=142) to work on /home/airflow/.local/lib/python3.8/site-packages/airflow/example_dags/example_task_group.py
[2023-10-18T14:54:59.643+0000] {processor.py:829} INFO - Processing file /home/airflow/.local/lib/python3.8/site-packages/airflow/example_dags/example_task_group.py for tasks to queue
[2023-10-18T14:54:59.646+0000] {logging_mixin.py:151} INFO - [2023-10-18T14:54:59.646+0000] {dagbag.py:536} INFO - Filling up the DagBag from /home/airflow/.local/lib/python3.8/site-packages/airflow/example_dags/example_task_group.py
[2023-10-18T14:54:59.653+0000] {processor.py:839} INFO - DAG(s) dict_keys(['example_task_group']) retrieved from /home/airflow/.local/lib/python3.8/site-packages/airflow/example_dags/example_task_group.py
[2023-10-18T14:54:59.674+0000] {logging_mixin.py:151} INFO - [2023-10-18T14:54:59.674+0000] {dag.py:2941} INFO - Sync 1 DAGs
[2023-10-18T14:54:59.692+0000] {logging_mixin.py:151} INFO - [2023-10-18T14:54:59.692+0000] {dag.py:3722} INFO - Setting next_dagrun for example_task_group to 2023-10-17T14:54:59.691805+00:00, run_after=2023-10-18T14:54:59.691805+00:00
[2023-10-18T14:54:59.708+0000] {processor.py:179} INFO - Processing /home/airflow/.local/lib/python3.8/site-packages/airflow/example_dags/example_task_group.py took 0.072 seconds
[2023-10-18T14:55:30.082+0000] {processor.py:157} INFO - Started process (PID=196) to work on /home/airflow/.local/lib/python3.8/site-packages/airflow/example_dags/example_task_group.py
[2023-10-18T14:55:30.086+0000] {processor.py:829} INFO - Processing file /home/airflow/.local/lib/python3.8/site-packages/airflow/example_dags/example_task_group.py for tasks to queue
[2023-10-18T14:55:30.090+0000] {logging_mixin.py:151} INFO - [2023-10-18T14:55:30.089+0000] {dagbag.py:536} INFO - Filling up the DagBag from /home/airflow/.local/lib/python3.8/site-packages/airflow/example_dags/example_task_group.py
[2023-10-18T14:55:30.097+0000] {processor.py:839} INFO - DAG(s) dict_keys(['example_task_group']) retrieved from /home/airflow/.local/lib/python3.8/site-packages/airflow/example_dags/example_task_group.py
[2023-10-18T14:55:30.119+0000] {logging_mixin.py:151} INFO - [2023-10-18T14:55:30.119+0000] {dag.py:2941} INFO - Sync 1 DAGs
[2023-10-18T14:55:30.134+0000] {logging_mixin.py:151} INFO - [2023-10-18T14:55:30.134+0000] {dag.py:3722} INFO - Setting next_dagrun for example_task_group to 2023-10-17T14:55:30.134453+00:00, run_after=2023-10-18T14:55:30.134453+00:00
[2023-10-18T14:55:30.152+0000] {processor.py:179} INFO - Processing /home/airflow/.local/lib/python3.8/site-packages/airflow/example_dags/example_task_group.py took 0.073 seconds
[2023-10-18T14:56:00.796+0000] {processor.py:157} INFO - Started process (PID=250) to work on /home/airflow/.local/lib/python3.8/site-packages/airflow/example_dags/example_task_group.py
[2023-10-18T14:56:00.799+0000] {processor.py:829} INFO - Processing file /home/airflow/.local/lib/python3.8/site-packages/airflow/example_dags/example_task_group.py for tasks to queue
[2023-10-18T14:56:00.802+0000] {logging_mixin.py:151} INFO - [2023-10-18T14:56:00.801+0000] {dagbag.py:536} INFO - Filling up the DagBag from /home/airflow/.local/lib/python3.8/site-packages/airflow/example_dags/example_task_group.py
[2023-10-18T14:56:00.811+0000] {processor.py:839} INFO - DAG(s) dict_keys(['example_task_group']) retrieved from /home/airflow/.local/lib/python3.8/site-packages/airflow/example_dags/example_task_group.py
[2023-10-18T14:56:00.839+0000] {logging_mixin.py:151} INFO - [2023-10-18T14:56:00.839+0000] {dag.py:2941} INFO - Sync 1 DAGs
[2023-10-18T14:56:00.858+0000] {logging_mixin.py:151} INFO - [2023-10-18T14:56:00.858+0000] {dag.py:3722} INFO - Setting next_dagrun for example_task_group to 2023-10-17T14:56:00.858469+00:00, run_after=2023-10-18T14:56:00.858469+00:00
[2023-10-18T14:56:00.877+0000] {processor.py:179} INFO - Processing /home/airflow/.local/lib/python3.8/site-packages/airflow/example_dags/example_task_group.py took 0.084 seconds
