[2023-10-18T14:54:00.448+0000] {processor.py:157} INFO - Started process (PID=45) to work on /home/airflow/.local/lib/python3.8/site-packages/airflow/example_dags/example_latest_only.py
[2023-10-18T14:54:00.458+0000] {processor.py:829} INFO - Processing file /home/airflow/.local/lib/python3.8/site-packages/airflow/example_dags/example_latest_only.py for tasks to queue
[2023-10-18T14:54:00.469+0000] {logging_mixin.py:151} INFO - [2023-10-18T14:54:00.467+0000] {dagbag.py:536} INFO - Filling up the DagBag from /home/airflow/.local/lib/python3.8/site-packages/airflow/example_dags/example_latest_only.py
[2023-10-18T14:54:00.512+0000] {processor.py:839} INFO - DAG(s) dict_keys(['latest_only']) retrieved from /home/airflow/.local/lib/python3.8/site-packages/airflow/example_dags/example_latest_only.py
[2023-10-18T14:54:00.546+0000] {logging_mixin.py:151} INFO - [2023-10-18T14:54:00.546+0000] {dag.py:2941} INFO - Sync 1 DAGs
[2023-10-18T14:54:00.606+0000] {logging_mixin.py:151} INFO - [2023-10-18T14:54:00.606+0000] {dag.py:3722} INFO - Setting next_dagrun for latest_only to 2023-10-18T10:54:00.605991+00:00, run_after=2023-10-18T14:54:00.605991+00:00
[2023-10-18T14:54:00.650+0000] {processor.py:179} INFO - Processing /home/airflow/.local/lib/python3.8/site-packages/airflow/example_dags/example_latest_only.py took 0.224 seconds
[2023-10-18T14:54:31.576+0000] {processor.py:157} INFO - Started process (PID=99) to work on /home/airflow/.local/lib/python3.8/site-packages/airflow/example_dags/example_latest_only.py
[2023-10-18T14:54:31.581+0000] {processor.py:829} INFO - Processing file /home/airflow/.local/lib/python3.8/site-packages/airflow/example_dags/example_latest_only.py for tasks to queue
[2023-10-18T14:54:31.585+0000] {logging_mixin.py:151} INFO - [2023-10-18T14:54:31.585+0000] {dagbag.py:536} INFO - Filling up the DagBag from /home/airflow/.local/lib/python3.8/site-packages/airflow/example_dags/example_latest_only.py
[2023-10-18T14:54:31.592+0000] {processor.py:839} INFO - DAG(s) dict_keys(['latest_only']) retrieved from /home/airflow/.local/lib/python3.8/site-packages/airflow/example_dags/example_latest_only.py
[2023-10-18T14:54:31.619+0000] {logging_mixin.py:151} INFO - [2023-10-18T14:54:31.618+0000] {dag.py:2941} INFO - Sync 1 DAGs
[2023-10-18T14:54:31.635+0000] {logging_mixin.py:151} INFO - [2023-10-18T14:54:31.635+0000] {dag.py:3722} INFO - Setting next_dagrun for latest_only to 2023-10-18T10:54:31.635340+00:00, run_after=2023-10-18T14:54:31.635340+00:00
[2023-10-18T14:54:31.650+0000] {processor.py:179} INFO - Processing /home/airflow/.local/lib/python3.8/site-packages/airflow/example_dags/example_latest_only.py took 0.078 seconds
[2023-10-18T14:55:02.380+0000] {processor.py:157} INFO - Started process (PID=153) to work on /home/airflow/.local/lib/python3.8/site-packages/airflow/example_dags/example_latest_only.py
[2023-10-18T14:55:02.383+0000] {processor.py:829} INFO - Processing file /home/airflow/.local/lib/python3.8/site-packages/airflow/example_dags/example_latest_only.py for tasks to queue
[2023-10-18T14:55:02.388+0000] {logging_mixin.py:151} INFO - [2023-10-18T14:55:02.387+0000] {dagbag.py:536} INFO - Filling up the DagBag from /home/airflow/.local/lib/python3.8/site-packages/airflow/example_dags/example_latest_only.py
[2023-10-18T14:55:02.397+0000] {processor.py:839} INFO - DAG(s) dict_keys(['latest_only']) retrieved from /home/airflow/.local/lib/python3.8/site-packages/airflow/example_dags/example_latest_only.py
[2023-10-18T14:55:02.420+0000] {logging_mixin.py:151} INFO - [2023-10-18T14:55:02.420+0000] {dag.py:2941} INFO - Sync 1 DAGs
[2023-10-18T14:55:02.438+0000] {logging_mixin.py:151} INFO - [2023-10-18T14:55:02.438+0000] {dag.py:3722} INFO - Setting next_dagrun for latest_only to 2023-10-18T10:55:02.438327+00:00, run_after=2023-10-18T14:55:02.438327+00:00
[2023-10-18T14:55:02.453+0000] {processor.py:179} INFO - Processing /home/airflow/.local/lib/python3.8/site-packages/airflow/example_dags/example_latest_only.py took 0.077 seconds
[2023-10-18T14:55:32.841+0000] {processor.py:157} INFO - Started process (PID=207) to work on /home/airflow/.local/lib/python3.8/site-packages/airflow/example_dags/example_latest_only.py
[2023-10-18T14:55:32.853+0000] {processor.py:829} INFO - Processing file /home/airflow/.local/lib/python3.8/site-packages/airflow/example_dags/example_latest_only.py for tasks to queue
[2023-10-18T14:55:32.857+0000] {logging_mixin.py:151} INFO - [2023-10-18T14:55:32.856+0000] {dagbag.py:536} INFO - Filling up the DagBag from /home/airflow/.local/lib/python3.8/site-packages/airflow/example_dags/example_latest_only.py
[2023-10-18T14:55:32.864+0000] {processor.py:839} INFO - DAG(s) dict_keys(['latest_only']) retrieved from /home/airflow/.local/lib/python3.8/site-packages/airflow/example_dags/example_latest_only.py
[2023-10-18T14:55:32.885+0000] {logging_mixin.py:151} INFO - [2023-10-18T14:55:32.885+0000] {dag.py:2941} INFO - Sync 1 DAGs
[2023-10-18T14:55:32.901+0000] {logging_mixin.py:151} INFO - [2023-10-18T14:55:32.901+0000] {dag.py:3722} INFO - Setting next_dagrun for latest_only to 2023-10-18T10:55:32.901090+00:00, run_after=2023-10-18T14:55:32.901090+00:00
[2023-10-18T14:55:32.915+0000] {processor.py:179} INFO - Processing /home/airflow/.local/lib/python3.8/site-packages/airflow/example_dags/example_latest_only.py took 0.078 seconds
[2023-10-18T14:56:03.527+0000] {processor.py:157} INFO - Started process (PID=261) to work on /home/airflow/.local/lib/python3.8/site-packages/airflow/example_dags/example_latest_only.py
[2023-10-18T14:56:03.530+0000] {processor.py:829} INFO - Processing file /home/airflow/.local/lib/python3.8/site-packages/airflow/example_dags/example_latest_only.py for tasks to queue
[2023-10-18T14:56:03.533+0000] {logging_mixin.py:151} INFO - [2023-10-18T14:56:03.532+0000] {dagbag.py:536} INFO - Filling up the DagBag from /home/airflow/.local/lib/python3.8/site-packages/airflow/example_dags/example_latest_only.py
[2023-10-18T14:56:03.539+0000] {processor.py:839} INFO - DAG(s) dict_keys(['latest_only']) retrieved from /home/airflow/.local/lib/python3.8/site-packages/airflow/example_dags/example_latest_only.py
[2023-10-18T14:56:03.563+0000] {logging_mixin.py:151} INFO - [2023-10-18T14:56:03.563+0000] {dag.py:2941} INFO - Sync 1 DAGs
[2023-10-18T14:56:03.579+0000] {logging_mixin.py:151} INFO - [2023-10-18T14:56:03.579+0000] {dag.py:3722} INFO - Setting next_dagrun for latest_only to 2023-10-18T10:56:03.579511+00:00, run_after=2023-10-18T14:56:03.579511+00:00
[2023-10-18T14:56:03.595+0000] {processor.py:179} INFO - Processing /home/airflow/.local/lib/python3.8/site-packages/airflow/example_dags/example_latest_only.py took 0.071 seconds
