[2023-10-18T14:54:03.630+0000] {processor.py:157} INFO - Started process (PID=67) to work on /home/airflow/.local/lib/python3.8/site-packages/airflow/example_dags/example_short_circuit_decorator.py
[2023-10-18T14:54:03.632+0000] {processor.py:829} INFO - Processing file /home/airflow/.local/lib/python3.8/site-packages/airflow/example_dags/example_short_circuit_decorator.py for tasks to queue
[2023-10-18T14:54:03.646+0000] {logging_mixin.py:151} INFO - [2023-10-18T14:54:03.645+0000] {dagbag.py:536} INFO - Filling up the DagBag from /home/airflow/.local/lib/python3.8/site-packages/airflow/example_dags/example_short_circuit_decorator.py
[2023-10-18T14:54:03.670+0000] {processor.py:839} INFO - DAG(s) dict_keys(['example_short_circuit_decorator']) retrieved from /home/airflow/.local/lib/python3.8/site-packages/airflow/example_dags/example_short_circuit_decorator.py
[2023-10-18T14:54:03.694+0000] {logging_mixin.py:151} INFO - [2023-10-18T14:54:03.694+0000] {dag.py:2941} INFO - Sync 1 DAGs
[2023-10-18T14:54:03.734+0000] {logging_mixin.py:151} INFO - [2023-10-18T14:54:03.734+0000] {dag.py:3722} INFO - Setting next_dagrun for example_short_circuit_decorator to 2023-10-17T14:54:03.734110+00:00, run_after=2023-10-18T14:54:03.734110+00:00
[2023-10-18T14:54:03.781+0000] {processor.py:179} INFO - Processing /home/airflow/.local/lib/python3.8/site-packages/airflow/example_dags/example_short_circuit_decorator.py took 0.157 seconds
[2023-10-18T14:54:34.210+0000] {processor.py:157} INFO - Started process (PID=121) to work on /home/airflow/.local/lib/python3.8/site-packages/airflow/example_dags/example_short_circuit_decorator.py
[2023-10-18T14:54:34.212+0000] {processor.py:829} INFO - Processing file /home/airflow/.local/lib/python3.8/site-packages/airflow/example_dags/example_short_circuit_decorator.py for tasks to queue
[2023-10-18T14:54:34.219+0000] {logging_mixin.py:151} INFO - [2023-10-18T14:54:34.219+0000] {dagbag.py:536} INFO - Filling up the DagBag from /home/airflow/.local/lib/python3.8/site-packages/airflow/example_dags/example_short_circuit_decorator.py
[2023-10-18T14:54:34.231+0000] {processor.py:839} INFO - DAG(s) dict_keys(['example_short_circuit_decorator']) retrieved from /home/airflow/.local/lib/python3.8/site-packages/airflow/example_dags/example_short_circuit_decorator.py
[2023-10-18T14:54:34.255+0000] {logging_mixin.py:151} INFO - [2023-10-18T14:54:34.255+0000] {dag.py:2941} INFO - Sync 1 DAGs
[2023-10-18T14:54:34.274+0000] {logging_mixin.py:151} INFO - [2023-10-18T14:54:34.274+0000] {dag.py:3722} INFO - Setting next_dagrun for example_short_circuit_decorator to 2023-10-17T14:54:34.273869+00:00, run_after=2023-10-18T14:54:34.273869+00:00
[2023-10-18T14:54:34.289+0000] {processor.py:179} INFO - Processing /home/airflow/.local/lib/python3.8/site-packages/airflow/example_dags/example_short_circuit_decorator.py took 0.084 seconds
[2023-10-18T14:55:04.649+0000] {processor.py:157} INFO - Started process (PID=175) to work on /home/airflow/.local/lib/python3.8/site-packages/airflow/example_dags/example_short_circuit_decorator.py
[2023-10-18T14:55:04.652+0000] {processor.py:829} INFO - Processing file /home/airflow/.local/lib/python3.8/site-packages/airflow/example_dags/example_short_circuit_decorator.py for tasks to queue
[2023-10-18T14:55:04.655+0000] {logging_mixin.py:151} INFO - [2023-10-18T14:55:04.655+0000] {dagbag.py:536} INFO - Filling up the DagBag from /home/airflow/.local/lib/python3.8/site-packages/airflow/example_dags/example_short_circuit_decorator.py
[2023-10-18T14:55:04.663+0000] {processor.py:839} INFO - DAG(s) dict_keys(['example_short_circuit_decorator']) retrieved from /home/airflow/.local/lib/python3.8/site-packages/airflow/example_dags/example_short_circuit_decorator.py
[2023-10-18T14:55:04.686+0000] {logging_mixin.py:151} INFO - [2023-10-18T14:55:04.686+0000] {dag.py:2941} INFO - Sync 1 DAGs
[2023-10-18T14:55:04.703+0000] {logging_mixin.py:151} INFO - [2023-10-18T14:55:04.703+0000] {dag.py:3722} INFO - Setting next_dagrun for example_short_circuit_decorator to 2023-10-17T14:55:04.702780+00:00, run_after=2023-10-18T14:55:04.702780+00:00
[2023-10-18T14:55:04.719+0000] {processor.py:179} INFO - Processing /home/airflow/.local/lib/python3.8/site-packages/airflow/example_dags/example_short_circuit_decorator.py took 0.073 seconds
[2023-10-18T14:55:35.428+0000] {processor.py:157} INFO - Started process (PID=229) to work on /home/airflow/.local/lib/python3.8/site-packages/airflow/example_dags/example_short_circuit_decorator.py
[2023-10-18T14:55:35.431+0000] {processor.py:829} INFO - Processing file /home/airflow/.local/lib/python3.8/site-packages/airflow/example_dags/example_short_circuit_decorator.py for tasks to queue
[2023-10-18T14:55:35.433+0000] {logging_mixin.py:151} INFO - [2023-10-18T14:55:35.433+0000] {dagbag.py:536} INFO - Filling up the DagBag from /home/airflow/.local/lib/python3.8/site-packages/airflow/example_dags/example_short_circuit_decorator.py
[2023-10-18T14:55:35.442+0000] {processor.py:839} INFO - DAG(s) dict_keys(['example_short_circuit_decorator']) retrieved from /home/airflow/.local/lib/python3.8/site-packages/airflow/example_dags/example_short_circuit_decorator.py
[2023-10-18T14:55:35.464+0000] {logging_mixin.py:151} INFO - [2023-10-18T14:55:35.464+0000] {dag.py:2941} INFO - Sync 1 DAGs
[2023-10-18T14:55:35.482+0000] {logging_mixin.py:151} INFO - [2023-10-18T14:55:35.482+0000] {dag.py:3722} INFO - Setting next_dagrun for example_short_circuit_decorator to 2023-10-17T14:55:35.482361+00:00, run_after=2023-10-18T14:55:35.482361+00:00
[2023-10-18T14:55:35.498+0000] {processor.py:179} INFO - Processing /home/airflow/.local/lib/python3.8/site-packages/airflow/example_dags/example_short_circuit_decorator.py took 0.072 seconds
[2023-10-18T14:56:06.120+0000] {processor.py:157} INFO - Started process (PID=283) to work on /home/airflow/.local/lib/python3.8/site-packages/airflow/example_dags/example_short_circuit_decorator.py
[2023-10-18T14:56:06.122+0000] {processor.py:829} INFO - Processing file /home/airflow/.local/lib/python3.8/site-packages/airflow/example_dags/example_short_circuit_decorator.py for tasks to queue
[2023-10-18T14:56:06.125+0000] {logging_mixin.py:151} INFO - [2023-10-18T14:56:06.125+0000] {dagbag.py:536} INFO - Filling up the DagBag from /home/airflow/.local/lib/python3.8/site-packages/airflow/example_dags/example_short_circuit_decorator.py
[2023-10-18T14:56:06.133+0000] {processor.py:839} INFO - DAG(s) dict_keys(['example_short_circuit_decorator']) retrieved from /home/airflow/.local/lib/python3.8/site-packages/airflow/example_dags/example_short_circuit_decorator.py
[2023-10-18T14:56:06.158+0000] {logging_mixin.py:151} INFO - [2023-10-18T14:56:06.158+0000] {dag.py:2941} INFO - Sync 1 DAGs
[2023-10-18T14:56:06.182+0000] {logging_mixin.py:151} INFO - [2023-10-18T14:56:06.182+0000] {dag.py:3722} INFO - Setting next_dagrun for example_short_circuit_decorator to 2023-10-17T14:56:06.182404+00:00, run_after=2023-10-18T14:56:06.182404+00:00
[2023-10-18T14:56:06.199+0000] {processor.py:179} INFO - Processing /home/airflow/.local/lib/python3.8/site-packages/airflow/example_dags/example_short_circuit_decorator.py took 0.082 seconds
