[2023-10-18T14:54:02.921+0000] {processor.py:157} INFO - Started process (PID=61) to work on /home/airflow/.local/lib/python3.8/site-packages/airflow/example_dags/example_branch_day_of_week_operator.py
[2023-10-18T14:54:02.925+0000] {processor.py:829} INFO - Processing file /home/airflow/.local/lib/python3.8/site-packages/airflow/example_dags/example_branch_day_of_week_operator.py for tasks to queue
[2023-10-18T14:54:02.930+0000] {logging_mixin.py:151} INFO - [2023-10-18T14:54:02.930+0000] {dagbag.py:536} INFO - Filling up the DagBag from /home/airflow/.local/lib/python3.8/site-packages/airflow/example_dags/example_branch_day_of_week_operator.py
[2023-10-18T14:54:02.956+0000] {processor.py:839} INFO - DAG(s) dict_keys(['example_weekday_branch_operator']) retrieved from /home/airflow/.local/lib/python3.8/site-packages/airflow/example_dags/example_branch_day_of_week_operator.py
[2023-10-18T14:54:02.978+0000] {logging_mixin.py:151} INFO - [2023-10-18T14:54:02.978+0000] {dag.py:2941} INFO - Sync 1 DAGs
[2023-10-18T14:54:03.021+0000] {logging_mixin.py:151} INFO - [2023-10-18T14:54:03.020+0000] {dag.py:3722} INFO - Setting next_dagrun for example_weekday_branch_operator to 2023-10-17T00:00:00+00:00, run_after=2023-10-18T00:00:00+00:00
[2023-10-18T14:54:03.052+0000] {processor.py:179} INFO - Processing /home/airflow/.local/lib/python3.8/site-packages/airflow/example_dags/example_branch_day_of_week_operator.py took 0.138 seconds
[2023-10-18T14:54:33.777+0000] {processor.py:157} INFO - Started process (PID=115) to work on /home/airflow/.local/lib/python3.8/site-packages/airflow/example_dags/example_branch_day_of_week_operator.py
[2023-10-18T14:54:33.780+0000] {processor.py:829} INFO - Processing file /home/airflow/.local/lib/python3.8/site-packages/airflow/example_dags/example_branch_day_of_week_operator.py for tasks to queue
[2023-10-18T14:54:33.783+0000] {logging_mixin.py:151} INFO - [2023-10-18T14:54:33.783+0000] {dagbag.py:536} INFO - Filling up the DagBag from /home/airflow/.local/lib/python3.8/site-packages/airflow/example_dags/example_branch_day_of_week_operator.py
[2023-10-18T14:54:33.790+0000] {processor.py:839} INFO - DAG(s) dict_keys(['example_weekday_branch_operator']) retrieved from /home/airflow/.local/lib/python3.8/site-packages/airflow/example_dags/example_branch_day_of_week_operator.py
[2023-10-18T14:54:33.817+0000] {logging_mixin.py:151} INFO - [2023-10-18T14:54:33.817+0000] {dag.py:2941} INFO - Sync 1 DAGs
[2023-10-18T14:54:33.873+0000] {logging_mixin.py:151} INFO - [2023-10-18T14:54:33.873+0000] {dag.py:3722} INFO - Setting next_dagrun for example_weekday_branch_operator to 2023-10-17T00:00:00+00:00, run_after=2023-10-18T00:00:00+00:00
[2023-10-18T14:54:33.893+0000] {processor.py:179} INFO - Processing /home/airflow/.local/lib/python3.8/site-packages/airflow/example_dags/example_branch_day_of_week_operator.py took 0.119 seconds
[2023-10-18T14:55:04.326+0000] {processor.py:157} INFO - Started process (PID=169) to work on /home/airflow/.local/lib/python3.8/site-packages/airflow/example_dags/example_branch_day_of_week_operator.py
[2023-10-18T14:55:04.328+0000] {processor.py:829} INFO - Processing file /home/airflow/.local/lib/python3.8/site-packages/airflow/example_dags/example_branch_day_of_week_operator.py for tasks to queue
[2023-10-18T14:55:04.331+0000] {logging_mixin.py:151} INFO - [2023-10-18T14:55:04.331+0000] {dagbag.py:536} INFO - Filling up the DagBag from /home/airflow/.local/lib/python3.8/site-packages/airflow/example_dags/example_branch_day_of_week_operator.py
[2023-10-18T14:55:04.338+0000] {processor.py:839} INFO - DAG(s) dict_keys(['example_weekday_branch_operator']) retrieved from /home/airflow/.local/lib/python3.8/site-packages/airflow/example_dags/example_branch_day_of_week_operator.py
[2023-10-18T14:55:04.360+0000] {logging_mixin.py:151} INFO - [2023-10-18T14:55:04.360+0000] {dag.py:2941} INFO - Sync 1 DAGs
[2023-10-18T14:55:04.380+0000] {logging_mixin.py:151} INFO - [2023-10-18T14:55:04.380+0000] {dag.py:3722} INFO - Setting next_dagrun for example_weekday_branch_operator to 2023-10-17T00:00:00+00:00, run_after=2023-10-18T00:00:00+00:00
[2023-10-18T14:55:04.400+0000] {processor.py:179} INFO - Processing /home/airflow/.local/lib/python3.8/site-packages/airflow/example_dags/example_branch_day_of_week_operator.py took 0.077 seconds
[2023-10-18T14:55:35.007+0000] {processor.py:157} INFO - Started process (PID=223) to work on /home/airflow/.local/lib/python3.8/site-packages/airflow/example_dags/example_branch_day_of_week_operator.py
[2023-10-18T14:55:35.014+0000] {processor.py:829} INFO - Processing file /home/airflow/.local/lib/python3.8/site-packages/airflow/example_dags/example_branch_day_of_week_operator.py for tasks to queue
[2023-10-18T14:55:35.020+0000] {logging_mixin.py:151} INFO - [2023-10-18T14:55:35.019+0000] {dagbag.py:536} INFO - Filling up the DagBag from /home/airflow/.local/lib/python3.8/site-packages/airflow/example_dags/example_branch_day_of_week_operator.py
[2023-10-18T14:55:35.038+0000] {processor.py:839} INFO - DAG(s) dict_keys(['example_weekday_branch_operator']) retrieved from /home/airflow/.local/lib/python3.8/site-packages/airflow/example_dags/example_branch_day_of_week_operator.py
[2023-10-18T14:55:35.087+0000] {logging_mixin.py:151} INFO - [2023-10-18T14:55:35.087+0000] {dag.py:2941} INFO - Sync 1 DAGs
[2023-10-18T14:55:35.119+0000] {logging_mixin.py:151} INFO - [2023-10-18T14:55:35.119+0000] {dag.py:3722} INFO - Setting next_dagrun for example_weekday_branch_operator to 2023-10-17T00:00:00+00:00, run_after=2023-10-18T00:00:00+00:00
[2023-10-18T14:55:35.137+0000] {processor.py:179} INFO - Processing /home/airflow/.local/lib/python3.8/site-packages/airflow/example_dags/example_branch_day_of_week_operator.py took 0.136 seconds
[2023-10-18T14:56:05.736+0000] {processor.py:157} INFO - Started process (PID=277) to work on /home/airflow/.local/lib/python3.8/site-packages/airflow/example_dags/example_branch_day_of_week_operator.py
[2023-10-18T14:56:05.739+0000] {processor.py:829} INFO - Processing file /home/airflow/.local/lib/python3.8/site-packages/airflow/example_dags/example_branch_day_of_week_operator.py for tasks to queue
[2023-10-18T14:56:05.742+0000] {logging_mixin.py:151} INFO - [2023-10-18T14:56:05.742+0000] {dagbag.py:536} INFO - Filling up the DagBag from /home/airflow/.local/lib/python3.8/site-packages/airflow/example_dags/example_branch_day_of_week_operator.py
[2023-10-18T14:56:05.751+0000] {processor.py:839} INFO - DAG(s) dict_keys(['example_weekday_branch_operator']) retrieved from /home/airflow/.local/lib/python3.8/site-packages/airflow/example_dags/example_branch_day_of_week_operator.py
[2023-10-18T14:56:05.774+0000] {logging_mixin.py:151} INFO - [2023-10-18T14:56:05.774+0000] {dag.py:2941} INFO - Sync 1 DAGs
[2023-10-18T14:56:05.795+0000] {logging_mixin.py:151} INFO - [2023-10-18T14:56:05.795+0000] {dag.py:3722} INFO - Setting next_dagrun for example_weekday_branch_operator to 2023-10-17T00:00:00+00:00, run_after=2023-10-18T00:00:00+00:00
[2023-10-18T14:56:05.814+0000] {processor.py:179} INFO - Processing /home/airflow/.local/lib/python3.8/site-packages/airflow/example_dags/example_branch_day_of_week_operator.py took 0.082 seconds
