[2023-10-18T14:53:59.148+0000] {processor.py:157} INFO - Started process (PID=37) to work on /home/airflow/.local/lib/python3.8/site-packages/airflow/example_dags/example_short_circuit_operator.py
[2023-10-18T14:53:59.152+0000] {processor.py:829} INFO - Processing file /home/airflow/.local/lib/python3.8/site-packages/airflow/example_dags/example_short_circuit_operator.py for tasks to queue
[2023-10-18T14:53:59.157+0000] {logging_mixin.py:151} INFO - [2023-10-18T14:53:59.156+0000] {dagbag.py:536} INFO - Filling up the DagBag from /home/airflow/.local/lib/python3.8/site-packages/airflow/example_dags/example_short_circuit_operator.py
[2023-10-18T14:53:59.173+0000] {processor.py:839} INFO - DAG(s) dict_keys(['example_short_circuit_operator']) retrieved from /home/airflow/.local/lib/python3.8/site-packages/airflow/example_dags/example_short_circuit_operator.py
[2023-10-18T14:53:59.218+0000] {logging_mixin.py:151} INFO - [2023-10-18T14:53:59.218+0000] {dag.py:2941} INFO - Sync 1 DAGs
[2023-10-18T14:53:59.242+0000] {logging_mixin.py:151} INFO - [2023-10-18T14:53:59.242+0000] {dag.py:3722} INFO - Setting next_dagrun for example_short_circuit_operator to 2023-10-17T14:53:59.241721+00:00, run_after=2023-10-18T14:53:59.241721+00:00
[2023-10-18T14:53:59.281+0000] {processor.py:179} INFO - Processing /home/airflow/.local/lib/python3.8/site-packages/airflow/example_dags/example_short_circuit_operator.py took 0.139 seconds
[2023-10-18T14:54:29.734+0000] {processor.py:157} INFO - Started process (PID=91) to work on /home/airflow/.local/lib/python3.8/site-packages/airflow/example_dags/example_short_circuit_operator.py
[2023-10-18T14:54:29.738+0000] {processor.py:829} INFO - Processing file /home/airflow/.local/lib/python3.8/site-packages/airflow/example_dags/example_short_circuit_operator.py for tasks to queue
[2023-10-18T14:54:29.741+0000] {logging_mixin.py:151} INFO - [2023-10-18T14:54:29.741+0000] {dagbag.py:536} INFO - Filling up the DagBag from /home/airflow/.local/lib/python3.8/site-packages/airflow/example_dags/example_short_circuit_operator.py
[2023-10-18T14:54:29.749+0000] {processor.py:839} INFO - DAG(s) dict_keys(['example_short_circuit_operator']) retrieved from /home/airflow/.local/lib/python3.8/site-packages/airflow/example_dags/example_short_circuit_operator.py
[2023-10-18T14:54:29.773+0000] {logging_mixin.py:151} INFO - [2023-10-18T14:54:29.773+0000] {dag.py:2941} INFO - Sync 1 DAGs
[2023-10-18T14:54:29.794+0000] {logging_mixin.py:151} INFO - [2023-10-18T14:54:29.794+0000] {dag.py:3722} INFO - Setting next_dagrun for example_short_circuit_operator to 2023-10-17T14:54:29.793910+00:00, run_after=2023-10-18T14:54:29.793910+00:00
[2023-10-18T14:54:29.810+0000] {processor.py:179} INFO - Processing /home/airflow/.local/lib/python3.8/site-packages/airflow/example_dags/example_short_circuit_operator.py took 0.079 seconds
[2023-10-18T14:54:59.877+0000] {processor.py:157} INFO - Started process (PID=145) to work on /home/airflow/.local/lib/python3.8/site-packages/airflow/example_dags/example_short_circuit_operator.py
[2023-10-18T14:54:59.880+0000] {processor.py:829} INFO - Processing file /home/airflow/.local/lib/python3.8/site-packages/airflow/example_dags/example_short_circuit_operator.py for tasks to queue
[2023-10-18T14:54:59.883+0000] {logging_mixin.py:151} INFO - [2023-10-18T14:54:59.883+0000] {dagbag.py:536} INFO - Filling up the DagBag from /home/airflow/.local/lib/python3.8/site-packages/airflow/example_dags/example_short_circuit_operator.py
[2023-10-18T14:54:59.889+0000] {processor.py:839} INFO - DAG(s) dict_keys(['example_short_circuit_operator']) retrieved from /home/airflow/.local/lib/python3.8/site-packages/airflow/example_dags/example_short_circuit_operator.py
[2023-10-18T14:54:59.912+0000] {logging_mixin.py:151} INFO - [2023-10-18T14:54:59.912+0000] {dag.py:2941} INFO - Sync 1 DAGs
[2023-10-18T14:54:59.927+0000] {logging_mixin.py:151} INFO - [2023-10-18T14:54:59.927+0000] {dag.py:3722} INFO - Setting next_dagrun for example_short_circuit_operator to 2023-10-17T14:54:59.927177+00:00, run_after=2023-10-18T14:54:59.927177+00:00
[2023-10-18T14:54:59.941+0000] {processor.py:179} INFO - Processing /home/airflow/.local/lib/python3.8/site-packages/airflow/example_dags/example_short_circuit_operator.py took 0.066 seconds
[2023-10-18T14:55:30.324+0000] {processor.py:157} INFO - Started process (PID=199) to work on /home/airflow/.local/lib/python3.8/site-packages/airflow/example_dags/example_short_circuit_operator.py
[2023-10-18T14:55:30.326+0000] {processor.py:829} INFO - Processing file /home/airflow/.local/lib/python3.8/site-packages/airflow/example_dags/example_short_circuit_operator.py for tasks to queue
[2023-10-18T14:55:30.331+0000] {logging_mixin.py:151} INFO - [2023-10-18T14:55:30.330+0000] {dagbag.py:536} INFO - Filling up the DagBag from /home/airflow/.local/lib/python3.8/site-packages/airflow/example_dags/example_short_circuit_operator.py
[2023-10-18T14:55:30.337+0000] {processor.py:839} INFO - DAG(s) dict_keys(['example_short_circuit_operator']) retrieved from /home/airflow/.local/lib/python3.8/site-packages/airflow/example_dags/example_short_circuit_operator.py
[2023-10-18T14:55:30.358+0000] {logging_mixin.py:151} INFO - [2023-10-18T14:55:30.358+0000] {dag.py:2941} INFO - Sync 1 DAGs
[2023-10-18T14:55:30.373+0000] {logging_mixin.py:151} INFO - [2023-10-18T14:55:30.373+0000] {dag.py:3722} INFO - Setting next_dagrun for example_short_circuit_operator to 2023-10-17T14:55:30.372985+00:00, run_after=2023-10-18T14:55:30.372985+00:00
[2023-10-18T14:55:30.385+0000] {processor.py:179} INFO - Processing /home/airflow/.local/lib/python3.8/site-packages/airflow/example_dags/example_short_circuit_operator.py took 0.064 seconds
[2023-10-18T14:56:01.074+0000] {processor.py:157} INFO - Started process (PID=253) to work on /home/airflow/.local/lib/python3.8/site-packages/airflow/example_dags/example_short_circuit_operator.py
[2023-10-18T14:56:01.078+0000] {processor.py:829} INFO - Processing file /home/airflow/.local/lib/python3.8/site-packages/airflow/example_dags/example_short_circuit_operator.py for tasks to queue
[2023-10-18T14:56:01.082+0000] {logging_mixin.py:151} INFO - [2023-10-18T14:56:01.081+0000] {dagbag.py:536} INFO - Filling up the DagBag from /home/airflow/.local/lib/python3.8/site-packages/airflow/example_dags/example_short_circuit_operator.py
[2023-10-18T14:56:01.089+0000] {processor.py:839} INFO - DAG(s) dict_keys(['example_short_circuit_operator']) retrieved from /home/airflow/.local/lib/python3.8/site-packages/airflow/example_dags/example_short_circuit_operator.py
[2023-10-18T14:56:01.122+0000] {logging_mixin.py:151} INFO - [2023-10-18T14:56:01.122+0000] {dag.py:2941} INFO - Sync 1 DAGs
[2023-10-18T14:56:01.142+0000] {logging_mixin.py:151} INFO - [2023-10-18T14:56:01.142+0000] {dag.py:3722} INFO - Setting next_dagrun for example_short_circuit_operator to 2023-10-17T14:56:01.142316+00:00, run_after=2023-10-18T14:56:01.142316+00:00
[2023-10-18T14:56:01.156+0000] {processor.py:179} INFO - Processing /home/airflow/.local/lib/python3.8/site-packages/airflow/example_dags/example_short_circuit_operator.py took 0.085 seconds
