[2023-10-18T14:54:02.792+0000] {processor.py:157} INFO - Started process (PID=60) to work on /home/airflow/.local/lib/python3.8/site-packages/airflow/example_dags/example_setup_teardown.py
[2023-10-18T14:54:02.796+0000] {processor.py:829} INFO - Processing file /home/airflow/.local/lib/python3.8/site-packages/airflow/example_dags/example_setup_teardown.py for tasks to queue
[2023-10-18T14:54:02.803+0000] {logging_mixin.py:151} INFO - [2023-10-18T14:54:02.803+0000] {dagbag.py:536} INFO - Filling up the DagBag from /home/airflow/.local/lib/python3.8/site-packages/airflow/example_dags/example_setup_teardown.py
[2023-10-18T14:54:02.830+0000] {processor.py:839} INFO - DAG(s) dict_keys(['example_setup_teardown']) retrieved from /home/airflow/.local/lib/python3.8/site-packages/airflow/example_dags/example_setup_teardown.py
[2023-10-18T14:54:02.880+0000] {logging_mixin.py:151} INFO - [2023-10-18T14:54:02.880+0000] {dag.py:2941} INFO - Sync 1 DAGs
[2023-10-18T14:54:02.922+0000] {logging_mixin.py:151} INFO - [2023-10-18T14:54:02.921+0000] {dag.py:3722} INFO - Setting next_dagrun for example_setup_teardown to 2023-10-17T14:54:02.921551+00:00, run_after=2023-10-18T14:54:02.921551+00:00
[2023-10-18T14:54:02.951+0000] {processor.py:179} INFO - Processing /home/airflow/.local/lib/python3.8/site-packages/airflow/example_dags/example_setup_teardown.py took 0.166 seconds
[2023-10-18T14:54:33.763+0000] {processor.py:157} INFO - Started process (PID=114) to work on /home/airflow/.local/lib/python3.8/site-packages/airflow/example_dags/example_setup_teardown.py
[2023-10-18T14:54:33.765+0000] {processor.py:829} INFO - Processing file /home/airflow/.local/lib/python3.8/site-packages/airflow/example_dags/example_setup_teardown.py for tasks to queue
[2023-10-18T14:54:33.769+0000] {logging_mixin.py:151} INFO - [2023-10-18T14:54:33.768+0000] {dagbag.py:536} INFO - Filling up the DagBag from /home/airflow/.local/lib/python3.8/site-packages/airflow/example_dags/example_setup_teardown.py
[2023-10-18T14:54:33.776+0000] {processor.py:839} INFO - DAG(s) dict_keys(['example_setup_teardown']) retrieved from /home/airflow/.local/lib/python3.8/site-packages/airflow/example_dags/example_setup_teardown.py
[2023-10-18T14:54:33.799+0000] {logging_mixin.py:151} INFO - [2023-10-18T14:54:33.799+0000] {dag.py:2941} INFO - Sync 1 DAGs
[2023-10-18T14:54:33.816+0000] {logging_mixin.py:151} INFO - [2023-10-18T14:54:33.816+0000] {dag.py:3722} INFO - Setting next_dagrun for example_setup_teardown to 2023-10-17T14:54:33.815832+00:00, run_after=2023-10-18T14:54:33.815832+00:00
[2023-10-18T14:54:33.873+0000] {processor.py:179} INFO - Processing /home/airflow/.local/lib/python3.8/site-packages/airflow/example_dags/example_setup_teardown.py took 0.113 seconds
[2023-10-18T14:55:04.295+0000] {processor.py:157} INFO - Started process (PID=168) to work on /home/airflow/.local/lib/python3.8/site-packages/airflow/example_dags/example_setup_teardown.py
[2023-10-18T14:55:04.298+0000] {processor.py:829} INFO - Processing file /home/airflow/.local/lib/python3.8/site-packages/airflow/example_dags/example_setup_teardown.py for tasks to queue
[2023-10-18T14:55:04.301+0000] {logging_mixin.py:151} INFO - [2023-10-18T14:55:04.301+0000] {dagbag.py:536} INFO - Filling up the DagBag from /home/airflow/.local/lib/python3.8/site-packages/airflow/example_dags/example_setup_teardown.py
[2023-10-18T14:55:04.309+0000] {processor.py:839} INFO - DAG(s) dict_keys(['example_setup_teardown']) retrieved from /home/airflow/.local/lib/python3.8/site-packages/airflow/example_dags/example_setup_teardown.py
[2023-10-18T14:55:04.334+0000] {logging_mixin.py:151} INFO - [2023-10-18T14:55:04.334+0000] {dag.py:2941} INFO - Sync 1 DAGs
[2023-10-18T14:55:04.351+0000] {logging_mixin.py:151} INFO - [2023-10-18T14:55:04.351+0000] {dag.py:3722} INFO - Setting next_dagrun for example_setup_teardown to 2023-10-17T14:55:04.351222+00:00, run_after=2023-10-18T14:55:04.351222+00:00
[2023-10-18T14:55:04.367+0000] {processor.py:179} INFO - Processing /home/airflow/.local/lib/python3.8/site-packages/airflow/example_dags/example_setup_teardown.py took 0.074 seconds
[2023-10-18T14:55:34.840+0000] {processor.py:157} INFO - Started process (PID=222) to work on /home/airflow/.local/lib/python3.8/site-packages/airflow/example_dags/example_setup_teardown.py
[2023-10-18T14:55:34.842+0000] {processor.py:829} INFO - Processing file /home/airflow/.local/lib/python3.8/site-packages/airflow/example_dags/example_setup_teardown.py for tasks to queue
[2023-10-18T14:55:34.847+0000] {logging_mixin.py:151} INFO - [2023-10-18T14:55:34.846+0000] {dagbag.py:536} INFO - Filling up the DagBag from /home/airflow/.local/lib/python3.8/site-packages/airflow/example_dags/example_setup_teardown.py
[2023-10-18T14:55:34.900+0000] {processor.py:839} INFO - DAG(s) dict_keys(['example_setup_teardown']) retrieved from /home/airflow/.local/lib/python3.8/site-packages/airflow/example_dags/example_setup_teardown.py
[2023-10-18T14:55:34.974+0000] {logging_mixin.py:151} INFO - [2023-10-18T14:55:34.974+0000] {dag.py:2941} INFO - Sync 1 DAGs
[2023-10-18T14:55:35.024+0000] {logging_mixin.py:151} INFO - [2023-10-18T14:55:35.024+0000] {dag.py:3722} INFO - Setting next_dagrun for example_setup_teardown to 2023-10-17T14:55:35.024148+00:00, run_after=2023-10-18T14:55:35.024148+00:00
[2023-10-18T14:55:35.059+0000] {processor.py:179} INFO - Processing /home/airflow/.local/lib/python3.8/site-packages/airflow/example_dags/example_setup_teardown.py took 0.223 seconds
[2023-10-18T14:56:05.688+0000] {processor.py:157} INFO - Started process (PID=276) to work on /home/airflow/.local/lib/python3.8/site-packages/airflow/example_dags/example_setup_teardown.py
[2023-10-18T14:56:05.692+0000] {processor.py:829} INFO - Processing file /home/airflow/.local/lib/python3.8/site-packages/airflow/example_dags/example_setup_teardown.py for tasks to queue
[2023-10-18T14:56:05.696+0000] {logging_mixin.py:151} INFO - [2023-10-18T14:56:05.696+0000] {dagbag.py:536} INFO - Filling up the DagBag from /home/airflow/.local/lib/python3.8/site-packages/airflow/example_dags/example_setup_teardown.py
[2023-10-18T14:56:05.707+0000] {processor.py:839} INFO - DAG(s) dict_keys(['example_setup_teardown']) retrieved from /home/airflow/.local/lib/python3.8/site-packages/airflow/example_dags/example_setup_teardown.py
[2023-10-18T14:56:05.742+0000] {logging_mixin.py:151} INFO - [2023-10-18T14:56:05.742+0000] {dag.py:2941} INFO - Sync 1 DAGs
[2023-10-18T14:56:05.760+0000] {logging_mixin.py:151} INFO - [2023-10-18T14:56:05.760+0000] {dag.py:3722} INFO - Setting next_dagrun for example_setup_teardown to 2023-10-17T14:56:05.760335+00:00, run_after=2023-10-18T14:56:05.760335+00:00
[2023-10-18T14:56:05.776+0000] {processor.py:179} INFO - Processing /home/airflow/.local/lib/python3.8/site-packages/airflow/example_dags/example_setup_teardown.py took 0.092 seconds
