[2023-10-18T14:53:58.725+0000] {processor.py:157} INFO - Started process (PID=32) to work on /home/airflow/.local/lib/python3.8/site-packages/airflow/example_dags/example_branch_python_dop_operator_3.py
[2023-10-18T14:53:58.728+0000] {processor.py:829} INFO - Processing file /home/airflow/.local/lib/python3.8/site-packages/airflow/example_dags/example_branch_python_dop_operator_3.py for tasks to queue
[2023-10-18T14:53:58.736+0000] {logging_mixin.py:151} INFO - [2023-10-18T14:53:58.735+0000] {dagbag.py:536} INFO - Filling up the DagBag from /home/airflow/.local/lib/python3.8/site-packages/airflow/example_dags/example_branch_python_dop_operator_3.py
[2023-10-18T14:53:58.753+0000] {processor.py:839} INFO - DAG(s) dict_keys(['example_branch_dop_operator_v3']) retrieved from /home/airflow/.local/lib/python3.8/site-packages/airflow/example_dags/example_branch_python_dop_operator_3.py
[2023-10-18T14:53:58.771+0000] {logging_mixin.py:151} INFO - [2023-10-18T14:53:58.770+0000] {dag.py:2941} INFO - Sync 1 DAGs
[2023-10-18T14:53:58.802+0000] {logging_mixin.py:151} INFO - [2023-10-18T14:53:58.802+0000] {dag.py:3722} INFO - Setting next_dagrun for example_branch_dop_operator_v3 to 2023-10-18T14:52:00+00:00, run_after=2023-10-18T14:53:00+00:00
[2023-10-18T14:53:58.830+0000] {processor.py:179} INFO - Processing /home/airflow/.local/lib/python3.8/site-packages/airflow/example_dags/example_branch_python_dop_operator_3.py took 0.111 seconds
[2023-10-18T14:54:29.241+0000] {processor.py:157} INFO - Started process (PID=86) to work on /home/airflow/.local/lib/python3.8/site-packages/airflow/example_dags/example_branch_python_dop_operator_3.py
[2023-10-18T14:54:29.244+0000] {processor.py:829} INFO - Processing file /home/airflow/.local/lib/python3.8/site-packages/airflow/example_dags/example_branch_python_dop_operator_3.py for tasks to queue
[2023-10-18T14:54:29.247+0000] {logging_mixin.py:151} INFO - [2023-10-18T14:54:29.247+0000] {dagbag.py:536} INFO - Filling up the DagBag from /home/airflow/.local/lib/python3.8/site-packages/airflow/example_dags/example_branch_python_dop_operator_3.py
[2023-10-18T14:54:29.255+0000] {processor.py:839} INFO - DAG(s) dict_keys(['example_branch_dop_operator_v3']) retrieved from /home/airflow/.local/lib/python3.8/site-packages/airflow/example_dags/example_branch_python_dop_operator_3.py
[2023-10-18T14:54:29.278+0000] {logging_mixin.py:151} INFO - [2023-10-18T14:54:29.278+0000] {dag.py:2941} INFO - Sync 1 DAGs
[2023-10-18T14:54:29.299+0000] {logging_mixin.py:151} INFO - [2023-10-18T14:54:29.299+0000] {dag.py:3722} INFO - Setting next_dagrun for example_branch_dop_operator_v3 to 2023-10-18T14:53:00+00:00, run_after=2023-10-18T14:54:00+00:00
[2023-10-18T14:54:29.321+0000] {processor.py:179} INFO - Processing /home/airflow/.local/lib/python3.8/site-packages/airflow/example_dags/example_branch_python_dop_operator_3.py took 0.083 seconds
[2023-10-18T14:54:59.532+0000] {processor.py:157} INFO - Started process (PID=140) to work on /home/airflow/.local/lib/python3.8/site-packages/airflow/example_dags/example_branch_python_dop_operator_3.py
[2023-10-18T14:54:59.534+0000] {processor.py:829} INFO - Processing file /home/airflow/.local/lib/python3.8/site-packages/airflow/example_dags/example_branch_python_dop_operator_3.py for tasks to queue
[2023-10-18T14:54:59.537+0000] {logging_mixin.py:151} INFO - [2023-10-18T14:54:59.537+0000] {dagbag.py:536} INFO - Filling up the DagBag from /home/airflow/.local/lib/python3.8/site-packages/airflow/example_dags/example_branch_python_dop_operator_3.py
[2023-10-18T14:54:59.545+0000] {processor.py:839} INFO - DAG(s) dict_keys(['example_branch_dop_operator_v3']) retrieved from /home/airflow/.local/lib/python3.8/site-packages/airflow/example_dags/example_branch_python_dop_operator_3.py
[2023-10-18T14:54:59.565+0000] {logging_mixin.py:151} INFO - [2023-10-18T14:54:59.565+0000] {dag.py:2941} INFO - Sync 1 DAGs
[2023-10-18T14:54:59.582+0000] {logging_mixin.py:151} INFO - [2023-10-18T14:54:59.582+0000] {dag.py:3722} INFO - Setting next_dagrun for example_branch_dop_operator_v3 to 2023-10-18T14:53:00+00:00, run_after=2023-10-18T14:54:00+00:00
[2023-10-18T14:54:59.596+0000] {processor.py:179} INFO - Processing /home/airflow/.local/lib/python3.8/site-packages/airflow/example_dags/example_branch_python_dop_operator_3.py took 0.067 seconds
[2023-10-18T14:55:29.942+0000] {processor.py:157} INFO - Started process (PID=194) to work on /home/airflow/.local/lib/python3.8/site-packages/airflow/example_dags/example_branch_python_dop_operator_3.py
[2023-10-18T14:55:29.944+0000] {processor.py:829} INFO - Processing file /home/airflow/.local/lib/python3.8/site-packages/airflow/example_dags/example_branch_python_dop_operator_3.py for tasks to queue
[2023-10-18T14:55:29.947+0000] {logging_mixin.py:151} INFO - [2023-10-18T14:55:29.947+0000] {dagbag.py:536} INFO - Filling up the DagBag from /home/airflow/.local/lib/python3.8/site-packages/airflow/example_dags/example_branch_python_dop_operator_3.py
[2023-10-18T14:55:29.956+0000] {processor.py:839} INFO - DAG(s) dict_keys(['example_branch_dop_operator_v3']) retrieved from /home/airflow/.local/lib/python3.8/site-packages/airflow/example_dags/example_branch_python_dop_operator_3.py
[2023-10-18T14:55:29.979+0000] {logging_mixin.py:151} INFO - [2023-10-18T14:55:29.979+0000] {dag.py:2941} INFO - Sync 1 DAGs
[2023-10-18T14:55:30.004+0000] {logging_mixin.py:151} INFO - [2023-10-18T14:55:30.004+0000] {dag.py:3722} INFO - Setting next_dagrun for example_branch_dop_operator_v3 to 2023-10-18T14:54:00+00:00, run_after=2023-10-18T14:55:00+00:00
[2023-10-18T14:55:30.018+0000] {processor.py:179} INFO - Processing /home/airflow/.local/lib/python3.8/site-packages/airflow/example_dags/example_branch_python_dop_operator_3.py took 0.079 seconds
[2023-10-18T14:56:00.651+0000] {processor.py:157} INFO - Started process (PID=248) to work on /home/airflow/.local/lib/python3.8/site-packages/airflow/example_dags/example_branch_python_dop_operator_3.py
[2023-10-18T14:56:00.654+0000] {processor.py:829} INFO - Processing file /home/airflow/.local/lib/python3.8/site-packages/airflow/example_dags/example_branch_python_dop_operator_3.py for tasks to queue
[2023-10-18T14:56:00.657+0000] {logging_mixin.py:151} INFO - [2023-10-18T14:56:00.657+0000] {dagbag.py:536} INFO - Filling up the DagBag from /home/airflow/.local/lib/python3.8/site-packages/airflow/example_dags/example_branch_python_dop_operator_3.py
[2023-10-18T14:56:00.669+0000] {processor.py:839} INFO - DAG(s) dict_keys(['example_branch_dop_operator_v3']) retrieved from /home/airflow/.local/lib/python3.8/site-packages/airflow/example_dags/example_branch_python_dop_operator_3.py
[2023-10-18T14:56:00.703+0000] {logging_mixin.py:151} INFO - [2023-10-18T14:56:00.703+0000] {dag.py:2941} INFO - Sync 1 DAGs
[2023-10-18T14:56:00.726+0000] {logging_mixin.py:151} INFO - [2023-10-18T14:56:00.726+0000] {dag.py:3722} INFO - Setting next_dagrun for example_branch_dop_operator_v3 to 2023-10-18T14:55:00+00:00, run_after=2023-10-18T14:56:00+00:00
[2023-10-18T14:56:00.741+0000] {processor.py:179} INFO - Processing /home/airflow/.local/lib/python3.8/site-packages/airflow/example_dags/example_branch_python_dop_operator_3.py took 0.094 seconds
