[2023-10-18T14:53:58.475+0000] {processor.py:157} INFO - Started process (PID=31) to work on /home/airflow/.local/lib/python3.8/site-packages/airflow/example_dags/example_skip_dag.py
[2023-10-18T14:53:58.478+0000] {processor.py:829} INFO - Processing file /home/airflow/.local/lib/python3.8/site-packages/airflow/example_dags/example_skip_dag.py for tasks to queue
[2023-10-18T14:53:58.488+0000] {logging_mixin.py:151} INFO - [2023-10-18T14:53:58.487+0000] {dagbag.py:536} INFO - Filling up the DagBag from /home/airflow/.local/lib/python3.8/site-packages/airflow/example_dags/example_skip_dag.py
[2023-10-18T14:53:58.503+0000] {processor.py:839} INFO - DAG(s) dict_keys(['example_skip_dag']) retrieved from /home/airflow/.local/lib/python3.8/site-packages/airflow/example_dags/example_skip_dag.py
[2023-10-18T14:53:58.554+0000] {logging_mixin.py:151} INFO - [2023-10-18T14:53:58.554+0000] {dag.py:2941} INFO - Sync 1 DAGs
[2023-10-18T14:53:58.594+0000] {logging_mixin.py:151} INFO - [2023-10-18T14:53:58.594+0000] {dag.py:3722} INFO - Setting next_dagrun for example_skip_dag to 2023-10-17T14:53:58.593761+00:00, run_after=2023-10-18T14:53:58.593761+00:00
[2023-10-18T14:53:58.615+0000] {processor.py:179} INFO - Processing /home/airflow/.local/lib/python3.8/site-packages/airflow/example_dags/example_skip_dag.py took 0.150 seconds
[2023-10-18T14:54:29.030+0000] {processor.py:157} INFO - Started process (PID=85) to work on /home/airflow/.local/lib/python3.8/site-packages/airflow/example_dags/example_skip_dag.py
[2023-10-18T14:54:29.034+0000] {processor.py:829} INFO - Processing file /home/airflow/.local/lib/python3.8/site-packages/airflow/example_dags/example_skip_dag.py for tasks to queue
[2023-10-18T14:54:29.042+0000] {logging_mixin.py:151} INFO - [2023-10-18T14:54:29.041+0000] {dagbag.py:536} INFO - Filling up the DagBag from /home/airflow/.local/lib/python3.8/site-packages/airflow/example_dags/example_skip_dag.py
[2023-10-18T14:54:29.072+0000] {processor.py:839} INFO - DAG(s) dict_keys(['example_skip_dag']) retrieved from /home/airflow/.local/lib/python3.8/site-packages/airflow/example_dags/example_skip_dag.py
[2023-10-18T14:54:29.147+0000] {logging_mixin.py:151} INFO - [2023-10-18T14:54:29.147+0000] {dag.py:2941} INFO - Sync 1 DAGs
[2023-10-18T14:54:29.176+0000] {logging_mixin.py:151} INFO - [2023-10-18T14:54:29.176+0000] {dag.py:3722} INFO - Setting next_dagrun for example_skip_dag to 2023-10-17T14:54:29.175624+00:00, run_after=2023-10-18T14:54:29.175624+00:00
[2023-10-18T14:54:29.197+0000] {processor.py:179} INFO - Processing /home/airflow/.local/lib/python3.8/site-packages/airflow/example_dags/example_skip_dag.py took 0.184 seconds
[2023-10-18T14:54:59.399+0000] {processor.py:157} INFO - Started process (PID=139) to work on /home/airflow/.local/lib/python3.8/site-packages/airflow/example_dags/example_skip_dag.py
[2023-10-18T14:54:59.402+0000] {processor.py:829} INFO - Processing file /home/airflow/.local/lib/python3.8/site-packages/airflow/example_dags/example_skip_dag.py for tasks to queue
[2023-10-18T14:54:59.407+0000] {logging_mixin.py:151} INFO - [2023-10-18T14:54:59.407+0000] {dagbag.py:536} INFO - Filling up the DagBag from /home/airflow/.local/lib/python3.8/site-packages/airflow/example_dags/example_skip_dag.py
[2023-10-18T14:54:59.421+0000] {processor.py:839} INFO - DAG(s) dict_keys(['example_skip_dag']) retrieved from /home/airflow/.local/lib/python3.8/site-packages/airflow/example_dags/example_skip_dag.py
[2023-10-18T14:54:59.456+0000] {logging_mixin.py:151} INFO - [2023-10-18T14:54:59.456+0000] {dag.py:2941} INFO - Sync 1 DAGs
[2023-10-18T14:54:59.478+0000] {logging_mixin.py:151} INFO - [2023-10-18T14:54:59.478+0000] {dag.py:3722} INFO - Setting next_dagrun for example_skip_dag to 2023-10-17T14:54:59.478322+00:00, run_after=2023-10-18T14:54:59.478322+00:00
[2023-10-18T14:54:59.497+0000] {processor.py:179} INFO - Processing /home/airflow/.local/lib/python3.8/site-packages/airflow/example_dags/example_skip_dag.py took 0.106 seconds
[2023-10-18T14:55:29.733+0000] {processor.py:157} INFO - Started process (PID=193) to work on /home/airflow/.local/lib/python3.8/site-packages/airflow/example_dags/example_skip_dag.py
[2023-10-18T14:55:29.741+0000] {processor.py:829} INFO - Processing file /home/airflow/.local/lib/python3.8/site-packages/airflow/example_dags/example_skip_dag.py for tasks to queue
[2023-10-18T14:55:29.755+0000] {logging_mixin.py:151} INFO - [2023-10-18T14:55:29.753+0000] {dagbag.py:536} INFO - Filling up the DagBag from /home/airflow/.local/lib/python3.8/site-packages/airflow/example_dags/example_skip_dag.py
[2023-10-18T14:55:29.774+0000] {processor.py:839} INFO - DAG(s) dict_keys(['example_skip_dag']) retrieved from /home/airflow/.local/lib/python3.8/site-packages/airflow/example_dags/example_skip_dag.py
[2023-10-18T14:55:29.851+0000] {logging_mixin.py:151} INFO - [2023-10-18T14:55:29.850+0000] {dag.py:2941} INFO - Sync 1 DAGs
[2023-10-18T14:55:29.884+0000] {logging_mixin.py:151} INFO - [2023-10-18T14:55:29.884+0000] {dag.py:3722} INFO - Setting next_dagrun for example_skip_dag to 2023-10-17T14:55:29.883492+00:00, run_after=2023-10-18T14:55:29.883492+00:00
[2023-10-18T14:55:29.906+0000] {processor.py:179} INFO - Processing /home/airflow/.local/lib/python3.8/site-packages/airflow/example_dags/example_skip_dag.py took 0.182 seconds
[2023-10-18T14:56:00.427+0000] {processor.py:157} INFO - Started process (PID=247) to work on /home/airflow/.local/lib/python3.8/site-packages/airflow/example_dags/example_skip_dag.py
[2023-10-18T14:56:00.437+0000] {processor.py:829} INFO - Processing file /home/airflow/.local/lib/python3.8/site-packages/airflow/example_dags/example_skip_dag.py for tasks to queue
[2023-10-18T14:56:00.442+0000] {logging_mixin.py:151} INFO - [2023-10-18T14:56:00.442+0000] {dagbag.py:536} INFO - Filling up the DagBag from /home/airflow/.local/lib/python3.8/site-packages/airflow/example_dags/example_skip_dag.py
[2023-10-18T14:56:00.459+0000] {processor.py:839} INFO - DAG(s) dict_keys(['example_skip_dag']) retrieved from /home/airflow/.local/lib/python3.8/site-packages/airflow/example_dags/example_skip_dag.py
[2023-10-18T14:56:00.545+0000] {logging_mixin.py:151} INFO - [2023-10-18T14:56:00.545+0000] {dag.py:2941} INFO - Sync 1 DAGs
[2023-10-18T14:56:00.580+0000] {logging_mixin.py:151} INFO - [2023-10-18T14:56:00.579+0000] {dag.py:3722} INFO - Setting next_dagrun for example_skip_dag to 2023-10-17T14:56:00.579500+00:00, run_after=2023-10-18T14:56:00.579500+00:00
[2023-10-18T14:56:00.599+0000] {processor.py:179} INFO - Processing /home/airflow/.local/lib/python3.8/site-packages/airflow/example_dags/example_skip_dag.py took 0.188 seconds
[2023-10-18T14:56:30.811+0000] {processor.py:157} INFO - Started process (PID=301) to work on /home/airflow/.local/lib/python3.8/site-packages/airflow/example_dags/example_skip_dag.py
[2023-10-18T14:56:30.816+0000] {processor.py:829} INFO - Processing file /home/airflow/.local/lib/python3.8/site-packages/airflow/example_dags/example_skip_dag.py for tasks to queue
[2023-10-18T14:56:30.830+0000] {logging_mixin.py:151} INFO - [2023-10-18T14:56:30.830+0000] {dagbag.py:536} INFO - Filling up the DagBag from /home/airflow/.local/lib/python3.8/site-packages/airflow/example_dags/example_skip_dag.py
[2023-10-18T14:56:30.854+0000] {processor.py:839} INFO - DAG(s) dict_keys(['example_skip_dag']) retrieved from /home/airflow/.local/lib/python3.8/site-packages/airflow/example_dags/example_skip_dag.py
[2023-10-18T14:56:30.911+0000] {logging_mixin.py:151} INFO - [2023-10-18T14:56:30.911+0000] {dag.py:2941} INFO - Sync 1 DAGs
