[2023-10-18T14:54:00.218+0000] {processor.py:157} INFO - Started process (PID=44) to work on /home/airflow/.local/lib/python3.8/site-packages/airflow/example_dags/tutorial.py
[2023-10-18T14:54:00.223+0000] {processor.py:829} INFO - Processing file /home/airflow/.local/lib/python3.8/site-packages/airflow/example_dags/tutorial.py for tasks to queue
[2023-10-18T14:54:00.239+0000] {logging_mixin.py:151} INFO - [2023-10-18T14:54:00.237+0000] {dagbag.py:536} INFO - Filling up the DagBag from /home/airflow/.local/lib/python3.8/site-packages/airflow/example_dags/tutorial.py
[2023-10-18T14:54:00.275+0000] {processor.py:839} INFO - DAG(s) dict_keys(['tutorial']) retrieved from /home/airflow/.local/lib/python3.8/site-packages/airflow/example_dags/tutorial.py
[2023-10-18T14:54:00.345+0000] {logging_mixin.py:151} INFO - [2023-10-18T14:54:00.345+0000] {dag.py:2941} INFO - Sync 1 DAGs
[2023-10-18T14:54:00.408+0000] {logging_mixin.py:151} INFO - [2023-10-18T14:54:00.408+0000] {dag.py:3722} INFO - Setting next_dagrun for tutorial to 2023-10-17T14:54:00.407556+00:00, run_after=2023-10-18T14:54:00.407556+00:00
[2023-10-18T14:54:00.476+0000] {processor.py:179} INFO - Processing /home/airflow/.local/lib/python3.8/site-packages/airflow/example_dags/tutorial.py took 0.273 seconds
[2023-10-18T14:54:30.535+0000] {processor.py:157} INFO - Started process (PID=98) to work on /home/airflow/.local/lib/python3.8/site-packages/airflow/example_dags/tutorial.py
[2023-10-18T14:54:30.537+0000] {processor.py:829} INFO - Processing file /home/airflow/.local/lib/python3.8/site-packages/airflow/example_dags/tutorial.py for tasks to queue
[2023-10-18T14:54:30.539+0000] {logging_mixin.py:151} INFO - [2023-10-18T14:54:30.539+0000] {dagbag.py:536} INFO - Filling up the DagBag from /home/airflow/.local/lib/python3.8/site-packages/airflow/example_dags/tutorial.py
[2023-10-18T14:54:30.545+0000] {processor.py:839} INFO - DAG(s) dict_keys(['tutorial']) retrieved from /home/airflow/.local/lib/python3.8/site-packages/airflow/example_dags/tutorial.py
[2023-10-18T14:54:30.567+0000] {logging_mixin.py:151} INFO - [2023-10-18T14:54:30.567+0000] {dag.py:2941} INFO - Sync 1 DAGs
[2023-10-18T14:54:30.584+0000] {logging_mixin.py:151} INFO - [2023-10-18T14:54:30.583+0000] {dag.py:3722} INFO - Setting next_dagrun for tutorial to 2023-10-17T14:54:30.583707+00:00, run_after=2023-10-18T14:54:30.583707+00:00
[2023-10-18T14:54:30.600+0000] {processor.py:179} INFO - Processing /home/airflow/.local/lib/python3.8/site-packages/airflow/example_dags/tutorial.py took 0.068 seconds
[2023-10-18T14:55:01.263+0000] {processor.py:157} INFO - Started process (PID=152) to work on /home/airflow/.local/lib/python3.8/site-packages/airflow/example_dags/tutorial.py
[2023-10-18T14:55:01.265+0000] {processor.py:829} INFO - Processing file /home/airflow/.local/lib/python3.8/site-packages/airflow/example_dags/tutorial.py for tasks to queue
[2023-10-18T14:55:01.268+0000] {logging_mixin.py:151} INFO - [2023-10-18T14:55:01.268+0000] {dagbag.py:536} INFO - Filling up the DagBag from /home/airflow/.local/lib/python3.8/site-packages/airflow/example_dags/tutorial.py
[2023-10-18T14:55:01.274+0000] {processor.py:839} INFO - DAG(s) dict_keys(['tutorial']) retrieved from /home/airflow/.local/lib/python3.8/site-packages/airflow/example_dags/tutorial.py
[2023-10-18T14:55:01.296+0000] {logging_mixin.py:151} INFO - [2023-10-18T14:55:01.296+0000] {dag.py:2941} INFO - Sync 1 DAGs
[2023-10-18T14:55:01.313+0000] {logging_mixin.py:151} INFO - [2023-10-18T14:55:01.313+0000] {dag.py:3722} INFO - Setting next_dagrun for tutorial to 2023-10-17T14:55:01.313046+00:00, run_after=2023-10-18T14:55:01.313046+00:00
[2023-10-18T14:55:01.340+0000] {processor.py:179} INFO - Processing /home/airflow/.local/lib/python3.8/site-packages/airflow/example_dags/tutorial.py took 0.080 seconds
[2023-10-18T14:55:31.756+0000] {processor.py:157} INFO - Started process (PID=206) to work on /home/airflow/.local/lib/python3.8/site-packages/airflow/example_dags/tutorial.py
[2023-10-18T14:55:31.758+0000] {processor.py:829} INFO - Processing file /home/airflow/.local/lib/python3.8/site-packages/airflow/example_dags/tutorial.py for tasks to queue
[2023-10-18T14:55:31.762+0000] {logging_mixin.py:151} INFO - [2023-10-18T14:55:31.762+0000] {dagbag.py:536} INFO - Filling up the DagBag from /home/airflow/.local/lib/python3.8/site-packages/airflow/example_dags/tutorial.py
[2023-10-18T14:55:31.769+0000] {processor.py:839} INFO - DAG(s) dict_keys(['tutorial']) retrieved from /home/airflow/.local/lib/python3.8/site-packages/airflow/example_dags/tutorial.py
[2023-10-18T14:55:31.790+0000] {logging_mixin.py:151} INFO - [2023-10-18T14:55:31.790+0000] {dag.py:2941} INFO - Sync 1 DAGs
[2023-10-18T14:55:31.806+0000] {logging_mixin.py:151} INFO - [2023-10-18T14:55:31.806+0000] {dag.py:3722} INFO - Setting next_dagrun for tutorial to 2023-10-17T14:55:31.806345+00:00, run_after=2023-10-18T14:55:31.806345+00:00
[2023-10-18T14:55:31.827+0000] {processor.py:179} INFO - Processing /home/airflow/.local/lib/python3.8/site-packages/airflow/example_dags/tutorial.py took 0.074 seconds
[2023-10-18T14:56:03.357+0000] {processor.py:157} INFO - Started process (PID=260) to work on /home/airflow/.local/lib/python3.8/site-packages/airflow/example_dags/tutorial.py
[2023-10-18T14:56:03.375+0000] {processor.py:829} INFO - Processing file /home/airflow/.local/lib/python3.8/site-packages/airflow/example_dags/tutorial.py for tasks to queue
[2023-10-18T14:56:03.383+0000] {logging_mixin.py:151} INFO - [2023-10-18T14:56:03.382+0000] {dagbag.py:536} INFO - Filling up the DagBag from /home/airflow/.local/lib/python3.8/site-packages/airflow/example_dags/tutorial.py
[2023-10-18T14:56:03.405+0000] {processor.py:839} INFO - DAG(s) dict_keys(['tutorial']) retrieved from /home/airflow/.local/lib/python3.8/site-packages/airflow/example_dags/tutorial.py
[2023-10-18T14:56:03.451+0000] {logging_mixin.py:151} INFO - [2023-10-18T14:56:03.451+0000] {dag.py:2941} INFO - Sync 1 DAGs
[2023-10-18T14:56:03.475+0000] {logging_mixin.py:151} INFO - [2023-10-18T14:56:03.475+0000] {dag.py:3722} INFO - Setting next_dagrun for tutorial to 2023-10-17T14:56:03.474033+00:00, run_after=2023-10-18T14:56:03.474033+00:00
[2023-10-18T14:56:03.496+0000] {processor.py:179} INFO - Processing /home/airflow/.local/lib/python3.8/site-packages/airflow/example_dags/tutorial.py took 0.333 seconds
