[2023-10-18T14:53:59.226+0000] {processor.py:157} INFO - Started process (PID=38) to work on /home/airflow/.local/lib/python3.8/site-packages/airflow/example_dags/tutorial_dag.py
[2023-10-18T14:53:59.228+0000] {processor.py:829} INFO - Processing file /home/airflow/.local/lib/python3.8/site-packages/airflow/example_dags/tutorial_dag.py for tasks to queue
[2023-10-18T14:53:59.232+0000] {logging_mixin.py:151} INFO - [2023-10-18T14:53:59.231+0000] {dagbag.py:536} INFO - Filling up the DagBag from /home/airflow/.local/lib/python3.8/site-packages/airflow/example_dags/tutorial_dag.py
[2023-10-18T14:53:59.246+0000] {processor.py:839} INFO - DAG(s) dict_keys(['tutorial_dag']) retrieved from /home/airflow/.local/lib/python3.8/site-packages/airflow/example_dags/tutorial_dag.py
[2023-10-18T14:53:59.299+0000] {logging_mixin.py:151} INFO - [2023-10-18T14:53:59.298+0000] {dag.py:2941} INFO - Sync 1 DAGs
[2023-10-18T14:53:59.341+0000] {logging_mixin.py:151} INFO - [2023-10-18T14:53:59.340+0000] {dag.py:3722} INFO - Setting next_dagrun for tutorial_dag to None, run_after=None
[2023-10-18T14:53:59.413+0000] {processor.py:179} INFO - Processing /home/airflow/.local/lib/python3.8/site-packages/airflow/example_dags/tutorial_dag.py took 0.191 seconds
[2023-10-18T14:54:29.870+0000] {processor.py:157} INFO - Started process (PID=92) to work on /home/airflow/.local/lib/python3.8/site-packages/airflow/example_dags/tutorial_dag.py
[2023-10-18T14:54:29.872+0000] {processor.py:829} INFO - Processing file /home/airflow/.local/lib/python3.8/site-packages/airflow/example_dags/tutorial_dag.py for tasks to queue
[2023-10-18T14:54:29.877+0000] {logging_mixin.py:151} INFO - [2023-10-18T14:54:29.876+0000] {dagbag.py:536} INFO - Filling up the DagBag from /home/airflow/.local/lib/python3.8/site-packages/airflow/example_dags/tutorial_dag.py
[2023-10-18T14:54:29.884+0000] {processor.py:839} INFO - DAG(s) dict_keys(['tutorial_dag']) retrieved from /home/airflow/.local/lib/python3.8/site-packages/airflow/example_dags/tutorial_dag.py
[2023-10-18T14:54:29.905+0000] {logging_mixin.py:151} INFO - [2023-10-18T14:54:29.905+0000] {dag.py:2941} INFO - Sync 1 DAGs
[2023-10-18T14:54:29.924+0000] {logging_mixin.py:151} INFO - [2023-10-18T14:54:29.923+0000] {dag.py:3722} INFO - Setting next_dagrun for tutorial_dag to None, run_after=None
[2023-10-18T14:54:29.938+0000] {processor.py:179} INFO - Processing /home/airflow/.local/lib/python3.8/site-packages/airflow/example_dags/tutorial_dag.py took 0.072 seconds
[2023-10-18T14:54:59.980+0000] {processor.py:157} INFO - Started process (PID=146) to work on /home/airflow/.local/lib/python3.8/site-packages/airflow/example_dags/tutorial_dag.py
[2023-10-18T14:54:59.982+0000] {processor.py:829} INFO - Processing file /home/airflow/.local/lib/python3.8/site-packages/airflow/example_dags/tutorial_dag.py for tasks to queue
[2023-10-18T14:54:59.985+0000] {logging_mixin.py:151} INFO - [2023-10-18T14:54:59.985+0000] {dagbag.py:536} INFO - Filling up the DagBag from /home/airflow/.local/lib/python3.8/site-packages/airflow/example_dags/tutorial_dag.py
[2023-10-18T14:54:59.991+0000] {processor.py:839} INFO - DAG(s) dict_keys(['tutorial_dag']) retrieved from /home/airflow/.local/lib/python3.8/site-packages/airflow/example_dags/tutorial_dag.py
[2023-10-18T14:55:00.014+0000] {logging_mixin.py:151} INFO - [2023-10-18T14:55:00.014+0000] {dag.py:2941} INFO - Sync 1 DAGs
[2023-10-18T14:55:00.030+0000] {logging_mixin.py:151} INFO - [2023-10-18T14:55:00.030+0000] {dag.py:3722} INFO - Setting next_dagrun for tutorial_dag to None, run_after=None
[2023-10-18T14:55:00.045+0000] {processor.py:179} INFO - Processing /home/airflow/.local/lib/python3.8/site-packages/airflow/example_dags/tutorial_dag.py took 0.069 seconds
[2023-10-18T14:55:30.444+0000] {processor.py:157} INFO - Started process (PID=200) to work on /home/airflow/.local/lib/python3.8/site-packages/airflow/example_dags/tutorial_dag.py
[2023-10-18T14:55:30.450+0000] {processor.py:829} INFO - Processing file /home/airflow/.local/lib/python3.8/site-packages/airflow/example_dags/tutorial_dag.py for tasks to queue
[2023-10-18T14:55:30.457+0000] {logging_mixin.py:151} INFO - [2023-10-18T14:55:30.457+0000] {dagbag.py:536} INFO - Filling up the DagBag from /home/airflow/.local/lib/python3.8/site-packages/airflow/example_dags/tutorial_dag.py
[2023-10-18T14:55:30.464+0000] {processor.py:839} INFO - DAG(s) dict_keys(['tutorial_dag']) retrieved from /home/airflow/.local/lib/python3.8/site-packages/airflow/example_dags/tutorial_dag.py
[2023-10-18T14:55:30.488+0000] {logging_mixin.py:151} INFO - [2023-10-18T14:55:30.488+0000] {dag.py:2941} INFO - Sync 1 DAGs
[2023-10-18T14:55:30.499+0000] {logging_mixin.py:151} INFO - [2023-10-18T14:55:30.499+0000] {dag.py:3722} INFO - Setting next_dagrun for tutorial_dag to None, run_after=None
[2023-10-18T14:55:30.512+0000] {processor.py:179} INFO - Processing /home/airflow/.local/lib/python3.8/site-packages/airflow/example_dags/tutorial_dag.py took 0.072 seconds
[2023-10-18T14:56:01.211+0000] {processor.py:157} INFO - Started process (PID=254) to work on /home/airflow/.local/lib/python3.8/site-packages/airflow/example_dags/tutorial_dag.py
[2023-10-18T14:56:01.214+0000] {processor.py:829} INFO - Processing file /home/airflow/.local/lib/python3.8/site-packages/airflow/example_dags/tutorial_dag.py for tasks to queue
[2023-10-18T14:56:01.217+0000] {logging_mixin.py:151} INFO - [2023-10-18T14:56:01.217+0000] {dagbag.py:536} INFO - Filling up the DagBag from /home/airflow/.local/lib/python3.8/site-packages/airflow/example_dags/tutorial_dag.py
[2023-10-18T14:56:01.228+0000] {processor.py:839} INFO - DAG(s) dict_keys(['tutorial_dag']) retrieved from /home/airflow/.local/lib/python3.8/site-packages/airflow/example_dags/tutorial_dag.py
[2023-10-18T14:56:01.252+0000] {logging_mixin.py:151} INFO - [2023-10-18T14:56:01.252+0000] {dag.py:2941} INFO - Sync 1 DAGs
[2023-10-18T14:56:01.271+0000] {logging_mixin.py:151} INFO - [2023-10-18T14:56:01.270+0000] {dag.py:3722} INFO - Setting next_dagrun for tutorial_dag to None, run_after=None
[2023-10-18T14:56:01.288+0000] {processor.py:179} INFO - Processing /home/airflow/.local/lib/python3.8/site-packages/airflow/example_dags/tutorial_dag.py took 0.081 seconds
